{"C:\\Users\\propser\\Desktop\\TESTS\\p1003903\\EPICmail\\server\\tests\\inboxtests.js":{"path":"C:\\Users\\propser\\Desktop\\TESTS\\p1003903\\EPICmail\\server\\tests\\inboxtests.js","statementMap":{"0":{"start":{"line":3,"column":12},"end":{"line":3,"column":51}},"1":{"start":{"line":5,"column":16},"end":{"line":5,"column":60}},"2":{"start":{"line":7,"column":14},"end":{"line":7,"column":58}},"3":{"start":{"line":9,"column":39},"end":{"line":9,"column":93}},"4":{"start":{"line":12,"column":0},"end":{"line":12,"column":30}},"5":{"start":{"line":14,"column":13},"end":{"line":14,"column":33}},"6":{"start":{"line":16,"column":0},"end":{"line":16,"column":37}},"7":{"start":{"line":22,"column":0},"end":{"line":44,"column":3}},"8":{"start":{"line":23,"column":2},"end":{"line":29,"column":5}},"9":{"start":{"line":24,"column":4},"end":{"line":28,"column":7}},"10":{"start":{"line":25,"column":6},"end":{"line":25,"column":28}},"11":{"start":{"line":26,"column":6},"end":{"line":26,"column":41}},"12":{"start":{"line":27,"column":6},"end":{"line":27,"column":45}},"13":{"start":{"line":30,"column":2},"end":{"line":36,"column":5}},"14":{"start":{"line":31,"column":4},"end":{"line":35,"column":7}},"15":{"start":{"line":32,"column":6},"end":{"line":32,"column":28}},"16":{"start":{"line":33,"column":6},"end":{"line":33,"column":41}},"17":{"start":{"line":34,"column":6},"end":{"line":34,"column":45}},"18":{"start":{"line":37,"column":2},"end":{"line":43,"column":5}},"19":{"start":{"line":38,"column":4},"end":{"line":42,"column":7}},"20":{"start":{"line":39,"column":6},"end":{"line":39,"column":28}},"21":{"start":{"line":40,"column":6},"end":{"line":40,"column":41}},"22":{"start":{"line":41,"column":6},"end":{"line":41,"column":45}}},"fnMap":{"0":{"name":"_interopRequireDefault","decl":{"start":{"line":9,"column":9},"end":{"line":9,"column":31}},"loc":{"start":{"line":9,"column":37},"end":{"line":9,"column":95}},"line":9},"1":{"name":"(anonymous_1)","decl":{"start":{"line":22,"column":23},"end":{"line":22,"column":24}},"loc":{"start":{"line":22,"column":35},"end":{"line":44,"column":1}},"line":22},"2":{"name":"(anonymous_2)","decl":{"start":{"line":23,"column":35},"end":{"line":23,"column":36}},"loc":{"start":{"line":23,"column":47},"end":{"line":29,"column":3}},"line":23},"3":{"name":"(anonymous_3)","decl":{"start":{"line":24,"column":79},"end":{"line":24,"column":80}},"loc":{"start":{"line":24,"column":99},"end":{"line":28,"column":5}},"line":24},"4":{"name":"(anonymous_4)","decl":{"start":{"line":30,"column":70},"end":{"line":30,"column":71}},"loc":{"start":{"line":30,"column":82},"end":{"line":36,"column":3}},"line":30},"5":{"name":"(anonymous_5)","decl":{"start":{"line":31,"column":72},"end":{"line":31,"column":73}},"loc":{"start":{"line":31,"column":92},"end":{"line":35,"column":5}},"line":31},"6":{"name":"(anonymous_6)","decl":{"start":{"line":37,"column":60},"end":{"line":37,"column":61}},"loc":{"start":{"line":37,"column":72},"end":{"line":43,"column":3}},"line":37},"7":{"name":"(anonymous_7)","decl":{"start":{"line":38,"column":77},"end":{"line":38,"column":78}},"loc":{"start":{"line":38,"column":97},"end":{"line":42,"column":5}},"line":38}},"branchMap":{"0":{"loc":{"start":{"line":9,"column":46},"end":{"line":9,"column":92}},"type":"cond-expr","locations":[{"start":{"line":9,"column":70},"end":{"line":9,"column":73}},{"start":{"line":9,"column":76},"end":{"line":9,"column":92}}],"line":9},"1":{"loc":{"start":{"line":9,"column":46},"end":{"line":9,"column":67}},"type":"binary-expr","locations":[{"start":{"line":9,"column":46},"end":{"line":9,"column":49}},{"start":{"line":9,"column":53},"end":{"line":9,"column":67}}],"line":9}},"s":{"0":1,"1":1,"2":1,"3":3,"4":1,"5":1,"6":1,"7":1,"8":1,"9":1,"10":1,"11":1,"12":1,"13":1,"14":1,"15":1,"16":1,"17":1,"18":1,"19":1,"20":1,"21":1,"22":1},"f":{"0":3,"1":1,"2":1,"3":1,"4":1,"5":1,"6":1,"7":1},"b":{"0":[1,2],"1":[3,3]},"_coverageSchema":"43e27e138ebf9cfc5966b082cf9a028302ed4184","hash":"839d516c6476d23485c1b8c159d295ce2a80ef2b","contentHash":"0373a8879dd7a1f70537847d2380d6cd9d29cc6e2d74675707bdc54afc554046"},"C:\\Users\\propser\\Desktop\\TESTS\\p1003903\\EPICmail\\server\\server.js":{"path":"C:\\Users\\propser\\Desktop\\TESTS\\p1003903\\EPICmail\\server\\server.js","statementMap":{"0":{"start":{"line":3,"column":0},"end":{"line":5,"column":3}},"1":{"start":{"line":6,"column":0},"end":{"line":6,"column":25}},"2":{"start":{"line":8,"column":0},"end":{"line":8,"column":27}},"3":{"start":{"line":10,"column":15},"end":{"line":10,"column":57}},"4":{"start":{"line":12,"column":18},"end":{"line":12,"column":64}},"5":{"start":{"line":14,"column":14},"end":{"line":14,"column":69}},"6":{"start":{"line":16,"column":15},"end":{"line":16,"column":70}},"7":{"start":{"line":18,"column":15},"end":{"line":18,"column":71}},"8":{"start":{"line":20,"column":39},"end":{"line":20,"column":93}},"9":{"start":{"line":22,"column":10},"end":{"line":22,"column":33}},"10":{"start":{"line":23,"column":0},"end":{"line":23,"column":33}},"11":{"start":{"line":24,"column":0},"end":{"line":24,"column":36}},"12":{"start":{"line":26,"column":0},"end":{"line":26,"column":25}},"13":{"start":{"line":27,"column":0},"end":{"line":27,"column":26}},"14":{"start":{"line":28,"column":0},"end":{"line":28,"column":26}},"15":{"start":{"line":30,"column":0},"end":{"line":34,"column":3}},"16":{"start":{"line":31,"column":2},"end":{"line":33,"column":5}},"17":{"start":{"line":36,"column":0},"end":{"line":38,"column":3}},"18":{"start":{"line":37,"column":2},"end":{"line":37,"column":60}},"19":{"start":{"line":39,"column":15},"end":{"line":39,"column":18}},"20":{"start":{"line":40,"column":0},"end":{"line":40,"column":27}}},"fnMap":{"0":{"name":"_interopRequireDefault","decl":{"start":{"line":20,"column":9},"end":{"line":20,"column":31}},"loc":{"start":{"line":20,"column":37},"end":{"line":20,"column":95}},"line":20},"1":{"name":"(anonymous_1)","decl":{"start":{"line":30,"column":13},"end":{"line":30,"column":14}},"loc":{"start":{"line":30,"column":33},"end":{"line":34,"column":1}},"line":30},"2":{"name":"(anonymous_2)","decl":{"start":{"line":36,"column":37},"end":{"line":36,"column":38}},"loc":{"start":{"line":36,"column":49},"end":{"line":38,"column":1}},"line":36}},"branchMap":{"0":{"loc":{"start":{"line":20,"column":46},"end":{"line":20,"column":92}},"type":"cond-expr","locations":[{"start":{"line":20,"column":70},"end":{"line":20,"column":73}},{"start":{"line":20,"column":76},"end":{"line":20,"column":92}}],"line":20},"1":{"loc":{"start":{"line":20,"column":46},"end":{"line":20,"column":67}},"type":"binary-expr","locations":[{"start":{"line":20,"column":46},"end":{"line":20,"column":49}},{"start":{"line":20,"column":53},"end":{"line":20,"column":67}}],"line":20},"2":{"loc":{"start":{"line":36,"column":11},"end":{"line":36,"column":35}},"type":"binary-expr","locations":[{"start":{"line":36,"column":11},"end":{"line":36,"column":27}},{"start":{"line":36,"column":31},"end":{"line":36,"column":35}}],"line":36}},"s":{"0":1,"1":1,"2":1,"3":1,"4":1,"5":1,"6":1,"7":1,"8":5,"9":1,"10":1,"11":1,"12":1,"13":1,"14":1,"15":1,"16":0,"17":1,"18":1,"19":1,"20":1},"f":{"0":5,"1":0,"2":1},"b":{"0":[3,2],"1":[5,5],"2":[1,1]},"_coverageSchema":"43e27e138ebf9cfc5966b082cf9a028302ed4184","hash":"762ff7077ea31fd40d7efc185edccedeba183f90","contentHash":"dc8522fd633d31fafe3decc5e2eebb5f14001c0f9636414ed7820be7dd4f0853"},"C:\\Users\\propser\\Desktop\\TESTS\\p1003903\\EPICmail\\server\\routes\\user\\routes.js":{"path":"C:\\Users\\propser\\Desktop\\TESTS\\p1003903\\EPICmail\\server\\routes\\user\\routes.js","statementMap":{"0":{"start":{"line":3,"column":0},"end":{"line":5,"column":3}},"1":{"start":{"line":6,"column":0},"end":{"line":6,"column":25}},"2":{"start":{"line":8,"column":15},"end":{"line":8,"column":57}},"3":{"start":{"line":10,"column":12},"end":{"line":10,"column":69}},"4":{"start":{"line":12,"column":9},"end":{"line":12,"column":64}},"5":{"start":{"line":14,"column":39},"end":{"line":14,"column":93}},"6":{"start":{"line":16,"column":77},"end":{"line":16,"column":175}},"7":{"start":{"line":16,"column":94},"end":{"line":16,"column":107}},"8":{"start":{"line":16,"column":121},"end":{"line":16,"column":131}},"9":{"start":{"line":16,"column":151},"end":{"line":16,"column":165}},"10":{"start":{"line":16,"column":166},"end":{"line":16,"column":173}},"11":{"start":{"line":16,"column":176},"end":{"line":16,"column":263}},"12":{"start":{"line":16,"column":193},"end":{"line":16,"column":208}},"13":{"start":{"line":16,"column":218},"end":{"line":16,"column":261}},"14":{"start":{"line":18,"column":33},"end":{"line":18,"column":387}},"15":{"start":{"line":18,"column":65},"end":{"line":18,"column":69}},"16":{"start":{"line":18,"column":78},"end":{"line":18,"column":87}},"17":{"start":{"line":18,"column":89},"end":{"line":18,"column":384}},"18":{"start":{"line":18,"column":147},"end":{"line":18,"column":167}},"19":{"start":{"line":18,"column":193},"end":{"line":18,"column":264}},"20":{"start":{"line":18,"column":290},"end":{"line":18,"column":360}},"21":{"start":{"line":18,"column":363},"end":{"line":18,"column":380}},"22":{"start":{"line":20,"column":13},"end":{"line":20,"column":38}},"23":{"start":{"line":24,"column":0},"end":{"line":60,"column":5}},"24":{"start":{"line":27,"column":13},"end":{"line":55,"column":5}},"25":{"start":{"line":30,"column":4},"end":{"line":54,"column":16}},"26":{"start":{"line":31,"column":6},"end":{"line":53,"column":7}},"27":{"start":{"line":32,"column":8},"end":{"line":52,"column":9}},"28":{"start":{"line":34,"column":12},"end":{"line":34,"column":30}},"29":{"start":{"line":35,"column":12},"end":{"line":47,"column":15}},"30":{"start":{"line":36,"column":14},"end":{"line":36,"column":37}},"31":{"start":{"line":38,"column":14},"end":{"line":46,"column":15}},"32":{"start":{"line":39,"column":16},"end":{"line":41,"column":19}},"33":{"start":{"line":43,"column":16},"end":{"line":45,"column":19}},"34":{"start":{"line":51,"column":12},"end":{"line":51,"column":35}},"35":{"start":{"line":57,"column":2},"end":{"line":59,"column":4}},"36":{"start":{"line":58,"column":4},"end":{"line":58,"column":39}},"37":{"start":{"line":63,"column":0},"end":{"line":102,"column":5}},"38":{"start":{"line":66,"column":14},"end":{"line":97,"column":5}},"39":{"start":{"line":70,"column":4},"end":{"line":96,"column":17}},"40":{"start":{"line":71,"column":6},"end":{"line":95,"column":7}},"41":{"start":{"line":72,"column":8},"end":{"line":94,"column":9}},"42":{"start":{"line":74,"column":12},"end":{"line":74,"column":31}},"43":{"start":{"line":75,"column":12},"end":{"line":75,"column":43}},"44":{"start":{"line":76,"column":12},"end":{"line":76,"column":31}},"45":{"start":{"line":77,"column":12},"end":{"line":89,"column":15}},"46":{"start":{"line":78,"column":14},"end":{"line":78,"column":36}},"47":{"start":{"line":80,"column":14},"end":{"line":88,"column":15}},"48":{"start":{"line":81,"column":16},"end":{"line":83,"column":19}},"49":{"start":{"line":85,"column":16},"end":{"line":87,"column":19}},"50":{"start":{"line":93,"column":12},"end":{"line":93,"column":36}},"51":{"start":{"line":99,"column":2},"end":{"line":101,"column":4}},"52":{"start":{"line":100,"column":4},"end":{"line":100,"column":40}},"53":{"start":{"line":105,"column":0},"end":{"line":138,"column":5}},"54":{"start":{"line":108,"column":14},"end":{"line":133,"column":5}},"55":{"start":{"line":111,"column":4},"end":{"line":132,"column":17}},"56":{"start":{"line":112,"column":6},"end":{"line":131,"column":7}},"57":{"start":{"line":113,"column":8},"end":{"line":130,"column":9}},"58":{"start":{"line":115,"column":12},"end":{"line":115,"column":31}},"59":{"start":{"line":116,"column":12},"end":{"line":125,"column":15}},"60":{"start":{"line":117,"column":14},"end":{"line":120,"column":17}},"61":{"start":{"line":122,"column":14},"end":{"line":124,"column":17}},"62":{"start":{"line":129,"column":12},"end":{"line":129,"column":36}},"63":{"start":{"line":135,"column":2},"end":{"line":137,"column":4}},"64":{"start":{"line":136,"column":4},"end":{"line":136,"column":40}},"65":{"start":{"line":141,"column":0},"end":{"line":183,"column":5}},"66":{"start":{"line":144,"column":14},"end":{"line":178,"column":5}},"67":{"start":{"line":148,"column":4},"end":{"line":177,"column":17}},"68":{"start":{"line":149,"column":6},"end":{"line":176,"column":7}},"69":{"start":{"line":150,"column":8},"end":{"line":175,"column":9}},"70":{"start":{"line":152,"column":12},"end":{"line":152,"column":31}},"71":{"start":{"line":153,"column":12},"end":{"line":153,"column":43}},"72":{"start":{"line":154,"column":12},"end":{"line":154,"column":31}},"73":{"start":{"line":155,"column":12},"end":{"line":170,"column":15}},"74":{"start":{"line":156,"column":14},"end":{"line":159,"column":17}},"75":{"start":{"line":161,"column":14},"end":{"line":165,"column":15}},"76":{"start":{"line":162,"column":16},"end":{"line":164,"column":19}},"77":{"start":{"line":167,"column":14},"end":{"line":169,"column":17}},"78":{"start":{"line":174,"column":12},"end":{"line":174,"column":36}},"79":{"start":{"line":180,"column":2},"end":{"line":182,"column":4}},"80":{"start":{"line":181,"column":4},"end":{"line":181,"column":40}},"81":{"start":{"line":186,"column":0},"end":{"line":227,"column":5}},"82":{"start":{"line":189,"column":14},"end":{"line":222,"column":5}},"83":{"start":{"line":193,"column":4},"end":{"line":221,"column":17}},"84":{"start":{"line":194,"column":6},"end":{"line":220,"column":7}},"85":{"start":{"line":195,"column":8},"end":{"line":219,"column":9}},"86":{"start":{"line":197,"column":12},"end":{"line":197,"column":31}},"87":{"start":{"line":198,"column":12},"end":{"line":198,"column":43}},"88":{"start":{"line":199,"column":12},"end":{"line":199,"column":31}},"89":{"start":{"line":200,"column":12},"end":{"line":214,"column":15}},"90":{"start":{"line":201,"column":14},"end":{"line":203,"column":17}},"91":{"start":{"line":205,"column":14},"end":{"line":209,"column":15}},"92":{"start":{"line":206,"column":16},"end":{"line":208,"column":19}},"93":{"start":{"line":211,"column":14},"end":{"line":213,"column":17}},"94":{"start":{"line":218,"column":12},"end":{"line":218,"column":36}},"95":{"start":{"line":224,"column":2},"end":{"line":226,"column":4}},"96":{"start":{"line":225,"column":4},"end":{"line":225,"column":40}},"97":{"start":{"line":228,"column":15},"end":{"line":228,"column":21}},"98":{"start":{"line":229,"column":0},"end":{"line":229,"column":27}}},"fnMap":{"0":{"name":"_interopRequireDefault","decl":{"start":{"line":14,"column":9},"end":{"line":14,"column":31}},"loc":{"start":{"line":14,"column":37},"end":{"line":14,"column":95}},"line":14},"1":{"name":"asyncGeneratorStep","decl":{"start":{"line":16,"column":9},"end":{"line":16,"column":27}},"loc":{"start":{"line":16,"column":75},"end":{"line":16,"column":265}},"line":16},"2":{"name":"_asyncToGenerator","decl":{"start":{"line":18,"column":9},"end":{"line":18,"column":26}},"loc":{"start":{"line":18,"column":31},"end":{"line":18,"column":389}},"line":18},"3":{"name":"(anonymous_3)","decl":{"start":{"line":18,"column":40},"end":{"line":18,"column":41}},"loc":{"start":{"line":18,"column":52},"end":{"line":18,"column":386}},"line":18},"4":{"name":"(anonymous_4)","decl":{"start":{"line":18,"column":108},"end":{"line":18,"column":109}},"loc":{"start":{"line":18,"column":135},"end":{"line":18,"column":382}},"line":18},"5":{"name":"_next","decl":{"start":{"line":18,"column":178},"end":{"line":18,"column":183}},"loc":{"start":{"line":18,"column":191},"end":{"line":18,"column":266}},"line":18},"6":{"name":"_throw","decl":{"start":{"line":18,"column":276},"end":{"line":18,"column":282}},"loc":{"start":{"line":18,"column":288},"end":{"line":18,"column":362}},"line":18},"7":{"name":"(anonymous_7)","decl":{"start":{"line":26,"column":0},"end":{"line":26,"column":1}},"loc":{"start":{"line":26,"column":12},"end":{"line":60,"column":1}},"line":26},"8":{"name":"_callee","decl":{"start":{"line":29,"column":35},"end":{"line":29,"column":42}},"loc":{"start":{"line":29,"column":53},"end":{"line":55,"column":3}},"line":29},"9":{"name":"_callee$","decl":{"start":{"line":30,"column":44},"end":{"line":30,"column":52}},"loc":{"start":{"line":30,"column":63},"end":{"line":54,"column":5}},"line":30},"10":{"name":"(anonymous_10)","decl":{"start":{"line":35,"column":49},"end":{"line":35,"column":50}},"loc":{"start":{"line":35,"column":66},"end":{"line":37,"column":13}},"line":35},"11":{"name":"(anonymous_11)","decl":{"start":{"line":37,"column":21},"end":{"line":37,"column":22}},"loc":{"start":{"line":37,"column":36},"end":{"line":47,"column":13}},"line":37},"12":{"name":"(anonymous_12)","decl":{"start":{"line":57,"column":9},"end":{"line":57,"column":10}},"loc":{"start":{"line":57,"column":28},"end":{"line":59,"column":3}},"line":57},"13":{"name":"(anonymous_13)","decl":{"start":{"line":65,"column":0},"end":{"line":65,"column":1}},"loc":{"start":{"line":65,"column":12},"end":{"line":102,"column":1}},"line":65},"14":{"name":"_callee2","decl":{"start":{"line":68,"column":35},"end":{"line":68,"column":43}},"loc":{"start":{"line":68,"column":54},"end":{"line":97,"column":3}},"line":68},"15":{"name":"_callee2$","decl":{"start":{"line":70,"column":44},"end":{"line":70,"column":53}},"loc":{"start":{"line":70,"column":65},"end":{"line":96,"column":5}},"line":70},"16":{"name":"(anonymous_16)","decl":{"start":{"line":77,"column":60},"end":{"line":77,"column":61}},"loc":{"start":{"line":77,"column":76},"end":{"line":79,"column":13}},"line":77},"17":{"name":"(anonymous_17)","decl":{"start":{"line":79,"column":21},"end":{"line":79,"column":22}},"loc":{"start":{"line":79,"column":36},"end":{"line":89,"column":13}},"line":79},"18":{"name":"(anonymous_18)","decl":{"start":{"line":99,"column":9},"end":{"line":99,"column":10}},"loc":{"start":{"line":99,"column":29},"end":{"line":101,"column":3}},"line":99},"19":{"name":"(anonymous_19)","decl":{"start":{"line":107,"column":0},"end":{"line":107,"column":1}},"loc":{"start":{"line":107,"column":12},"end":{"line":138,"column":1}},"line":107},"20":{"name":"_callee3","decl":{"start":{"line":110,"column":35},"end":{"line":110,"column":43}},"loc":{"start":{"line":110,"column":54},"end":{"line":133,"column":3}},"line":110},"21":{"name":"_callee3$","decl":{"start":{"line":111,"column":44},"end":{"line":111,"column":53}},"loc":{"start":{"line":111,"column":65},"end":{"line":132,"column":5}},"line":111},"22":{"name":"(anonymous_22)","decl":{"start":{"line":116,"column":59},"end":{"line":116,"column":60}},"loc":{"start":{"line":116,"column":75},"end":{"line":121,"column":13}},"line":116},"23":{"name":"(anonymous_23)","decl":{"start":{"line":121,"column":21},"end":{"line":121,"column":22}},"loc":{"start":{"line":121,"column":36},"end":{"line":125,"column":13}},"line":121},"24":{"name":"(anonymous_24)","decl":{"start":{"line":135,"column":9},"end":{"line":135,"column":10}},"loc":{"start":{"line":135,"column":29},"end":{"line":137,"column":3}},"line":135},"25":{"name":"(anonymous_25)","decl":{"start":{"line":143,"column":0},"end":{"line":143,"column":1}},"loc":{"start":{"line":143,"column":12},"end":{"line":183,"column":1}},"line":143},"26":{"name":"_callee4","decl":{"start":{"line":146,"column":35},"end":{"line":146,"column":43}},"loc":{"start":{"line":146,"column":54},"end":{"line":178,"column":3}},"line":146},"27":{"name":"_callee4$","decl":{"start":{"line":148,"column":44},"end":{"line":148,"column":53}},"loc":{"start":{"line":148,"column":65},"end":{"line":177,"column":5}},"line":148},"28":{"name":"(anonymous_28)","decl":{"start":{"line":155,"column":73},"end":{"line":155,"column":74}},"loc":{"start":{"line":155,"column":89},"end":{"line":160,"column":13}},"line":155},"29":{"name":"(anonymous_29)","decl":{"start":{"line":160,"column":21},"end":{"line":160,"column":22}},"loc":{"start":{"line":160,"column":36},"end":{"line":170,"column":13}},"line":160},"30":{"name":"(anonymous_30)","decl":{"start":{"line":180,"column":9},"end":{"line":180,"column":10}},"loc":{"start":{"line":180,"column":29},"end":{"line":182,"column":3}},"line":180},"31":{"name":"(anonymous_31)","decl":{"start":{"line":188,"column":0},"end":{"line":188,"column":1}},"loc":{"start":{"line":188,"column":12},"end":{"line":227,"column":1}},"line":188},"32":{"name":"_callee5","decl":{"start":{"line":191,"column":35},"end":{"line":191,"column":43}},"loc":{"start":{"line":191,"column":54},"end":{"line":222,"column":3}},"line":191},"33":{"name":"_callee5$","decl":{"start":{"line":193,"column":44},"end":{"line":193,"column":53}},"loc":{"start":{"line":193,"column":65},"end":{"line":221,"column":5}},"line":193},"34":{"name":"(anonymous_34)","decl":{"start":{"line":200,"column":63},"end":{"line":200,"column":64}},"loc":{"start":{"line":200,"column":79},"end":{"line":204,"column":13}},"line":200},"35":{"name":"(anonymous_35)","decl":{"start":{"line":204,"column":21},"end":{"line":204,"column":22}},"loc":{"start":{"line":204,"column":36},"end":{"line":214,"column":13}},"line":204},"36":{"name":"(anonymous_36)","decl":{"start":{"line":224,"column":9},"end":{"line":224,"column":10}},"loc":{"start":{"line":224,"column":30},"end":{"line":226,"column":3}},"line":224}},"branchMap":{"0":{"loc":{"start":{"line":14,"column":46},"end":{"line":14,"column":92}},"type":"cond-expr","locations":[{"start":{"line":14,"column":70},"end":{"line":14,"column":73}},{"start":{"line":14,"column":76},"end":{"line":14,"column":92}}],"line":14},"1":{"loc":{"start":{"line":14,"column":46},"end":{"line":14,"column":67}},"type":"binary-expr","locations":[{"start":{"line":14,"column":46},"end":{"line":14,"column":49}},{"start":{"line":14,"column":53},"end":{"line":14,"column":67}}],"line":14},"2":{"loc":{"start":{"line":16,"column":176},"end":{"line":16,"column":263}},"type":"if","locations":[{"start":{"line":16,"column":176},"end":{"line":16,"column":263}},{"start":{"line":16,"column":176},"end":{"line":16,"column":263}}],"line":16},"3":{"loc":{"start":{"line":32,"column":8},"end":{"line":52,"column":9}},"type":"switch","locations":[{"start":{"line":33,"column":10},"end":{"line":47,"column":15}},{"start":{"line":49,"column":10},"end":{"line":49,"column":17}},{"start":{"line":50,"column":10},"end":{"line":51,"column":35}}],"line":32},"4":{"loc":{"start":{"line":38,"column":14},"end":{"line":46,"column":15}},"type":"if","locations":[{"start":{"line":38,"column":14},"end":{"line":46,"column":15}},{"start":{"line":38,"column":14},"end":{"line":46,"column":15}}],"line":38},"5":{"loc":{"start":{"line":72,"column":8},"end":{"line":94,"column":9}},"type":"switch","locations":[{"start":{"line":73,"column":10},"end":{"line":89,"column":15}},{"start":{"line":91,"column":10},"end":{"line":91,"column":17}},{"start":{"line":92,"column":10},"end":{"line":93,"column":36}}],"line":72},"6":{"loc":{"start":{"line":80,"column":14},"end":{"line":88,"column":15}},"type":"if","locations":[{"start":{"line":80,"column":14},"end":{"line":88,"column":15}},{"start":{"line":80,"column":14},"end":{"line":88,"column":15}}],"line":80},"7":{"loc":{"start":{"line":113,"column":8},"end":{"line":130,"column":9}},"type":"switch","locations":[{"start":{"line":114,"column":10},"end":{"line":125,"column":15}},{"start":{"line":127,"column":10},"end":{"line":127,"column":17}},{"start":{"line":128,"column":10},"end":{"line":129,"column":36}}],"line":113},"8":{"loc":{"start":{"line":150,"column":8},"end":{"line":175,"column":9}},"type":"switch","locations":[{"start":{"line":151,"column":10},"end":{"line":170,"column":15}},{"start":{"line":172,"column":10},"end":{"line":172,"column":17}},{"start":{"line":173,"column":10},"end":{"line":174,"column":36}}],"line":150},"9":{"loc":{"start":{"line":161,"column":14},"end":{"line":165,"column":15}},"type":"if","locations":[{"start":{"line":161,"column":14},"end":{"line":165,"column":15}},{"start":{"line":161,"column":14},"end":{"line":165,"column":15}}],"line":161},"10":{"loc":{"start":{"line":195,"column":8},"end":{"line":219,"column":9}},"type":"switch","locations":[{"start":{"line":196,"column":10},"end":{"line":214,"column":15}},{"start":{"line":216,"column":10},"end":{"line":216,"column":17}},{"start":{"line":217,"column":10},"end":{"line":218,"column":36}}],"line":195},"11":{"loc":{"start":{"line":205,"column":14},"end":{"line":209,"column":15}},"type":"if","locations":[{"start":{"line":205,"column":14},"end":{"line":209,"column":15}},{"start":{"line":205,"column":14},"end":{"line":209,"column":15}}],"line":205}},"s":{"0":1,"1":1,"2":1,"3":1,"4":1,"5":3,"6":2,"7":2,"8":2,"9":0,"10":0,"11":2,"12":1,"13":1,"14":5,"15":1,"16":1,"17":1,"18":1,"19":2,"20":0,"21":1,"22":1,"23":1,"24":1,"25":1,"26":2,"27":2,"28":1,"29":1,"30":1,"31":0,"32":0,"33":0,"34":1,"35":1,"36":1,"37":1,"38":1,"39":0,"40":0,"41":0,"42":0,"43":0,"44":0,"45":0,"46":0,"47":0,"48":0,"49":0,"50":0,"51":1,"52":0,"53":1,"54":1,"55":0,"56":0,"57":0,"58":0,"59":0,"60":0,"61":0,"62":0,"63":1,"64":0,"65":1,"66":1,"67":0,"68":0,"69":0,"70":0,"71":0,"72":0,"73":0,"74":0,"75":0,"76":0,"77":0,"78":0,"79":1,"80":0,"81":1,"82":1,"83":0,"84":0,"85":0,"86":0,"87":0,"88":0,"89":0,"90":0,"91":0,"92":0,"93":0,"94":0,"95":1,"96":0,"97":1,"98":1},"f":{"0":3,"1":2,"2":5,"3":1,"4":1,"5":2,"6":0,"7":1,"8":1,"9":2,"10":1,"11":0,"12":1,"13":1,"14":0,"15":0,"16":0,"17":0,"18":0,"19":1,"20":0,"21":0,"22":0,"23":0,"24":0,"25":1,"26":0,"27":0,"28":0,"29":0,"30":0,"31":1,"32":0,"33":0,"34":0,"35":0,"36":0},"b":{"0":[0,3],"1":[3,3],"2":[1,1],"3":[1,1,1],"4":[0,0],"5":[0,0,0],"6":[0,0],"7":[0,0,0],"8":[0,0,0],"9":[0,0],"10":[0,0,0],"11":[0,0]},"_coverageSchema":"43e27e138ebf9cfc5966b082cf9a028302ed4184","hash":"c851b159a1eab2a35442003db3c737c4467c6cad","contentHash":"53802e30d75ac64c41f15d50b2e02bbd48c2d263d1062ea452cb7ef4911757e1"},"C:\\Users\\propser\\Desktop\\TESTS\\p1003903\\EPICmail\\server\\models\\user\\post.js":{"path":"C:\\Users\\propser\\Desktop\\TESTS\\p1003903\\EPICmail\\server\\models\\user\\post.js","statementMap":{"0":{"start":{"line":3,"column":33},"end":{"line":3,"column":464}},"1":{"start":{"line":3,"column":46},"end":{"line":3,"column":47}},"2":{"start":{"line":3,"column":91},"end":{"line":3,"column":131}},"3":{"start":{"line":3,"column":147},"end":{"line":3,"column":166}},"4":{"start":{"line":3,"column":168},"end":{"line":3,"column":382}},"5":{"start":{"line":3,"column":226},"end":{"line":3,"column":380}},"6":{"start":{"line":3,"column":312},"end":{"line":3,"column":375}},"7":{"start":{"line":3,"column":383},"end":{"line":3,"column":462}},"8":{"start":{"line":3,"column":416},"end":{"line":3,"column":458}},"9":{"start":{"line":3,"column":465},"end":{"line":3,"column":479}},"10":{"start":{"line":5,"column":44},"end":{"line":5,"column":195}},"11":{"start":{"line":5,"column":62},"end":{"line":5,"column":166}},"12":{"start":{"line":5,"column":176},"end":{"line":5,"column":193}},"13":{"start":{"line":5,"column":196},"end":{"line":5,"column":207}},"14":{"start":{"line":7,"column":12},"end":{"line":7,"column":49}},"15":{"start":{"line":9,"column":15},"end":{"line":9,"column":46}},"16":{"start":{"line":11,"column":13},"end":{"line":11,"column":52}},"17":{"start":{"line":15,"column":2},"end":{"line":24,"column":5}},"18":{"start":{"line":16,"column":4},"end":{"line":21,"column":5}},"19":{"start":{"line":17,"column":6},"end":{"line":20,"column":9}},"20":{"start":{"line":23,"column":4},"end":{"line":23,"column":19}},"21":{"start":{"line":29,"column":2},"end":{"line":35,"column":5}},"22":{"start":{"line":30,"column":4},"end":{"line":34,"column":7}},"23":{"start":{"line":31,"column":6},"end":{"line":31,"column":27}},"24":{"start":{"line":33,"column":6},"end":{"line":33,"column":25}},"25":{"start":{"line":40,"column":2},"end":{"line":52,"column":5}},"26":{"start":{"line":41,"column":13},"end":{"line":43,"column":5}},"27":{"start":{"line":44,"column":15},"end":{"line":47,"column":5}},"28":{"start":{"line":48,"column":4},"end":{"line":48,"column":51}},"29":{"start":{"line":49,"column":4},"end":{"line":49,"column":24}},"30":{"start":{"line":50,"column":4},"end":{"line":50,"column":42}},"31":{"start":{"line":51,"column":4},"end":{"line":51,"column":21}},"32":{"start":{"line":57,"column":2},"end":{"line":75,"column":5}},"33":{"start":{"line":58,"column":4},"end":{"line":74,"column":7}},"34":{"start":{"line":59,"column":18},"end":{"line":61,"column":8}},"35":{"start":{"line":60,"column":8},"end":{"line":60,"column":31}},"36":{"start":{"line":62,"column":6},"end":{"line":64,"column":8}},"37":{"start":{"line":65,"column":17},"end":{"line":68,"column":7}},"38":{"start":{"line":69,"column":6},"end":{"line":69,"column":58}},"39":{"start":{"line":70,"column":6},"end":{"line":70,"column":44}},"40":{"start":{"line":71,"column":6},"end":{"line":71,"column":28}},"41":{"start":{"line":73,"column":6},"end":{"line":73,"column":25}},"42":{"start":{"line":80,"column":2},"end":{"line":90,"column":5}},"43":{"start":{"line":81,"column":4},"end":{"line":89,"column":7}},"44":{"start":{"line":82,"column":6},"end":{"line":84,"column":9}},"45":{"start":{"line":83,"column":8},"end":{"line":83,"column":26}},"46":{"start":{"line":85,"column":6},"end":{"line":85,"column":44}},"47":{"start":{"line":86,"column":6},"end":{"line":86,"column":16}},"48":{"start":{"line":88,"column":6},"end":{"line":88,"column":25}},"49":{"start":{"line":94,"column":0},"end":{"line":100,"column":2}}},"fnMap":{"0":{"name":"_objectSpread","decl":{"start":{"line":3,"column":9},"end":{"line":3,"column":22}},"loc":{"start":{"line":3,"column":31},"end":{"line":3,"column":481}},"line":3},"1":{"name":"(anonymous_1)","decl":{"start":{"line":3,"column":295},"end":{"line":3,"column":296}},"loc":{"start":{"line":3,"column":310},"end":{"line":3,"column":377}},"line":3},"2":{"name":"(anonymous_2)","decl":{"start":{"line":3,"column":399},"end":{"line":3,"column":400}},"loc":{"start":{"line":3,"column":414},"end":{"line":3,"column":460}},"line":3},"3":{"name":"_defineProperty","decl":{"start":{"line":5,"column":9},"end":{"line":5,"column":24}},"loc":{"start":{"line":5,"column":42},"end":{"line":5,"column":209}},"line":5},"4":{"name":"getPosts","decl":{"start":{"line":14,"column":9},"end":{"line":14,"column":17}},"loc":{"start":{"line":14,"column":20},"end":{"line":25,"column":1}},"line":14},"5":{"name":"(anonymous_5)","decl":{"start":{"line":15,"column":21},"end":{"line":15,"column":22}},"loc":{"start":{"line":15,"column":48},"end":{"line":24,"column":3}},"line":15},"6":{"name":"getPost","decl":{"start":{"line":28,"column":9},"end":{"line":28,"column":16}},"loc":{"start":{"line":28,"column":31},"end":{"line":36,"column":1}},"line":28},"7":{"name":"(anonymous_7)","decl":{"start":{"line":29,"column":21},"end":{"line":29,"column":22}},"loc":{"start":{"line":29,"column":48},"end":{"line":35,"column":3}},"line":29},"8":{"name":"(anonymous_8)","decl":{"start":{"line":30,"column":51},"end":{"line":30,"column":52}},"loc":{"start":{"line":30,"column":67},"end":{"line":32,"column":5}},"line":30},"9":{"name":"(anonymous_9)","decl":{"start":{"line":32,"column":13},"end":{"line":32,"column":14}},"loc":{"start":{"line":32,"column":28},"end":{"line":34,"column":5}},"line":32},"10":{"name":"insertPost","decl":{"start":{"line":39,"column":9},"end":{"line":39,"column":19}},"loc":{"start":{"line":39,"column":29},"end":{"line":53,"column":1}},"line":39},"11":{"name":"(anonymous_11)","decl":{"start":{"line":40,"column":21},"end":{"line":40,"column":22}},"loc":{"start":{"line":40,"column":48},"end":{"line":52,"column":3}},"line":40},"12":{"name":"updatePost","decl":{"start":{"line":56,"column":9},"end":{"line":56,"column":19}},"loc":{"start":{"line":56,"column":43},"end":{"line":76,"column":1}},"line":56},"13":{"name":"(anonymous_13)","decl":{"start":{"line":57,"column":21},"end":{"line":57,"column":22}},"loc":{"start":{"line":57,"column":48},"end":{"line":75,"column":3}},"line":57},"14":{"name":"(anonymous_14)","decl":{"start":{"line":58,"column":51},"end":{"line":58,"column":52}},"loc":{"start":{"line":58,"column":67},"end":{"line":72,"column":5}},"line":58},"15":{"name":"(anonymous_15)","decl":{"start":{"line":59,"column":34},"end":{"line":59,"column":35}},"loc":{"start":{"line":59,"column":47},"end":{"line":61,"column":7}},"line":59},"16":{"name":"(anonymous_16)","decl":{"start":{"line":72,"column":13},"end":{"line":72,"column":14}},"loc":{"start":{"line":72,"column":28},"end":{"line":74,"column":5}},"line":72},"17":{"name":"deletePost","decl":{"start":{"line":79,"column":9},"end":{"line":79,"column":19}},"loc":{"start":{"line":79,"column":34},"end":{"line":91,"column":1}},"line":79},"18":{"name":"(anonymous_18)","decl":{"start":{"line":80,"column":21},"end":{"line":80,"column":22}},"loc":{"start":{"line":80,"column":48},"end":{"line":90,"column":3}},"line":80},"19":{"name":"(anonymous_19)","decl":{"start":{"line":81,"column":51},"end":{"line":81,"column":52}},"loc":{"start":{"line":81,"column":63},"end":{"line":87,"column":5}},"line":81},"20":{"name":"(anonymous_20)","decl":{"start":{"line":82,"column":27},"end":{"line":82,"column":28}},"loc":{"start":{"line":82,"column":40},"end":{"line":84,"column":7}},"line":82},"21":{"name":"(anonymous_21)","decl":{"start":{"line":87,"column":13},"end":{"line":87,"column":14}},"loc":{"start":{"line":87,"column":28},"end":{"line":89,"column":5}},"line":87}},"branchMap":{"0":{"loc":{"start":{"line":3,"column":91},"end":{"line":3,"column":131}},"type":"cond-expr","locations":[{"start":{"line":3,"column":114},"end":{"line":3,"column":126}},{"start":{"line":3,"column":129},"end":{"line":3,"column":131}}],"line":3},"1":{"loc":{"start":{"line":3,"column":168},"end":{"line":3,"column":382}},"type":"if","locations":[{"start":{"line":3,"column":168},"end":{"line":3,"column":382}},{"start":{"line":3,"column":168},"end":{"line":3,"column":382}}],"line":3},"2":{"loc":{"start":{"line":5,"column":44},"end":{"line":5,"column":195}},"type":"if","locations":[{"start":{"line":5,"column":44},"end":{"line":5,"column":195}},{"start":{"line":5,"column":44},"end":{"line":5,"column":195}}],"line":5},"3":{"loc":{"start":{"line":16,"column":4},"end":{"line":21,"column":5}},"type":"if","locations":[{"start":{"line":16,"column":4},"end":{"line":21,"column":5}},{"start":{"line":16,"column":4},"end":{"line":21,"column":5}}],"line":16}},"s":{"0":0,"1":0,"2":0,"3":0,"4":0,"5":0,"6":0,"7":0,"8":0,"9":0,"10":0,"11":0,"12":0,"13":0,"14":1,"15":1,"16":1,"17":1,"18":1,"19":0,"20":1,"21":0,"22":0,"23":0,"24":0,"25":0,"26":0,"27":0,"28":0,"29":0,"30":0,"31":0,"32":0,"33":0,"34":0,"35":0,"36":0,"37":0,"38":0,"39":0,"40":0,"41":0,"42":0,"43":0,"44":0,"45":0,"46":0,"47":0,"48":0,"49":1},"f":{"0":0,"1":0,"2":0,"3":0,"4":1,"5":1,"6":0,"7":0,"8":0,"9":0,"10":0,"11":0,"12":0,"13":0,"14":0,"15":0,"16":0,"17":0,"18":0,"19":0,"20":0,"21":0},"b":{"0":[0,0],"1":[0,0],"2":[0,0],"3":[0,1]},"_coverageSchema":"43e27e138ebf9cfc5966b082cf9a028302ed4184","hash":"aae8cfadef091056e48bd271922ba5e5098adff2","contentHash":"0aecab1bd4d25ec9ab8620d8f4ed81deb6d6406f16ddfa5849779f55773ec6da"},"C:\\Users\\propser\\Desktop\\TESTS\\p1003903\\EPICmail\\server\\helpers\\user\\helper.js":{"path":"C:\\Users\\propser\\Desktop\\TESTS\\p1003903\\EPICmail\\server\\helpers\\user\\helper.js","statementMap":{"0":{"start":{"line":3,"column":9},"end":{"line":3,"column":22}},"1":{"start":{"line":5,"column":15},"end":{"line":11,"column":1}},"2":{"start":{"line":6,"column":2},"end":{"line":10,"column":3}},"3":{"start":{"line":7,"column":4},"end":{"line":7,"column":42}},"4":{"start":{"line":9,"column":4},"end":{"line":9,"column":13}},"5":{"start":{"line":13,"column":14},"end":{"line":15,"column":1}},"6":{"start":{"line":14,"column":2},"end":{"line":14,"column":31}},"7":{"start":{"line":18,"column":2},"end":{"line":31,"column":5}},"8":{"start":{"line":19,"column":14},"end":{"line":21,"column":6}},"9":{"start":{"line":20,"column":6},"end":{"line":20,"column":63}},"10":{"start":{"line":23,"column":4},"end":{"line":28,"column":5}},"11":{"start":{"line":24,"column":6},"end":{"line":27,"column":9}},"12":{"start":{"line":30,"column":4},"end":{"line":30,"column":17}},"13":{"start":{"line":35,"column":2},"end":{"line":39,"column":5}},"14":{"start":{"line":36,"column":4},"end":{"line":38,"column":5}},"15":{"start":{"line":37,"column":6},"end":{"line":37,"column":23}},"16":{"start":{"line":42,"column":0},"end":{"line":47,"column":2}}},"fnMap":{"0":{"name":"getNewId","decl":{"start":{"line":5,"column":24},"end":{"line":5,"column":32}},"loc":{"start":{"line":5,"column":40},"end":{"line":11,"column":1}},"line":5},"1":{"name":"newDate","decl":{"start":{"line":13,"column":23},"end":{"line":13,"column":30}},"loc":{"start":{"line":13,"column":33},"end":{"line":15,"column":1}},"line":13},"2":{"name":"mustBeInArray","decl":{"start":{"line":17,"column":9},"end":{"line":17,"column":22}},"loc":{"start":{"line":17,"column":44},"end":{"line":32,"column":1}},"line":17},"3":{"name":"(anonymous_3)","decl":{"start":{"line":18,"column":21},"end":{"line":18,"column":22}},"loc":{"start":{"line":18,"column":48},"end":{"line":31,"column":3}},"line":18},"4":{"name":"(anonymous_4)","decl":{"start":{"line":19,"column":25},"end":{"line":19,"column":26}},"loc":{"start":{"line":19,"column":38},"end":{"line":21,"column":5}},"line":19},"5":{"name":"writeJSONFile","decl":{"start":{"line":34,"column":9},"end":{"line":34,"column":22}},"loc":{"start":{"line":34,"column":42},"end":{"line":40,"column":1}},"line":34},"6":{"name":"(anonymous_6)","decl":{"start":{"line":35,"column":71},"end":{"line":35,"column":72}},"loc":{"start":{"line":35,"column":86},"end":{"line":39,"column":3}},"line":35}},"branchMap":{"0":{"loc":{"start":{"line":6,"column":2},"end":{"line":10,"column":3}},"type":"if","locations":[{"start":{"line":6,"column":2},"end":{"line":10,"column":3}},{"start":{"line":6,"column":2},"end":{"line":10,"column":3}}],"line":6},"1":{"loc":{"start":{"line":20,"column":13},"end":{"line":20,"column":62}},"type":"binary-expr","locations":[{"start":{"line":20,"column":13},"end":{"line":20,"column":23}},{"start":{"line":20,"column":27},"end":{"line":20,"column":62}}],"line":20},"2":{"loc":{"start":{"line":23,"column":4},"end":{"line":28,"column":5}},"type":"if","locations":[{"start":{"line":23,"column":4},"end":{"line":28,"column":5}},{"start":{"line":23,"column":4},"end":{"line":28,"column":5}}],"line":23},"3":{"loc":{"start":{"line":36,"column":4},"end":{"line":38,"column":5}},"type":"if","locations":[{"start":{"line":36,"column":4},"end":{"line":38,"column":5}},{"start":{"line":36,"column":4},"end":{"line":38,"column":5}}],"line":36}},"s":{"0":1,"1":1,"2":0,"3":0,"4":0,"5":1,"6":0,"7":0,"8":0,"9":0,"10":0,"11":0,"12":0,"13":0,"14":0,"15":0,"16":1},"f":{"0":0,"1":0,"2":0,"3":0,"4":0,"5":0,"6":0},"b":{"0":[0,0],"1":[0,0],"2":[0,0],"3":[0,0]},"_coverageSchema":"43e27e138ebf9cfc5966b082cf9a028302ed4184","hash":"2361a9d6f7b025e43c7fb0a853477546d49e7222","contentHash":"26df321643efc490d9b7a27a1ad0b5750cc783a8fe9949ddad05684d34ba689f"},"C:\\Users\\propser\\Desktop\\TESTS\\p1003903\\EPICmail\\server\\helpers\\user\\m.js":{"path":"C:\\Users\\propser\\Desktop\\TESTS\\p1003903\\EPICmail\\server\\helpers\\user\\m.js","statementMap":{"0":{"start":{"line":4,"column":11},"end":{"line":4,"column":24}},"1":{"start":{"line":6,"column":2},"end":{"line":12,"column":3}},"2":{"start":{"line":7,"column":4},"end":{"line":9,"column":7}},"3":{"start":{"line":11,"column":4},"end":{"line":11,"column":11}},"4":{"start":{"line":16,"column":18},"end":{"line":16,"column":26}},"5":{"start":{"line":17,"column":16},"end":{"line":17,"column":33}},"6":{"start":{"line":18,"column":21},"end":{"line":18,"column":43}},"7":{"start":{"line":20,"column":2},"end":{"line":26,"column":3}},"8":{"start":{"line":21,"column":4},"end":{"line":21,"column":11}},"9":{"start":{"line":23,"column":4},"end":{"line":25,"column":7}},"10":{"start":{"line":29,"column":0},"end":{"line":32,"column":2}}},"fnMap":{"0":{"name":"mustBeInteger","decl":{"start":{"line":3,"column":9},"end":{"line":3,"column":22}},"loc":{"start":{"line":3,"column":39},"end":{"line":13,"column":1}},"line":3},"1":{"name":"checkFieldsPost","decl":{"start":{"line":15,"column":9},"end":{"line":15,"column":24}},"loc":{"start":{"line":15,"column":41},"end":{"line":27,"column":1}},"line":15}},"branchMap":{"0":{"loc":{"start":{"line":6,"column":2},"end":{"line":12,"column":3}},"type":"if","locations":[{"start":{"line":6,"column":2},"end":{"line":12,"column":3}},{"start":{"line":6,"column":2},"end":{"line":12,"column":3}}],"line":6},"1":{"loc":{"start":{"line":20,"column":2},"end":{"line":26,"column":3}},"type":"if","locations":[{"start":{"line":20,"column":2},"end":{"line":26,"column":3}},{"start":{"line":20,"column":2},"end":{"line":26,"column":3}}],"line":20},"2":{"loc":{"start":{"line":20,"column":6},"end":{"line":20,"column":29}},"type":"binary-expr","locations":[{"start":{"line":20,"column":6},"end":{"line":20,"column":13}},{"start":{"line":20,"column":17},"end":{"line":20,"column":29}}],"line":20}},"s":{"0":0,"1":0,"2":0,"3":0,"4":0,"5":0,"6":0,"7":0,"8":0,"9":0,"10":1},"f":{"0":0,"1":0},"b":{"0":[0,0],"1":[0,0],"2":[0,0]},"_coverageSchema":"43e27e138ebf9cfc5966b082cf9a028302ed4184","hash":"4d7ca8db0f4dd836843ad9bbc5f0681bb63f746e","contentHash":"28f567d45cca2d2bc571ba37d64a608758ece82e2af6d89a6888a57e15dc8e30"},"C:\\Users\\propser\\Desktop\\TESTS\\p1003903\\EPICmail\\server\\routes\\sent\\routes.js":{"path":"C:\\Users\\propser\\Desktop\\TESTS\\p1003903\\EPICmail\\server\\routes\\sent\\routes.js","statementMap":{"0":{"start":{"line":3,"column":0},"end":{"line":5,"column":3}},"1":{"start":{"line":6,"column":0},"end":{"line":6,"column":25}},"2":{"start":{"line":8,"column":15},"end":{"line":8,"column":57}},"3":{"start":{"line":10,"column":12},"end":{"line":10,"column":69}},"4":{"start":{"line":12,"column":9},"end":{"line":12,"column":64}},"5":{"start":{"line":14,"column":39},"end":{"line":14,"column":93}},"6":{"start":{"line":16,"column":77},"end":{"line":16,"column":175}},"7":{"start":{"line":16,"column":94},"end":{"line":16,"column":107}},"8":{"start":{"line":16,"column":121},"end":{"line":16,"column":131}},"9":{"start":{"line":16,"column":151},"end":{"line":16,"column":165}},"10":{"start":{"line":16,"column":166},"end":{"line":16,"column":173}},"11":{"start":{"line":16,"column":176},"end":{"line":16,"column":263}},"12":{"start":{"line":16,"column":193},"end":{"line":16,"column":208}},"13":{"start":{"line":16,"column":218},"end":{"line":16,"column":261}},"14":{"start":{"line":18,"column":33},"end":{"line":18,"column":387}},"15":{"start":{"line":18,"column":65},"end":{"line":18,"column":69}},"16":{"start":{"line":18,"column":78},"end":{"line":18,"column":87}},"17":{"start":{"line":18,"column":89},"end":{"line":18,"column":384}},"18":{"start":{"line":18,"column":147},"end":{"line":18,"column":167}},"19":{"start":{"line":18,"column":193},"end":{"line":18,"column":264}},"20":{"start":{"line":18,"column":290},"end":{"line":18,"column":360}},"21":{"start":{"line":18,"column":363},"end":{"line":18,"column":380}},"22":{"start":{"line":20,"column":13},"end":{"line":20,"column":38}},"23":{"start":{"line":24,"column":0},"end":{"line":60,"column":5}},"24":{"start":{"line":27,"column":13},"end":{"line":55,"column":5}},"25":{"start":{"line":30,"column":4},"end":{"line":54,"column":16}},"26":{"start":{"line":31,"column":6},"end":{"line":53,"column":7}},"27":{"start":{"line":32,"column":8},"end":{"line":52,"column":9}},"28":{"start":{"line":34,"column":12},"end":{"line":34,"column":30}},"29":{"start":{"line":35,"column":12},"end":{"line":47,"column":15}},"30":{"start":{"line":36,"column":14},"end":{"line":36,"column":37}},"31":{"start":{"line":38,"column":14},"end":{"line":46,"column":15}},"32":{"start":{"line":39,"column":16},"end":{"line":41,"column":19}},"33":{"start":{"line":43,"column":16},"end":{"line":45,"column":19}},"34":{"start":{"line":51,"column":12},"end":{"line":51,"column":35}},"35":{"start":{"line":57,"column":2},"end":{"line":59,"column":4}},"36":{"start":{"line":58,"column":4},"end":{"line":58,"column":39}},"37":{"start":{"line":63,"column":0},"end":{"line":102,"column":5}},"38":{"start":{"line":66,"column":14},"end":{"line":97,"column":5}},"39":{"start":{"line":70,"column":4},"end":{"line":96,"column":17}},"40":{"start":{"line":71,"column":6},"end":{"line":95,"column":7}},"41":{"start":{"line":72,"column":8},"end":{"line":94,"column":9}},"42":{"start":{"line":74,"column":12},"end":{"line":74,"column":31}},"43":{"start":{"line":75,"column":12},"end":{"line":75,"column":43}},"44":{"start":{"line":76,"column":12},"end":{"line":76,"column":31}},"45":{"start":{"line":77,"column":12},"end":{"line":89,"column":15}},"46":{"start":{"line":78,"column":14},"end":{"line":78,"column":36}},"47":{"start":{"line":80,"column":14},"end":{"line":88,"column":15}},"48":{"start":{"line":81,"column":16},"end":{"line":83,"column":19}},"49":{"start":{"line":85,"column":16},"end":{"line":87,"column":19}},"50":{"start":{"line":93,"column":12},"end":{"line":93,"column":36}},"51":{"start":{"line":99,"column":2},"end":{"line":101,"column":4}},"52":{"start":{"line":100,"column":4},"end":{"line":100,"column":40}},"53":{"start":{"line":105,"column":0},"end":{"line":138,"column":5}},"54":{"start":{"line":108,"column":14},"end":{"line":133,"column":5}},"55":{"start":{"line":111,"column":4},"end":{"line":132,"column":17}},"56":{"start":{"line":112,"column":6},"end":{"line":131,"column":7}},"57":{"start":{"line":113,"column":8},"end":{"line":130,"column":9}},"58":{"start":{"line":115,"column":12},"end":{"line":115,"column":31}},"59":{"start":{"line":116,"column":12},"end":{"line":125,"column":15}},"60":{"start":{"line":117,"column":14},"end":{"line":120,"column":17}},"61":{"start":{"line":122,"column":14},"end":{"line":124,"column":17}},"62":{"start":{"line":129,"column":12},"end":{"line":129,"column":36}},"63":{"start":{"line":135,"column":2},"end":{"line":137,"column":4}},"64":{"start":{"line":136,"column":4},"end":{"line":136,"column":40}},"65":{"start":{"line":141,"column":0},"end":{"line":182,"column":5}},"66":{"start":{"line":144,"column":14},"end":{"line":177,"column":5}},"67":{"start":{"line":148,"column":4},"end":{"line":176,"column":17}},"68":{"start":{"line":149,"column":6},"end":{"line":175,"column":7}},"69":{"start":{"line":150,"column":8},"end":{"line":174,"column":9}},"70":{"start":{"line":152,"column":12},"end":{"line":152,"column":31}},"71":{"start":{"line":153,"column":12},"end":{"line":153,"column":43}},"72":{"start":{"line":154,"column":12},"end":{"line":154,"column":31}},"73":{"start":{"line":155,"column":12},"end":{"line":169,"column":15}},"74":{"start":{"line":156,"column":14},"end":{"line":158,"column":17}},"75":{"start":{"line":160,"column":14},"end":{"line":164,"column":15}},"76":{"start":{"line":161,"column":16},"end":{"line":163,"column":19}},"77":{"start":{"line":166,"column":14},"end":{"line":168,"column":17}},"78":{"start":{"line":173,"column":12},"end":{"line":173,"column":36}},"79":{"start":{"line":179,"column":2},"end":{"line":181,"column":4}},"80":{"start":{"line":180,"column":4},"end":{"line":180,"column":40}},"81":{"start":{"line":183,"column":15},"end":{"line":183,"column":21}},"82":{"start":{"line":184,"column":0},"end":{"line":184,"column":27}}},"fnMap":{"0":{"name":"_interopRequireDefault","decl":{"start":{"line":14,"column":9},"end":{"line":14,"column":31}},"loc":{"start":{"line":14,"column":37},"end":{"line":14,"column":95}},"line":14},"1":{"name":"asyncGeneratorStep","decl":{"start":{"line":16,"column":9},"end":{"line":16,"column":27}},"loc":{"start":{"line":16,"column":75},"end":{"line":16,"column":265}},"line":16},"2":{"name":"_asyncToGenerator","decl":{"start":{"line":18,"column":9},"end":{"line":18,"column":26}},"loc":{"start":{"line":18,"column":31},"end":{"line":18,"column":389}},"line":18},"3":{"name":"(anonymous_3)","decl":{"start":{"line":18,"column":40},"end":{"line":18,"column":41}},"loc":{"start":{"line":18,"column":52},"end":{"line":18,"column":386}},"line":18},"4":{"name":"(anonymous_4)","decl":{"start":{"line":18,"column":108},"end":{"line":18,"column":109}},"loc":{"start":{"line":18,"column":135},"end":{"line":18,"column":382}},"line":18},"5":{"name":"_next","decl":{"start":{"line":18,"column":178},"end":{"line":18,"column":183}},"loc":{"start":{"line":18,"column":191},"end":{"line":18,"column":266}},"line":18},"6":{"name":"_throw","decl":{"start":{"line":18,"column":276},"end":{"line":18,"column":282}},"loc":{"start":{"line":18,"column":288},"end":{"line":18,"column":362}},"line":18},"7":{"name":"(anonymous_7)","decl":{"start":{"line":26,"column":0},"end":{"line":26,"column":1}},"loc":{"start":{"line":26,"column":12},"end":{"line":60,"column":1}},"line":26},"8":{"name":"_callee","decl":{"start":{"line":29,"column":35},"end":{"line":29,"column":42}},"loc":{"start":{"line":29,"column":53},"end":{"line":55,"column":3}},"line":29},"9":{"name":"_callee$","decl":{"start":{"line":30,"column":44},"end":{"line":30,"column":52}},"loc":{"start":{"line":30,"column":63},"end":{"line":54,"column":5}},"line":30},"10":{"name":"(anonymous_10)","decl":{"start":{"line":35,"column":49},"end":{"line":35,"column":50}},"loc":{"start":{"line":35,"column":66},"end":{"line":37,"column":13}},"line":35},"11":{"name":"(anonymous_11)","decl":{"start":{"line":37,"column":21},"end":{"line":37,"column":22}},"loc":{"start":{"line":37,"column":36},"end":{"line":47,"column":13}},"line":37},"12":{"name":"(anonymous_12)","decl":{"start":{"line":57,"column":9},"end":{"line":57,"column":10}},"loc":{"start":{"line":57,"column":28},"end":{"line":59,"column":3}},"line":57},"13":{"name":"(anonymous_13)","decl":{"start":{"line":65,"column":0},"end":{"line":65,"column":1}},"loc":{"start":{"line":65,"column":12},"end":{"line":102,"column":1}},"line":65},"14":{"name":"_callee2","decl":{"start":{"line":68,"column":35},"end":{"line":68,"column":43}},"loc":{"start":{"line":68,"column":54},"end":{"line":97,"column":3}},"line":68},"15":{"name":"_callee2$","decl":{"start":{"line":70,"column":44},"end":{"line":70,"column":53}},"loc":{"start":{"line":70,"column":65},"end":{"line":96,"column":5}},"line":70},"16":{"name":"(anonymous_16)","decl":{"start":{"line":77,"column":60},"end":{"line":77,"column":61}},"loc":{"start":{"line":77,"column":76},"end":{"line":79,"column":13}},"line":77},"17":{"name":"(anonymous_17)","decl":{"start":{"line":79,"column":21},"end":{"line":79,"column":22}},"loc":{"start":{"line":79,"column":36},"end":{"line":89,"column":13}},"line":79},"18":{"name":"(anonymous_18)","decl":{"start":{"line":99,"column":9},"end":{"line":99,"column":10}},"loc":{"start":{"line":99,"column":29},"end":{"line":101,"column":3}},"line":99},"19":{"name":"(anonymous_19)","decl":{"start":{"line":107,"column":0},"end":{"line":107,"column":1}},"loc":{"start":{"line":107,"column":12},"end":{"line":138,"column":1}},"line":107},"20":{"name":"_callee3","decl":{"start":{"line":110,"column":35},"end":{"line":110,"column":43}},"loc":{"start":{"line":110,"column":54},"end":{"line":133,"column":3}},"line":110},"21":{"name":"_callee3$","decl":{"start":{"line":111,"column":44},"end":{"line":111,"column":53}},"loc":{"start":{"line":111,"column":65},"end":{"line":132,"column":5}},"line":111},"22":{"name":"(anonymous_22)","decl":{"start":{"line":116,"column":59},"end":{"line":116,"column":60}},"loc":{"start":{"line":116,"column":75},"end":{"line":121,"column":13}},"line":116},"23":{"name":"(anonymous_23)","decl":{"start":{"line":121,"column":21},"end":{"line":121,"column":22}},"loc":{"start":{"line":121,"column":36},"end":{"line":125,"column":13}},"line":121},"24":{"name":"(anonymous_24)","decl":{"start":{"line":135,"column":9},"end":{"line":135,"column":10}},"loc":{"start":{"line":135,"column":29},"end":{"line":137,"column":3}},"line":135},"25":{"name":"(anonymous_25)","decl":{"start":{"line":143,"column":0},"end":{"line":143,"column":1}},"loc":{"start":{"line":143,"column":12},"end":{"line":182,"column":1}},"line":143},"26":{"name":"_callee4","decl":{"start":{"line":146,"column":35},"end":{"line":146,"column":43}},"loc":{"start":{"line":146,"column":54},"end":{"line":177,"column":3}},"line":146},"27":{"name":"_callee4$","decl":{"start":{"line":148,"column":44},"end":{"line":148,"column":53}},"loc":{"start":{"line":148,"column":65},"end":{"line":176,"column":5}},"line":148},"28":{"name":"(anonymous_28)","decl":{"start":{"line":155,"column":63},"end":{"line":155,"column":64}},"loc":{"start":{"line":155,"column":79},"end":{"line":159,"column":13}},"line":155},"29":{"name":"(anonymous_29)","decl":{"start":{"line":159,"column":21},"end":{"line":159,"column":22}},"loc":{"start":{"line":159,"column":36},"end":{"line":169,"column":13}},"line":159},"30":{"name":"(anonymous_30)","decl":{"start":{"line":179,"column":9},"end":{"line":179,"column":10}},"loc":{"start":{"line":179,"column":29},"end":{"line":181,"column":3}},"line":179}},"branchMap":{"0":{"loc":{"start":{"line":14,"column":46},"end":{"line":14,"column":92}},"type":"cond-expr","locations":[{"start":{"line":14,"column":70},"end":{"line":14,"column":73}},{"start":{"line":14,"column":76},"end":{"line":14,"column":92}}],"line":14},"1":{"loc":{"start":{"line":14,"column":46},"end":{"line":14,"column":67}},"type":"binary-expr","locations":[{"start":{"line":14,"column":46},"end":{"line":14,"column":49}},{"start":{"line":14,"column":53},"end":{"line":14,"column":67}}],"line":14},"2":{"loc":{"start":{"line":16,"column":176},"end":{"line":16,"column":263}},"type":"if","locations":[{"start":{"line":16,"column":176},"end":{"line":16,"column":263}},{"start":{"line":16,"column":176},"end":{"line":16,"column":263}}],"line":16},"3":{"loc":{"start":{"line":32,"column":8},"end":{"line":52,"column":9}},"type":"switch","locations":[{"start":{"line":33,"column":10},"end":{"line":47,"column":15}},{"start":{"line":49,"column":10},"end":{"line":49,"column":17}},{"start":{"line":50,"column":10},"end":{"line":51,"column":35}}],"line":32},"4":{"loc":{"start":{"line":38,"column":14},"end":{"line":46,"column":15}},"type":"if","locations":[{"start":{"line":38,"column":14},"end":{"line":46,"column":15}},{"start":{"line":38,"column":14},"end":{"line":46,"column":15}}],"line":38},"5":{"loc":{"start":{"line":72,"column":8},"end":{"line":94,"column":9}},"type":"switch","locations":[{"start":{"line":73,"column":10},"end":{"line":89,"column":15}},{"start":{"line":91,"column":10},"end":{"line":91,"column":17}},{"start":{"line":92,"column":10},"end":{"line":93,"column":36}}],"line":72},"6":{"loc":{"start":{"line":80,"column":14},"end":{"line":88,"column":15}},"type":"if","locations":[{"start":{"line":80,"column":14},"end":{"line":88,"column":15}},{"start":{"line":80,"column":14},"end":{"line":88,"column":15}}],"line":80},"7":{"loc":{"start":{"line":113,"column":8},"end":{"line":130,"column":9}},"type":"switch","locations":[{"start":{"line":114,"column":10},"end":{"line":125,"column":15}},{"start":{"line":127,"column":10},"end":{"line":127,"column":17}},{"start":{"line":128,"column":10},"end":{"line":129,"column":36}}],"line":113},"8":{"loc":{"start":{"line":150,"column":8},"end":{"line":174,"column":9}},"type":"switch","locations":[{"start":{"line":151,"column":10},"end":{"line":169,"column":15}},{"start":{"line":171,"column":10},"end":{"line":171,"column":17}},{"start":{"line":172,"column":10},"end":{"line":173,"column":36}}],"line":150},"9":{"loc":{"start":{"line":160,"column":14},"end":{"line":164,"column":15}},"type":"if","locations":[{"start":{"line":160,"column":14},"end":{"line":164,"column":15}},{"start":{"line":160,"column":14},"end":{"line":164,"column":15}}],"line":160}},"s":{"0":1,"1":1,"2":1,"3":1,"4":1,"5":3,"6":6,"7":6,"8":6,"9":0,"10":0,"11":6,"12":3,"13":3,"14":4,"15":3,"16":3,"17":3,"18":3,"19":6,"20":0,"21":3,"22":1,"23":1,"24":1,"25":2,"26":4,"27":4,"28":2,"29":2,"30":2,"31":0,"32":0,"33":0,"34":2,"35":1,"36":2,"37":1,"38":1,"39":1,"40":2,"41":2,"42":1,"43":1,"44":1,"45":1,"46":1,"47":0,"48":0,"49":0,"50":1,"51":1,"52":1,"53":1,"54":1,"55":0,"56":0,"57":0,"58":0,"59":0,"60":0,"61":0,"62":0,"63":1,"64":0,"65":1,"66":1,"67":0,"68":0,"69":0,"70":0,"71":0,"72":0,"73":0,"74":0,"75":0,"76":0,"77":0,"78":0,"79":1,"80":0,"81":1,"82":1},"f":{"0":3,"1":6,"2":4,"3":3,"4":3,"5":6,"6":0,"7":1,"8":2,"9":4,"10":2,"11":0,"12":2,"13":1,"14":1,"15":2,"16":1,"17":0,"18":1,"19":1,"20":0,"21":0,"22":0,"23":0,"24":0,"25":1,"26":0,"27":0,"28":0,"29":0,"30":0},"b":{"0":[0,3],"1":[3,3],"2":[3,3],"3":[2,2,2],"4":[0,0],"5":[1,1,1],"6":[0,0],"7":[0,0,0],"8":[0,0,0],"9":[0,0]},"_coverageSchema":"43e27e138ebf9cfc5966b082cf9a028302ed4184","hash":"78805c6dc931468470b09643b3ec291ab6a8757b","contentHash":"88194d09c35b46cf689fa26fb553657690b8fffdd53d1efb5907f3739e759517"},"C:\\Users\\propser\\Desktop\\TESTS\\p1003903\\EPICmail\\server\\models\\sent\\post.js":{"path":"C:\\Users\\propser\\Desktop\\TESTS\\p1003903\\EPICmail\\server\\models\\sent\\post.js","statementMap":{"0":{"start":{"line":3,"column":33},"end":{"line":3,"column":464}},"1":{"start":{"line":3,"column":46},"end":{"line":3,"column":47}},"2":{"start":{"line":3,"column":91},"end":{"line":3,"column":131}},"3":{"start":{"line":3,"column":147},"end":{"line":3,"column":166}},"4":{"start":{"line":3,"column":168},"end":{"line":3,"column":382}},"5":{"start":{"line":3,"column":226},"end":{"line":3,"column":380}},"6":{"start":{"line":3,"column":312},"end":{"line":3,"column":375}},"7":{"start":{"line":3,"column":383},"end":{"line":3,"column":462}},"8":{"start":{"line":3,"column":416},"end":{"line":3,"column":458}},"9":{"start":{"line":3,"column":465},"end":{"line":3,"column":479}},"10":{"start":{"line":5,"column":44},"end":{"line":5,"column":195}},"11":{"start":{"line":5,"column":62},"end":{"line":5,"column":166}},"12":{"start":{"line":5,"column":176},"end":{"line":5,"column":193}},"13":{"start":{"line":5,"column":196},"end":{"line":5,"column":207}},"14":{"start":{"line":7,"column":12},"end":{"line":7,"column":52}},"15":{"start":{"line":9,"column":15},"end":{"line":9,"column":49}},"16":{"start":{"line":11,"column":13},"end":{"line":11,"column":52}},"17":{"start":{"line":15,"column":2},"end":{"line":24,"column":5}},"18":{"start":{"line":16,"column":4},"end":{"line":21,"column":5}},"19":{"start":{"line":17,"column":6},"end":{"line":20,"column":9}},"20":{"start":{"line":23,"column":4},"end":{"line":23,"column":19}},"21":{"start":{"line":29,"column":2},"end":{"line":35,"column":5}},"22":{"start":{"line":30,"column":4},"end":{"line":34,"column":7}},"23":{"start":{"line":31,"column":6},"end":{"line":31,"column":27}},"24":{"start":{"line":33,"column":6},"end":{"line":33,"column":25}},"25":{"start":{"line":40,"column":2},"end":{"line":52,"column":5}},"26":{"start":{"line":41,"column":13},"end":{"line":43,"column":5}},"27":{"start":{"line":44,"column":15},"end":{"line":47,"column":5}},"28":{"start":{"line":48,"column":4},"end":{"line":48,"column":51}},"29":{"start":{"line":49,"column":4},"end":{"line":49,"column":24}},"30":{"start":{"line":50,"column":4},"end":{"line":50,"column":42}},"31":{"start":{"line":51,"column":4},"end":{"line":51,"column":21}},"32":{"start":{"line":57,"column":2},"end":{"line":75,"column":5}},"33":{"start":{"line":58,"column":4},"end":{"line":74,"column":7}},"34":{"start":{"line":59,"column":18},"end":{"line":61,"column":8}},"35":{"start":{"line":60,"column":8},"end":{"line":60,"column":31}},"36":{"start":{"line":62,"column":6},"end":{"line":64,"column":8}},"37":{"start":{"line":65,"column":17},"end":{"line":68,"column":7}},"38":{"start":{"line":69,"column":6},"end":{"line":69,"column":58}},"39":{"start":{"line":70,"column":6},"end":{"line":70,"column":44}},"40":{"start":{"line":71,"column":6},"end":{"line":71,"column":28}},"41":{"start":{"line":73,"column":6},"end":{"line":73,"column":25}},"42":{"start":{"line":80,"column":2},"end":{"line":90,"column":5}},"43":{"start":{"line":81,"column":4},"end":{"line":89,"column":7}},"44":{"start":{"line":82,"column":6},"end":{"line":84,"column":9}},"45":{"start":{"line":83,"column":8},"end":{"line":83,"column":26}},"46":{"start":{"line":85,"column":6},"end":{"line":85,"column":44}},"47":{"start":{"line":86,"column":6},"end":{"line":86,"column":16}},"48":{"start":{"line":88,"column":6},"end":{"line":88,"column":25}},"49":{"start":{"line":94,"column":0},"end":{"line":100,"column":2}}},"fnMap":{"0":{"name":"_objectSpread","decl":{"start":{"line":3,"column":9},"end":{"line":3,"column":22}},"loc":{"start":{"line":3,"column":31},"end":{"line":3,"column":481}},"line":3},"1":{"name":"(anonymous_1)","decl":{"start":{"line":3,"column":295},"end":{"line":3,"column":296}},"loc":{"start":{"line":3,"column":310},"end":{"line":3,"column":377}},"line":3},"2":{"name":"(anonymous_2)","decl":{"start":{"line":3,"column":399},"end":{"line":3,"column":400}},"loc":{"start":{"line":3,"column":414},"end":{"line":3,"column":460}},"line":3},"3":{"name":"_defineProperty","decl":{"start":{"line":5,"column":9},"end":{"line":5,"column":24}},"loc":{"start":{"line":5,"column":42},"end":{"line":5,"column":209}},"line":5},"4":{"name":"getPosts","decl":{"start":{"line":14,"column":9},"end":{"line":14,"column":17}},"loc":{"start":{"line":14,"column":20},"end":{"line":25,"column":1}},"line":14},"5":{"name":"(anonymous_5)","decl":{"start":{"line":15,"column":21},"end":{"line":15,"column":22}},"loc":{"start":{"line":15,"column":48},"end":{"line":24,"column":3}},"line":15},"6":{"name":"getPost","decl":{"start":{"line":28,"column":9},"end":{"line":28,"column":16}},"loc":{"start":{"line":28,"column":31},"end":{"line":36,"column":1}},"line":28},"7":{"name":"(anonymous_7)","decl":{"start":{"line":29,"column":21},"end":{"line":29,"column":22}},"loc":{"start":{"line":29,"column":48},"end":{"line":35,"column":3}},"line":29},"8":{"name":"(anonymous_8)","decl":{"start":{"line":30,"column":51},"end":{"line":30,"column":52}},"loc":{"start":{"line":30,"column":67},"end":{"line":32,"column":5}},"line":30},"9":{"name":"(anonymous_9)","decl":{"start":{"line":32,"column":13},"end":{"line":32,"column":14}},"loc":{"start":{"line":32,"column":28},"end":{"line":34,"column":5}},"line":32},"10":{"name":"insertPost","decl":{"start":{"line":39,"column":9},"end":{"line":39,"column":19}},"loc":{"start":{"line":39,"column":29},"end":{"line":53,"column":1}},"line":39},"11":{"name":"(anonymous_11)","decl":{"start":{"line":40,"column":21},"end":{"line":40,"column":22}},"loc":{"start":{"line":40,"column":48},"end":{"line":52,"column":3}},"line":40},"12":{"name":"updatePost","decl":{"start":{"line":56,"column":9},"end":{"line":56,"column":19}},"loc":{"start":{"line":56,"column":43},"end":{"line":76,"column":1}},"line":56},"13":{"name":"(anonymous_13)","decl":{"start":{"line":57,"column":21},"end":{"line":57,"column":22}},"loc":{"start":{"line":57,"column":48},"end":{"line":75,"column":3}},"line":57},"14":{"name":"(anonymous_14)","decl":{"start":{"line":58,"column":51},"end":{"line":58,"column":52}},"loc":{"start":{"line":58,"column":67},"end":{"line":72,"column":5}},"line":58},"15":{"name":"(anonymous_15)","decl":{"start":{"line":59,"column":34},"end":{"line":59,"column":35}},"loc":{"start":{"line":59,"column":47},"end":{"line":61,"column":7}},"line":59},"16":{"name":"(anonymous_16)","decl":{"start":{"line":72,"column":13},"end":{"line":72,"column":14}},"loc":{"start":{"line":72,"column":28},"end":{"line":74,"column":5}},"line":72},"17":{"name":"deletePost","decl":{"start":{"line":79,"column":9},"end":{"line":79,"column":19}},"loc":{"start":{"line":79,"column":34},"end":{"line":91,"column":1}},"line":79},"18":{"name":"(anonymous_18)","decl":{"start":{"line":80,"column":21},"end":{"line":80,"column":22}},"loc":{"start":{"line":80,"column":48},"end":{"line":90,"column":3}},"line":80},"19":{"name":"(anonymous_19)","decl":{"start":{"line":81,"column":51},"end":{"line":81,"column":52}},"loc":{"start":{"line":81,"column":63},"end":{"line":87,"column":5}},"line":81},"20":{"name":"(anonymous_20)","decl":{"start":{"line":82,"column":27},"end":{"line":82,"column":28}},"loc":{"start":{"line":82,"column":40},"end":{"line":84,"column":7}},"line":82},"21":{"name":"(anonymous_21)","decl":{"start":{"line":87,"column":13},"end":{"line":87,"column":14}},"loc":{"start":{"line":87,"column":28},"end":{"line":89,"column":5}},"line":87}},"branchMap":{"0":{"loc":{"start":{"line":3,"column":91},"end":{"line":3,"column":131}},"type":"cond-expr","locations":[{"start":{"line":3,"column":114},"end":{"line":3,"column":126}},{"start":{"line":3,"column":129},"end":{"line":3,"column":131}}],"line":3},"1":{"loc":{"start":{"line":3,"column":168},"end":{"line":3,"column":382}},"type":"if","locations":[{"start":{"line":3,"column":168},"end":{"line":3,"column":382}},{"start":{"line":3,"column":168},"end":{"line":3,"column":382}}],"line":3},"2":{"loc":{"start":{"line":5,"column":44},"end":{"line":5,"column":195}},"type":"if","locations":[{"start":{"line":5,"column":44},"end":{"line":5,"column":195}},{"start":{"line":5,"column":44},"end":{"line":5,"column":195}}],"line":5},"3":{"loc":{"start":{"line":16,"column":4},"end":{"line":21,"column":5}},"type":"if","locations":[{"start":{"line":16,"column":4},"end":{"line":21,"column":5}},{"start":{"line":16,"column":4},"end":{"line":21,"column":5}}],"line":16}},"s":{"0":0,"1":0,"2":0,"3":0,"4":0,"5":0,"6":0,"7":0,"8":0,"9":0,"10":0,"11":0,"12":0,"13":0,"14":1,"15":1,"16":1,"17":2,"18":2,"19":0,"20":2,"21":1,"22":1,"23":1,"24":0,"25":0,"26":0,"27":0,"28":0,"29":0,"30":0,"31":0,"32":0,"33":0,"34":0,"35":0,"36":0,"37":0,"38":0,"39":0,"40":0,"41":0,"42":0,"43":0,"44":0,"45":0,"46":0,"47":0,"48":0,"49":1},"f":{"0":0,"1":0,"2":0,"3":0,"4":2,"5":2,"6":1,"7":1,"8":1,"9":0,"10":0,"11":0,"12":0,"13":0,"14":0,"15":0,"16":0,"17":0,"18":0,"19":0,"20":0,"21":0},"b":{"0":[0,0],"1":[0,0],"2":[0,0],"3":[0,2]},"_coverageSchema":"43e27e138ebf9cfc5966b082cf9a028302ed4184","hash":"a6a5016df0f1d212b6557f003abdf01a38702497","contentHash":"a9672517e28b44401f70bb182f39b367ead67d49cfd349b42aad8b865dc85d70"},"C:\\Users\\propser\\Desktop\\TESTS\\p1003903\\EPICmail\\server\\helpers\\sent\\helper.js":{"path":"C:\\Users\\propser\\Desktop\\TESTS\\p1003903\\EPICmail\\server\\helpers\\sent\\helper.js","statementMap":{"0":{"start":{"line":3,"column":9},"end":{"line":3,"column":22}},"1":{"start":{"line":5,"column":15},"end":{"line":11,"column":1}},"2":{"start":{"line":6,"column":2},"end":{"line":10,"column":3}},"3":{"start":{"line":7,"column":4},"end":{"line":7,"column":42}},"4":{"start":{"line":9,"column":4},"end":{"line":9,"column":13}},"5":{"start":{"line":13,"column":14},"end":{"line":15,"column":1}},"6":{"start":{"line":14,"column":2},"end":{"line":14,"column":31}},"7":{"start":{"line":18,"column":2},"end":{"line":33,"column":5}},"8":{"start":{"line":19,"column":4},"end":{"line":23,"column":5}},"9":{"start":{"line":19,"column":17},"end":{"line":19,"column":18}},"10":{"start":{"line":20,"column":6},"end":{"line":22,"column":10}},"11":{"start":{"line":21,"column":8},"end":{"line":21,"column":74}},"12":{"start":{"line":25,"column":4},"end":{"line":32,"column":5}},"13":{"start":{"line":26,"column":6},"end":{"line":26,"column":69}},"14":{"start":{"line":28,"column":6},"end":{"line":31,"column":9}},"15":{"start":{"line":37,"column":2},"end":{"line":41,"column":5}},"16":{"start":{"line":38,"column":4},"end":{"line":40,"column":5}},"17":{"start":{"line":39,"column":6},"end":{"line":39,"column":23}},"18":{"start":{"line":44,"column":0},"end":{"line":49,"column":2}}},"fnMap":{"0":{"name":"getNewId","decl":{"start":{"line":5,"column":24},"end":{"line":5,"column":32}},"loc":{"start":{"line":5,"column":40},"end":{"line":11,"column":1}},"line":5},"1":{"name":"newDate","decl":{"start":{"line":13,"column":23},"end":{"line":13,"column":30}},"loc":{"start":{"line":13,"column":33},"end":{"line":15,"column":1}},"line":13},"2":{"name":"mustBeInArray","decl":{"start":{"line":17,"column":9},"end":{"line":17,"column":22}},"loc":{"start":{"line":17,"column":44},"end":{"line":34,"column":1}},"line":17},"3":{"name":"(anonymous_3)","decl":{"start":{"line":18,"column":21},"end":{"line":18,"column":22}},"loc":{"start":{"line":18,"column":48},"end":{"line":33,"column":3}},"line":18},"4":{"name":"(anonymous_4)","decl":{"start":{"line":20,"column":27},"end":{"line":20,"column":28}},"loc":{"start":{"line":20,"column":40},"end":{"line":22,"column":7}},"line":20},"5":{"name":"(anonymous_5)","decl":{"start":{"line":25,"column":20},"end":{"line":25,"column":21}},"loc":{"start":{"line":25,"column":33},"end":{"line":27,"column":5}},"line":25},"6":{"name":"writeJSONFile","decl":{"start":{"line":36,"column":9},"end":{"line":36,"column":22}},"loc":{"start":{"line":36,"column":42},"end":{"line":42,"column":1}},"line":36},"7":{"name":"(anonymous_7)","decl":{"start":{"line":37,"column":71},"end":{"line":37,"column":72}},"loc":{"start":{"line":37,"column":86},"end":{"line":41,"column":3}},"line":37}},"branchMap":{"0":{"loc":{"start":{"line":6,"column":2},"end":{"line":10,"column":3}},"type":"if","locations":[{"start":{"line":6,"column":2},"end":{"line":10,"column":3}},{"start":{"line":6,"column":2},"end":{"line":10,"column":3}}],"line":6},"1":{"loc":{"start":{"line":21,"column":15},"end":{"line":21,"column":73}},"type":"binary-expr","locations":[{"start":{"line":21,"column":15},"end":{"line":21,"column":31}},{"start":{"line":21,"column":35},"end":{"line":21,"column":73}}],"line":21},"2":{"loc":{"start":{"line":25,"column":4},"end":{"line":32,"column":5}},"type":"if","locations":[{"start":{"line":25,"column":4},"end":{"line":32,"column":5}},{"start":{"line":25,"column":4},"end":{"line":32,"column":5}}],"line":25},"3":{"loc":{"start":{"line":26,"column":13},"end":{"line":26,"column":68}},"type":"binary-expr","locations":[{"start":{"line":26,"column":13},"end":{"line":26,"column":29}},{"start":{"line":26,"column":33},"end":{"line":26,"column":68}}],"line":26},"4":{"loc":{"start":{"line":38,"column":4},"end":{"line":40,"column":5}},"type":"if","locations":[{"start":{"line":38,"column":4},"end":{"line":40,"column":5}},{"start":{"line":38,"column":4},"end":{"line":40,"column":5}}],"line":38}},"s":{"0":1,"1":1,"2":0,"3":0,"4":0,"5":1,"6":0,"7":1,"8":1,"9":1,"10":3,"11":9,"12":1,"13":3,"14":1,"15":0,"16":0,"17":0,"18":1},"f":{"0":0,"1":0,"2":1,"3":1,"4":9,"5":3,"6":0,"7":0},"b":{"0":[0,0],"1":[9,3],"2":[1,0],"3":[3,1],"4":[0,0]},"_coverageSchema":"43e27e138ebf9cfc5966b082cf9a028302ed4184","hash":"e171b9aeea95fc5563b47b7cf7a57dace13fd167","contentHash":"08a032a4980b0afb42a58a6f0f8ee2cac21a4741e26f55fed16a6f1fff8da490"},"C:\\Users\\propser\\Desktop\\TESTS\\p1003903\\EPICmail\\server\\helpers\\sent\\m.js":{"path":"C:\\Users\\propser\\Desktop\\TESTS\\p1003903\\EPICmail\\server\\helpers\\sent\\m.js","statementMap":{"0":{"start":{"line":4,"column":11},"end":{"line":4,"column":24}},"1":{"start":{"line":6,"column":2},"end":{"line":12,"column":3}},"2":{"start":{"line":7,"column":4},"end":{"line":9,"column":7}},"3":{"start":{"line":11,"column":4},"end":{"line":11,"column":11}},"4":{"start":{"line":16,"column":18},"end":{"line":16,"column":26}},"5":{"start":{"line":17,"column":16},"end":{"line":17,"column":33}},"6":{"start":{"line":18,"column":16},"end":{"line":18,"column":33}},"7":{"start":{"line":20,"column":2},"end":{"line":26,"column":3}},"8":{"start":{"line":21,"column":4},"end":{"line":21,"column":11}},"9":{"start":{"line":23,"column":4},"end":{"line":25,"column":7}},"10":{"start":{"line":29,"column":0},"end":{"line":32,"column":2}}},"fnMap":{"0":{"name":"mustBeInteger","decl":{"start":{"line":3,"column":9},"end":{"line":3,"column":22}},"loc":{"start":{"line":3,"column":39},"end":{"line":13,"column":1}},"line":3},"1":{"name":"checkFieldsPost","decl":{"start":{"line":15,"column":9},"end":{"line":15,"column":24}},"loc":{"start":{"line":15,"column":41},"end":{"line":27,"column":1}},"line":15}},"branchMap":{"0":{"loc":{"start":{"line":6,"column":2},"end":{"line":12,"column":3}},"type":"if","locations":[{"start":{"line":6,"column":2},"end":{"line":12,"column":3}},{"start":{"line":6,"column":2},"end":{"line":12,"column":3}}],"line":6},"1":{"loc":{"start":{"line":20,"column":2},"end":{"line":26,"column":3}},"type":"if","locations":[{"start":{"line":20,"column":2},"end":{"line":26,"column":3}},{"start":{"line":20,"column":2},"end":{"line":26,"column":3}}],"line":20},"2":{"loc":{"start":{"line":20,"column":6},"end":{"line":20,"column":24}},"type":"binary-expr","locations":[{"start":{"line":20,"column":6},"end":{"line":20,"column":13}},{"start":{"line":20,"column":17},"end":{"line":20,"column":24}}],"line":20}},"s":{"0":1,"1":1,"2":0,"3":1,"4":0,"5":0,"6":0,"7":0,"8":0,"9":0,"10":1},"f":{"0":1,"1":0},"b":{"0":[0,1],"1":[0,0],"2":[0,0]},"_coverageSchema":"43e27e138ebf9cfc5966b082cf9a028302ed4184","hash":"0f0b2da4ec65f94effe51996713795c5ff08a37f","contentHash":"bc74025c15981ae94b1dea586de4a9cae522a5b04db56dfc75ac7c7ad140c95b"},"C:\\Users\\propser\\Desktop\\TESTS\\p1003903\\EPICmail\\server\\routes\\inbox\\routes.js":{"path":"C:\\Users\\propser\\Desktop\\TESTS\\p1003903\\EPICmail\\server\\routes\\inbox\\routes.js","statementMap":{"0":{"start":{"line":3,"column":0},"end":{"line":5,"column":3}},"1":{"start":{"line":6,"column":0},"end":{"line":6,"column":25}},"2":{"start":{"line":8,"column":15},"end":{"line":8,"column":57}},"3":{"start":{"line":10,"column":12},"end":{"line":10,"column":70}},"4":{"start":{"line":12,"column":9},"end":{"line":12,"column":65}},"5":{"start":{"line":14,"column":39},"end":{"line":14,"column":93}},"6":{"start":{"line":16,"column":77},"end":{"line":16,"column":175}},"7":{"start":{"line":16,"column":94},"end":{"line":16,"column":107}},"8":{"start":{"line":16,"column":121},"end":{"line":16,"column":131}},"9":{"start":{"line":16,"column":151},"end":{"line":16,"column":165}},"10":{"start":{"line":16,"column":166},"end":{"line":16,"column":173}},"11":{"start":{"line":16,"column":176},"end":{"line":16,"column":263}},"12":{"start":{"line":16,"column":193},"end":{"line":16,"column":208}},"13":{"start":{"line":16,"column":218},"end":{"line":16,"column":261}},"14":{"start":{"line":18,"column":33},"end":{"line":18,"column":387}},"15":{"start":{"line":18,"column":65},"end":{"line":18,"column":69}},"16":{"start":{"line":18,"column":78},"end":{"line":18,"column":87}},"17":{"start":{"line":18,"column":89},"end":{"line":18,"column":384}},"18":{"start":{"line":18,"column":147},"end":{"line":18,"column":167}},"19":{"start":{"line":18,"column":193},"end":{"line":18,"column":264}},"20":{"start":{"line":18,"column":290},"end":{"line":18,"column":360}},"21":{"start":{"line":18,"column":363},"end":{"line":18,"column":380}},"22":{"start":{"line":20,"column":13},"end":{"line":20,"column":38}},"23":{"start":{"line":24,"column":0},"end":{"line":63,"column":5}},"24":{"start":{"line":27,"column":13},"end":{"line":58,"column":5}},"25":{"start":{"line":31,"column":4},"end":{"line":57,"column":16}},"26":{"start":{"line":32,"column":6},"end":{"line":56,"column":7}},"27":{"start":{"line":33,"column":8},"end":{"line":55,"column":9}},"28":{"start":{"line":35,"column":12},"end":{"line":35,"column":31}},"29":{"start":{"line":36,"column":12},"end":{"line":36,"column":43}},"30":{"start":{"line":37,"column":12},"end":{"line":37,"column":30}},"31":{"start":{"line":38,"column":12},"end":{"line":50,"column":15}},"32":{"start":{"line":39,"column":14},"end":{"line":39,"column":36}},"33":{"start":{"line":41,"column":14},"end":{"line":49,"column":15}},"34":{"start":{"line":42,"column":16},"end":{"line":44,"column":19}},"35":{"start":{"line":46,"column":16},"end":{"line":48,"column":19}},"36":{"start":{"line":54,"column":12},"end":{"line":54,"column":35}},"37":{"start":{"line":60,"column":2},"end":{"line":62,"column":4}},"38":{"start":{"line":61,"column":4},"end":{"line":61,"column":39}},"39":{"start":{"line":66,"column":0},"end":{"line":107,"column":5}},"40":{"start":{"line":69,"column":14},"end":{"line":102,"column":5}},"41":{"start":{"line":73,"column":4},"end":{"line":101,"column":17}},"42":{"start":{"line":74,"column":6},"end":{"line":100,"column":7}},"43":{"start":{"line":75,"column":8},"end":{"line":99,"column":9}},"44":{"start":{"line":77,"column":12},"end":{"line":77,"column":31}},"45":{"start":{"line":78,"column":12},"end":{"line":78,"column":43}},"46":{"start":{"line":79,"column":12},"end":{"line":79,"column":31}},"47":{"start":{"line":80,"column":12},"end":{"line":94,"column":15}},"48":{"start":{"line":81,"column":14},"end":{"line":83,"column":17}},"49":{"start":{"line":85,"column":14},"end":{"line":89,"column":15}},"50":{"start":{"line":86,"column":16},"end":{"line":88,"column":19}},"51":{"start":{"line":91,"column":14},"end":{"line":93,"column":17}},"52":{"start":{"line":98,"column":12},"end":{"line":98,"column":36}},"53":{"start":{"line":104,"column":2},"end":{"line":106,"column":4}},"54":{"start":{"line":105,"column":4},"end":{"line":105,"column":40}},"55":{"start":{"line":108,"column":15},"end":{"line":108,"column":21}},"56":{"start":{"line":109,"column":0},"end":{"line":109,"column":27}}},"fnMap":{"0":{"name":"_interopRequireDefault","decl":{"start":{"line":14,"column":9},"end":{"line":14,"column":31}},"loc":{"start":{"line":14,"column":37},"end":{"line":14,"column":95}},"line":14},"1":{"name":"asyncGeneratorStep","decl":{"start":{"line":16,"column":9},"end":{"line":16,"column":27}},"loc":{"start":{"line":16,"column":75},"end":{"line":16,"column":265}},"line":16},"2":{"name":"_asyncToGenerator","decl":{"start":{"line":18,"column":9},"end":{"line":18,"column":26}},"loc":{"start":{"line":18,"column":31},"end":{"line":18,"column":389}},"line":18},"3":{"name":"(anonymous_3)","decl":{"start":{"line":18,"column":40},"end":{"line":18,"column":41}},"loc":{"start":{"line":18,"column":52},"end":{"line":18,"column":386}},"line":18},"4":{"name":"(anonymous_4)","decl":{"start":{"line":18,"column":108},"end":{"line":18,"column":109}},"loc":{"start":{"line":18,"column":135},"end":{"line":18,"column":382}},"line":18},"5":{"name":"_next","decl":{"start":{"line":18,"column":178},"end":{"line":18,"column":183}},"loc":{"start":{"line":18,"column":191},"end":{"line":18,"column":266}},"line":18},"6":{"name":"_throw","decl":{"start":{"line":18,"column":276},"end":{"line":18,"column":282}},"loc":{"start":{"line":18,"column":288},"end":{"line":18,"column":362}},"line":18},"7":{"name":"(anonymous_7)","decl":{"start":{"line":26,"column":0},"end":{"line":26,"column":1}},"loc":{"start":{"line":26,"column":12},"end":{"line":63,"column":1}},"line":26},"8":{"name":"_callee","decl":{"start":{"line":29,"column":35},"end":{"line":29,"column":42}},"loc":{"start":{"line":29,"column":53},"end":{"line":58,"column":3}},"line":29},"9":{"name":"_callee$","decl":{"start":{"line":31,"column":44},"end":{"line":31,"column":52}},"loc":{"start":{"line":31,"column":63},"end":{"line":57,"column":5}},"line":31},"10":{"name":"(anonymous_10)","decl":{"start":{"line":38,"column":60},"end":{"line":38,"column":61}},"loc":{"start":{"line":38,"column":76},"end":{"line":40,"column":13}},"line":38},"11":{"name":"(anonymous_11)","decl":{"start":{"line":40,"column":21},"end":{"line":40,"column":22}},"loc":{"start":{"line":40,"column":36},"end":{"line":50,"column":13}},"line":40},"12":{"name":"(anonymous_12)","decl":{"start":{"line":60,"column":9},"end":{"line":60,"column":10}},"loc":{"start":{"line":60,"column":28},"end":{"line":62,"column":3}},"line":60},"13":{"name":"(anonymous_13)","decl":{"start":{"line":68,"column":0},"end":{"line":68,"column":1}},"loc":{"start":{"line":68,"column":12},"end":{"line":107,"column":1}},"line":68},"14":{"name":"_callee2","decl":{"start":{"line":71,"column":35},"end":{"line":71,"column":43}},"loc":{"start":{"line":71,"column":54},"end":{"line":102,"column":3}},"line":71},"15":{"name":"_callee2$","decl":{"start":{"line":73,"column":44},"end":{"line":73,"column":53}},"loc":{"start":{"line":73,"column":65},"end":{"line":101,"column":5}},"line":73},"16":{"name":"(anonymous_16)","decl":{"start":{"line":80,"column":63},"end":{"line":80,"column":64}},"loc":{"start":{"line":80,"column":79},"end"
[...]
ne":3},"1":{"name":"(anonymous_1)","decl":{"start":{"line":3,"column":295},"end":{"line":3,"column":296}},"loc":{"start":{"line":3,"column":310},"end":{"line":3,"column":377}},"line":3},"2":{"name":"(anonymous_2)","decl":{"start":{"line":3,"column":399},"end":{"line":3,"column":400}},"loc":{"start":{"line":3,"column":414},"end":{"line":3,"column":460}},"line":3},"3":{"name":"_defineProperty","decl":{"start":{"line":5,"column":9},"end":{"line":5,"column":24}},"loc":{"start":{"line":5,"column":42},"end":{"line":5,"column":209}},"line":5},"4":{"name":"getPosts","decl":{"start":{"line":14,"column":9},"end":{"line":14,"column":17}},"loc":{"start":{"line":14,"column":20},"end":{"line":25,"column":1}},"line":14},"5":{"name":"(anonymous_5)","decl":{"start":{"line":15,"column":21},"end":{"line":15,"column":22}},"loc":{"start":{"line":15,"column":48},"end":{"line":24,"column":3}},"line":15},"6":{"name":"getPost","decl":{"start":{"line":28,"column":9},"end":{"line":28,"column":16}},"loc":{"start":{"line":28,"column":31},"end":{"line":36,"column":1}},"line":28},"7":{"name":"(anonymous_7)","decl":{"start":{"line":29,"column":21},"end":{"line":29,"column":22}},"loc":{"start":{"line":29,"column":48},"end":{"line":35,"column":3}},"line":29},"8":{"name":"(anonymous_8)","decl":{"start":{"line":30,"column":51},"end":{"line":30,"column":52}},"loc":{"start":{"line":30,"column":67},"end":{"line":32,"column":5}},"line":30},"9":{"name":"(anonymous_9)","decl":{"start":{"line":32,"column":13},"end":{"line":32,"column":14}},"loc":{"start":{"line":32,"column":28},"end":{"line":34,"column":5}},"line":32},"10":{"name":"insertPost","decl":{"start":{"line":39,"column":9},"end":{"line":39,"column":19}},"loc":{"start":{"line":39,"column":29},"end":{"line":53,"column":1}},"line":39},"11":{"name":"(anonymous_11)","decl":{"start":{"line":40,"column":21},"end":{"line":40,"column":22}},"loc":{"start":{"line":40,"column":48},"end":{"line":52,"column":3}},"line":40},"12":{"name":"updatePost","decl":{"start":{"line":56,"column":9},"end":{"line":56,"column":19}},"loc":{"start":{"line":56,"column":43},"end":{"line":76,"column":1}},"line":56},"13":{"name":"(anonymous_13)","decl":{"start":{"line":57,"column":21},"end":{"line":57,"column":22}},"loc":{"start":{"line":57,"column":48},"end":{"line":75,"column":3}},"line":57},"14":{"name":"(anonymous_14)","decl":{"start":{"line":58,"column":51},"end":{"line":58,"column":52}},"loc":{"start":{"line":58,"column":67},"end":{"line":72,"column":5}},"line":58},"15":{"name":"(anonymous_15)","decl":{"start":{"line":59,"column":34},"end":{"line":59,"column":35}},"loc":{"start":{"line":59,"column":47},"end":{"line":61,"column":7}},"line":59},"16":{"name":"(anonymous_16)","decl":{"start":{"line":72,"column":13},"end":{"line":72,"column":14}},"loc":{"start":{"line":72,"column":28},"end":{"line":74,"column":5}},"line":72},"17":{"name":"deletePost","decl":{"start":{"line":79,"column":9},"end":{"line":79,"column":19}},"loc":{"start":{"line":79,"column":34},"end":{"line":91,"column":1}},"line":79},"18":{"name":"(anonymous_18)","decl":{"start":{"line":80,"column":21},"end":{"line":80,"column":22}},"loc":{"start":{"line":80,"column":48},"end":{"line":90,"column":3}},"line":80},"19":{"name":"(anonymous_19)","decl":{"start":{"line":81,"column":51},"end":{"line":81,"column":52}},"loc":{"start":{"line":81,"column":63},"end":{"line":87,"column":5}},"line":81},"20":{"name":"(anonymous_20)","decl":{"start":{"line":82,"column":27},"end":{"line":82,"column":28}},"loc":{"start":{"line":82,"column":40},"end":{"line":84,"column":7}},"line":82},"21":{"name":"(anonymous_21)","decl":{"start":{"line":87,"column":13},"end":{"line":87,"column":14}},"loc":{"start":{"line":87,"column":28},"end":{"line":89,"column":5}},"line":87}},"branchMap":{"0":{"loc":{"start":{"line":3,"column":91},"end":{"line":3,"column":131}},"type":"cond-expr","locations":[{"start":{"line":3,"column":114},"end":{"line":3,"column":126}},{"start":{"line":3,"column":129},"end":{"line":3,"column":131}}],"line":3},"1":{"loc":{"start":{"line":3,"column":168},"end":{"line":3,"column":382}},"type":"if","locations":[{"start":{"line":3,"column":168},"end":{"line":3,"column":382}},{"start":{"line":3,"column":168},"end":{"line":3,"column":382}}],"line":3},"2":{"loc":{"start":{"line":5,"column":44},"end":{"line":5,"column":195}},"type":"if","locations":[{"start":{"line":5,"column":44},"end":{"line":5,"column":195}},{"start":{"line":5,"column":44},"end":{"line":5,"column":195}}],"line":5},"3":{"loc":{"start":{"line":16,"column":4},"end":{"line":21,"column":5}},"type":"if","locations":[{"start":{"line":16,"column":4},"end":{"line":21,"column":5}},{"start":{"line":16,"column":4},"end":{"line":21,"column":5}}],"line":16}},"s":{"0":0,"1":0,"2":0,"3":0,"4":0,"5":0,"6":0,"7":0,"8":0,"9":0,"10":0,"11":0,"12":0,"13":0,"14":1,"15":1,"16":1,"17":0,"18":0,"19":0,"20":0,"21":3,"22":3,"23":3,"24":0,"25":0,"26":0,"27":0,"28":0,"29":0,"30":0,"31":0,"32":0,"33":0,"34":0,"35":0,"36":0,"37":0,"38":0,"39":0,"40":0,"41":0,"42":0,"43":0,"44":0,"45":0,"46":0,"47":0,"48":0,"49":1},"f":{"0":0,"1":0,"2":0,"3":0,"4":0,"5":0,"6":3,"7":3,"8":3,"9":0,"10":0,"11":0,"12":0,"13":0,"14":0,"15":0,"16":0,"17":0,"18":0,"19":0,"20":0,"21":0},"b":{"0":[0,0],"1":[0,0],"2":[0,0],"3":[0,0]},"_coverageSchema":"43e27e138ebf9cfc5966b082cf9a028302ed4184","hash":"8a990a32cce2aacfc6030783b11295b2e828b110","contentHash":"a426605d8289a66db4ddc2b959bcd63658d3e1d9724e92742b2cc6876337fe25"},"C:\\Users\\propser\\Desktop\\TESTS\\p1003903\\EPICmail\\server\\helpers\\inbox\\helper.js":{"path":"C:\\Users\\propser\\Desktop\\TESTS\\p1003903\\EPICmail\\server\\helpers\\inbox\\helper.js","statementMap":{"0":{"start":{"line":3,"column":9},"end":{"line":3,"column":22}},"1":{"start":{"line":5,"column":15},"end":{"line":11,"column":1}},"2":{"start":{"line":6,"column":2},"end":{"line":10,"column":3}},"3":{"start":{"line":7,"column":4},"end":{"line":7,"column":42}},"4":{"start":{"line":9,"column":4},"end":{"line":9,"column":13}},"5":{"start":{"line":13,"column":14},"end":{"line":15,"column":1}},"6":{"start":{"line":14,"column":2},"end":{"line":14,"column":31}},"7":{"start":{"line":18,"column":2},"end":{"line":39,"column":5}},"8":{"start":{"line":19,"column":4},"end":{"line":29,"column":5}},"9":{"start":{"line":20,"column":6},"end":{"line":22,"column":10}},"10":{"start":{"line":21,"column":8},"end":{"line":21,"column":63}},"11":{"start":{"line":24,"column":6},"end":{"line":28,"column":7}},"12":{"start":{"line":24,"column":19},"end":{"line":24,"column":20}},"13":{"start":{"line":25,"column":8},"end":{"line":27,"column":12}},"14":{"start":{"line":26,"column":10},"end":{"line":26,"column":83}},"15":{"start":{"line":31,"column":4},"end":{"line":38,"column":5}},"16":{"start":{"line":32,"column":6},"end":{"line":32,"column":79}},"17":{"start":{"line":34,"column":6},"end":{"line":37,"column":9}},"18":{"start":{"line":43,"column":2},"end":{"line":47,"column":5}},"19":{"start":{"line":44,"column":4},"end":{"line":46,"column":5}},"20":{"start":{"line":45,"column":6},"end":{"line":45,"column":23}},"21":{"start":{"line":50,"column":0},"end":{"line":55,"column":2}}},"fnMap":{"0":{"name":"getNewId","decl":{"start":{"line":5,"column":24},"end":{"line":5,"column":32}},"loc":{"start":{"line":5,"column":40},"end":{"line":11,"column":1}},"line":5},"1":{"name":"newDate","decl":{"start":{"line":13,"column":23},"end":{"line":13,"column":30}},"loc":{"start":{"line":13,"column":33},"end":{"line":15,"column":1}},"line":13},"2":{"name":"mustBeInArray","decl":{"start":{"line":17,"column":9},"end":{"line":17,"column":22}},"loc":{"start":{"line":17,"column":44},"end":{"line":40,"column":1}},"line":17},"3":{"name":"(anonymous_3)","decl":{"start":{"line":18,"column":21},"end":{"line":18,"column":22}},"loc":{"start":{"line":18,"column":48},"end":{"line":39,"column":3}},"line":18},"4":{"name":"(anonymous_4)","decl":{"start":{"line":20,"column":27},"end":{"line":20,"column":28}},"loc":{"start":{"line":20,"column":40},"end":{"line":22,"column":7}},"line":20},"5":{"name":"(anonymous_5)","decl":{"start":{"line":25,"column":29},"end":{"line":25,"column":30}},"loc":{"start":{"line":25,"column":42},"end":{"line":27,"column":9}},"line":25},"6":{"name":"(anonymous_6)","decl":{"start":{"line":31,"column":22},"end":{"line":31,"column":23}},"loc":{"start":{"line":31,"column":35},"end":{"line":33,"column":5}},"line":31},"7":{"name":"writeJSONFile","decl":{"start":{"line":42,"column":9},"end":{"line":42,"column":22}},"loc":{"start":{"line":42,"column":42},"end":{"line":48,"column":1}},"line":42},"8":{"name":"(anonymous_8)","decl":{"start":{"line":43,"column":71},"end":{"line":43,"column":72}},"loc":{"start":{"line":43,"column":86},"end":{"line":47,"column":3}},"line":43}},"branchMap":{"0":{"loc":{"start":{"line":6,"column":2},"end":{"line":10,"column":3}},"type":"if","locations":[{"start":{"line":6,"column":2},"end":{"line":10,"column":3}},{"start":{"line":6,"column":2},"end":{"line":10,"column":3}}],"line":6},"1":{"loc":{"start":{"line":19,"column":4},"end":{"line":29,"column":5}},"type":"if","locations":[{"start":{"line":19,"column":4},"end":{"line":29,"column":5}},{"start":{"line":19,"column":4},"end":{"line":29,"column":5}}],"line":19},"2":{"loc":{"start":{"line":21,"column":15},"end":{"line":21,"column":62}},"type":"binary-expr","locations":[{"start":{"line":21,"column":15},"end":{"line":21,"column":38}},{"start":{"line":21,"column":42},"end":{"line":21,"column":62}}],"line":21},"3":{"loc":{"start":{"line":26,"column":17},"end":{"line":26,"column":82}},"type":"binary-expr","locations":[{"start":{"line":26,"column":17},"end":{"line":26,"column":40}},{"start":{"line":26,"column":44},"end":{"line":26,"column":82}}],"line":26},"4":{"loc":{"start":{"line":31,"column":4},"end":{"line":38,"column":5}},"type":"if","locations":[{"start":{"line":31,"column":4},"end":{"line":38,"column":5}},{"start":{"line":31,"column":4},"end":{"line":38,"column":5}}],"line":31},"5":{"loc":{"start":{"line":32,"column":13},"end":{"line":32,"column":78}},"type":"binary-expr","locations":[{"start":{"line":32,"column":13},"end":{"line":32,"column":36}},{"start":{"line":32,"column":40},"end":{"line":32,"column":78}}],"line":32},"6":{"loc":{"start":{"line":44,"column":4},"end":{"line":46,"column":5}},"type":"if","locations":[{"start":{"line":44,"column":4},"end":{"line":46,"column":5}},{"start":{"line":44,"column":4},"end":{"line":46,"column":5}}],"line":44}},"s":{"0":1,"1":1,"2":0,"3":0,"4":0,"5":1,"6":0,"7":3,"8":3,"9":2,"10":6,"11":1,"12":1,"13":3,"14":9,"15":3,"16":9,"17":0,"18":0,"19":0,"20":0,"21":1},"f":{"0":0,"1":0,"2":3,"3":3,"4":6,"5":9,"6":9,"7":0,"8":0},"b":{"0":[0,0],"1":[2,1],"2":[6,1],"3":[9,3],"4":[0,3],"5":[9,2],"6":[0,0]},"_coverageSchema":"43e27e138ebf9cfc5966b082cf9a028302ed4184","hash":"08fb8557b279142ab38dc167d193c228ecd92e52","contentHash":"4365dba68682f406fbc3b75c7816e3b301a774e49d51abcd934949d2b44cd81f"},"C:\\Users\\propser\\Desktop\\TESTS\\p1003903\\EPICmail\\server\\helpers\\inbox\\m.js":{"path":"C:\\Users\\propser\\Desktop\\TESTS\\p1003903\\EPICmail\\server\\helpers\\inbox\\m.js","statementMap":{"0":{"start":{"line":4,"column":11},"end":{"line":4,"column":24}},"1":{"start":{"line":6,"column":2},"end":{"line":12,"column":3}},"2":{"start":{"line":7,"column":4},"end":{"line":9,"column":7}},"3":{"start":{"line":11,"column":4},"end":{"line":11,"column":11}},"4":{"start":{"line":16,"column":18},"end":{"line":16,"column":26}},"5":{"start":{"line":17,"column":16},"end":{"line":17,"column":33}},"6":{"start":{"line":18,"column":16},"end":{"line":18,"column":33}},"7":{"start":{"line":20,"column":2},"end":{"line":26,"column":3}},"8":{"start":{"line":21,"column":4},"end":{"line":21,"column":11}},"9":{"start":{"line":23,"column":4},"end":{"line":25,"column":7}},"10":{"start":{"line":29,"column":0},"end":{"line":32,"column":2}}},"fnMap":{"0":{"name":"mustBeInteger","decl":{"start":{"line":3,"column":9},"end":{"line":3,"column":22}},"loc":{"start":{"line":3,"column":39},"end":{"line":13,"column":1}},"line":3},"1":{"name":"checkFieldsPost","decl":{"start":{"line":15,"column":9},"end":{"line":15,"column":24}},"loc":{"start":{"line":15,"column":41},"end":{"line":27,"column":1}},"line":15}},"branchMap":{"0":{"loc":{"start":{"line":6,"column":2},"end":{"line":12,"column":3}},"type":"if","locations":[{"start":{"line":6,"column":2},"end":{"line":12,"column":3}},{"start":{"line":6,"column":2},"end":{"line":12,"column":3}}],"line":6},"1":{"loc":{"start":{"line":20,"column":2},"end":{"line":26,"column":3}},"type":"if","locations":[{"start":{"line":20,"column":2},"end":{"line":26,"column":3}},{"start":{"line":20,"column":2},"end":{"line":26,"column":3}}],"line":20},"2":{"loc":{"start":{"line":20,"column":6},"end":{"line":20,"column":24}},"type":"binary-expr","locations":[{"start":{"line":20,"column":6},"end":{"line":20,"column":13}},{"start":{"line":20,"column":17},"end":{"line":20,"column":24}}],"line":20}},"s":{"0":3,"1":3,"2":0,"3":3,"4":0,"5":0,"6":0,"7":0,"8":0,"9":0,"10":1},"f":{"0":3,"1":0},"b":{"0":[0,3],"1":[0,0],"2":[0,0]},"_coverageSchema":"43e27e138ebf9cfc5966b082cf9a028302ed4184","hash":"075ba046c87e044618ad632c68fd5fa533f77f6a","contentHash":"9e1f01814f4576c97d958fa4e5eb5f63fb5ee84fad7df15a25f659be99d64524"},"C:\\Users\\propser\\Desktop\\TESTS\\p1003903\\EPICmail\\server\\tests\\senttests.js":{"path":"C:\\Users\\propser\\Desktop\\TESTS\\p1003903\\EPICmail\\server\\tests\\senttests.js","statementMap":{"0":{"start":{"line":3,"column":12},"end":{"line":3,"column":51}},"1":{"start":{"line":5,"column":16},"end":{"line":5,"column":60}},"2":{"start":{"line":7,"column":14},"end":{"line":7,"column":58}},"3":{"start":{"line":9,"column":39},"end":{"line":9,"column":93}},"4":{"start":{"line":12,"column":0},"end":{"line":12,"column":30}},"5":{"start":{"line":14,"column":13},"end":{"line":14,"column":33}},"6":{"start":{"line":16,"column":0},"end":{"line":16,"column":37}},"7":{"start":{"line":22,"column":0},"end":{"line":44,"column":3}},"8":{"start":{"line":23,"column":2},"end":{"line":29,"column":5}},"9":{"start":{"line":24,"column":4},"end":{"line":28,"column":7}},"10":{"start":{"line":25,"column":6},"end":{"line":25,"column":28}},"11":{"start":{"line":26,"column":6},"end":{"line":26,"column":41}},"12":{"start":{"line":27,"column":6},"end":{"line":27,"column":45}},"13":{"start":{"line":30,"column":2},"end":{"line":36,"column":5}},"14":{"start":{"line":31,"column":4},"end":{"line":35,"column":7}},"15":{"start":{"line":32,"column":6},"end":{"line":32,"column":28}},"16":{"start":{"line":33,"column":6},"end":{"line":33,"column":41}},"17":{"start":{"line":34,"column":6},"end":{"line":34,"column":45}},"18":{"start":{"line":37,"column":2},"end":{"line":43,"column":5}},"19":{"start":{"line":38,"column":4},"end":{"line":42,"column":7}},"20":{"start":{"line":39,"column":6},"end":{"line":39,"column":28}},"21":{"start":{"line":40,"column":6},"end":{"line":40,"column":41}},"22":{"start":{"line":41,"column":6},"end":{"line":41,"column":45}}},"fnMap":{"0":{"name":"_interopRequireDefault","decl":{"start":{"line":9,"column":9},"end":{"line":9,"column":31}},"loc":{"start":{"line":9,"column":37},"end":{"line":9,"column":95}},"line":9},"1":{"name":"(anonymous_1)","decl":{"start":{"line":22,"column":23},"end":{"line":22,"column":24}},"loc":{"start":{"line":22,"column":35},"end":{"line":44,"column":1}},"line":22},"2":{"name":"(anonymous_2)","decl":{"start":{"line":23,"column":35},"end":{"line":23,"column":36}},"loc":{"start":{"line":23,"column":47},"end":{"line":29,"column":3}},"line":23},"3":{"name":"(anonymous_3)","decl":{"start":{"line":24,"column":79},"end":{"line":24,"column":80}},"loc":{"start":{"line":24,"column":99},"end":{"line":28,"column":5}},"line":24},"4":{"name":"(anonymous_4)","decl":{"start":{"line":30,"column":51},"end":{"line":30,"column":52}},"loc":{"start":{"line":30,"column":63},"end":{"line":36,"column":3}},"line":30},"5":{"name":"(anonymous_5)","decl":{"start":{"line":31,"column":71},"end":{"line":31,"column":72}},"loc":{"start":{"line":31,"column":91},"end":{"line":35,"column":5}},"line":31},"6":{"name":"(anonymous_6)","decl":{"start":{"line":37,"column":60},"end":{"line":37,"column":61}},"loc":{"start":{"line":37,"column":72},"end":{"line":43,"column":3}},"line":37},"7":{"name":"(anonymous_7)","decl":{"start":{"line":38,"column":77},"end":{"line":38,"column":78}},"loc":{"start":{"line":38,"column":97},"end":{"line":42,"column":5}},"line":38}},"branchMap":{"0":{"loc":{"start":{"line":9,"column":46},"end":{"line":9,"column":92}},"type":"cond-expr","locations":[{"start":{"line":9,"column":70},"end":{"line":9,"column":73}},{"start":{"line":9,"column":76},"end":{"line":9,"column":92}}],"line":9},"1":{"loc":{"start":{"line":9,"column":46},"end":{"line":9,"column":67}},"type":"binary-expr","locations":[{"start":{"line":9,"column":46},"end":{"line":9,"column":49}},{"start":{"line":9,"column":53},"end":{"line":9,"column":67}}],"line":9}},"s":{"0":1,"1":1,"2":1,"3":3,"4":1,"5":1,"6":1,"7":1,"8":1,"9":1,"10":1,"11":1,"12":1,"13":1,"14":1,"15":1,"16":1,"17":1,"18":1,"19":1,"20":1,"21":1,"22":1},"f":{"0":3,"1":1,"2":1,"3":1,"4":1,"5":1,"6":1,"7":1},"b":{"0":[1,2],"1":[3,3]},"_coverageSchema":"43e27e138ebf9cfc5966b082cf9a028302ed4184","hash":"d2aa969d344430d04c8793a22184ed05cc22813d","contentHash":"68da43dbd980de90e8e78ad59a4843b9303799030296acf0a50ed49a1a15bc38"},"C:\\Users\\propser\\Desktop\\TESTS\\p1003903\\EPICmail\\server\\tests\\usertests.js":{"path":"C:\\Users\\propser\\Desktop\\TESTS\\p1003903\\EPICmail\\server\\tests\\usertests.js","statementMap":{"0":{"start":{"line":3,"column":12},"end":{"line":3,"column":51}},"1":{"start":{"line":5,"column":16},"end":{"line":5,"column":60}},"2":{"start":{"line":7,"column":14},"end":{"line":7,"column":58}},"3":{"start":{"line":9,"column":39},"end":{"line":9,"column":93}},"4":{"start":{"line":12,"column":0},"end":{"line":12,"column":30}},"5":{"start":{"line":14,"column":13},"end":{"line":14,"column":33}},"6":{"start":{"line":16,"column":0},"end":{"line":16,"column":37}},"7":{"start":{"line":22,"column":0},"end":{"line":30,"column":3}},"8":{"start":{"line":23,"column":2},"end":{"line":29,"column":5}},"9":{"start":{"line":24,"column":4},"end":{"line":28,"column":7}},"10":{"start":{"line":25,"column":6},"end":{"line":25,"column":28}},"11":{"start":{"line":26,"column":6},"end":{"line":26,"column":41}},"12":{"start":{"line":27,"column":6},"end":{"line":27,"column":45}}},"fnMap":{"0":{"name":"_interopRequireDefault","decl":{"start":{"line":9,"column":9},"end":{"line":9,"column":31}},"loc":{"start":{"line":9,"column":37},"end":{"line":9,"column":95}},"line":9},"1":{"name":"(anonymous_1)","decl":{"start":{"line":22,"column":23},"end":{"line":22,"column":24}},"loc":{"start":{"line":22,"column":35},"end":{"line":30,"column":1}},"line":22},"2":{"name":"(anonymous_2)","decl":{"start":{"line":23,"column":36},"end":{"line":23,"column":37}},"loc":{"start":{"line":23,"column":48},"end":{"line":29,"column":3}},"line":23},"3":{"name":"(anonymous_3)","decl":{"start":{"line":24,"column":76},"end":{"line":24,"column":77}},"loc":{"start":{"line":24,"column":96},"end":{"line":28,"column":5}},"line":24}},"branchMap":{"0":{"loc":{"start":{"line":9,"column":46},"end":{"line":9,"column":92}},"type":"cond-expr","locations":[{"start":{"line":9,"column":70},"end":{"line":9,"column":73}},{"start":{"line":9,"column":76},"end":{"line":9,"column":92}}],"line":9},"1":{"loc":{"start":{"line":9,"column":46},"end":{"line":9,"column":67}},"type":"binary-expr","locations":[{"start":{"line":9,"column":46},"end":{"line":9,"column":49}},{"start":{"line":9,"column":53},"end":{"line":9,"column":67}}],"line":9}},"s":{"0":1,"1":1,"2":1,"3":3,"4":1,"5":1,"6":1,"7":1,"8":1,"9":1,"10":1,"11":1,"12":1},"f":{"0":3,"1":1,"2":1,"3":1},"b":{"0":[1,2],"1":[3,3]},"_coverageSchema":"43e27e138ebf9cfc5966b082cf9a028302ed4184","hash":"87cd7cfcbb7e0627940449e94213bf2db8b68e77","contentHash":"3341eea87ebe754f59181c6485c84cfd73efed70ff34596c498bb5d88ac02c61"}}