{"C:\\Users\\propser\\Desktop\\TESTS\\p1003903\\EPICmail\\server\\tests\\dbtests.js":{"path":"C:\\Users\\propser\\Desktop\\TESTS\\p1003903\\EPICmail\\server\\tests\\dbtests.js","statementMap":{"0":{"start":{"line":3,"column":11},"end":{"line":3,"column":26}},"1":{"start":{"line":5,"column":15},"end":{"line":5,"column":35}},"2":{"start":{"line":7,"column":13},"end":{"line":7,"column":33}},"3":{"start":{"line":9,"column":13},"end":{"line":9,"column":26}},"4":{"start":{"line":10,"column":0},"end":{"line":10,"column":19}},"5":{"start":{"line":11,"column":0},"end":{"line":27,"column":3}},"6":{"start":{"line":12,"column":2},"end":{"line":17,"column":5}},"7":{"start":{"line":13,"column":4},"end":{"line":16,"column":7}},"8":{"start":{"line":14,"column":6},"end":{"line":14,"column":39}},"9":{"start":{"line":15,"column":6},"end":{"line":15,"column":13}},"10":{"start":{"line":18,"column":2},"end":{"line":26,"column":5}},"11":{"start":{"line":19,"column":4},"end":{"line":25,"column":7}},"12":{"start":{"line":23,"column":6},"end":{"line":23,"column":39}},"13":{"start":{"line":24,"column":6},"end":{"line":24,"column":13}}},"fnMap":{"0":{"name":"(anonymous_0)","decl":{"start":{"line":11,"column":24},"end":{"line":11,"column":25}},"loc":{"start":{"line":11,"column":36},"end":{"line":27,"column":1}},"line":11},"1":{"name":"(anonymous_1)","decl":{"start":{"line":12,"column":33},"end":{"line":12,"column":34}},"loc":{"start":{"line":12,"column":49},"end":{"line":17,"column":3}},"line":12},"2":{"name":"(anonymous_2)","decl":{"start":{"line":13,"column":50},"end":{"line":13,"column":51}},"loc":{"start":{"line":13,"column":70},"end":{"line":16,"column":5}},"line":13},"3":{"name":"(anonymous_3)","decl":{"start":{"line":18,"column":45},"end":{"line":18,"column":46}},"loc":{"start":{"line":18,"column":61},"end":{"line":26,"column":3}},"line":18},"4":{"name":"(anonymous_4)","decl":{"start":{"line":22,"column":11},"end":{"line":22,"column":12}},"loc":{"start":{"line":22,"column":31},"end":{"line":25,"column":5}},"line":22}},"branchMap":{},"s":{"0":1,"1":1,"2":1,"3":1,"4":1,"5":1,"6":1,"7":1,"8":0,"9":0,"10":1,"11":1,"12":0,"13":0},"f":{"0":1,"1":1,"2":0,"3":1,"4":0},"b":{},"_coverageSchema":"43e27e138ebf9cfc5966b082cf9a028302ed4184","hash":"8c70e14faa9711d7894ebfbe6a98b547b533267d","contentHash":"f774c27bf63b267749ed6043c5eaeae00224cba1976ebda7b8445466de282575"},"C:\\Users\\propser\\Desktop\\TESTS\\p1003903\\EPICmail\\server\\server.js":{"path":"C:\\Users\\propser\\Desktop\\TESTS\\p1003903\\EPICmail\\server\\server.js","statementMap":{"0":{"start":{"line":3,"column":10},"end":{"line":3,"column":23}},"1":{"start":{"line":5,"column":14},"end":{"line":5,"column":55}},"2":{"start":{"line":7,"column":15},"end":{"line":7,"column":57}},"3":{"start":{"line":9,"column":0},"end":{"line":9,"column":27}},"4":{"start":{"line":11,"column":18},"end":{"line":11,"column":90}},"5":{"start":{"line":13,"column":18},"end":{"line":13,"column":64}},"6":{"start":{"line":15,"column":14},"end":{"line":15,"column":69}},"7":{"start":{"line":17,"column":15},"end":{"line":17,"column":70}},"8":{"start":{"line":19,"column":15},"end":{"line":19,"column":71}},"9":{"start":{"line":21,"column":39},"end":{"line":21,"column":93}},"10":{"start":{"line":24,"column":0},"end":{"line":24,"column":25}},"11":{"start":{"line":26,"column":11},"end":{"line":28,"column":2}},"12":{"start":{"line":29,"column":0},"end":{"line":31,"column":3}},"13":{"start":{"line":30,"column":2},"end":{"line":30,"column":43}},"14":{"start":{"line":32,"column":11},"end":{"line":32,"column":30}},"15":{"start":{"line":33,"column":10},"end":{"line":33,"column":33}},"16":{"start":{"line":34,"column":0},"end":{"line":36,"column":4}},"17":{"start":{"line":37,"column":0},"end":{"line":37,"column":36}},"18":{"start":{"line":39,"column":0},"end":{"line":39,"column":25}},"19":{"start":{"line":40,"column":0},"end":{"line":40,"column":26}},"20":{"start":{"line":41,"column":0},"end":{"line":41,"column":26}},"21":{"start":{"line":43,"column":0},"end":{"line":47,"column":3}},"22":{"start":{"line":44,"column":2},"end":{"line":46,"column":5}},"23":{"start":{"line":49,"column":0},"end":{"line":49,"column":46}},"24":{"start":{"line":50,"column":0},"end":{"line":50,"column":45}},"25":{"start":{"line":51,"column":0},"end":{"line":51,"column":57}},"26":{"start":{"line":52,"column":0},"end":{"line":52,"column":56}},"27":{"start":{"line":53,"column":0},"end":{"line":53,"column":62}},"28":{"start":{"line":54,"column":0},"end":{"line":57,"column":3}},"29":{"start":{"line":55,"column":2},"end":{"line":55,"column":17}},"30":{"start":{"line":56,"column":2},"end":{"line":56,"column":41}},"31":{"start":{"line":62,"column":19},"end":{"line":72,"column":1}},"32":{"start":{"line":63,"column":18},"end":{"line":63,"column":730}},"33":{"start":{"line":64,"column":2},"end":{"line":71,"column":5}},"34":{"start":{"line":65,"column":4},"end":{"line":65,"column":21}},"35":{"start":{"line":66,"column":4},"end":{"line":66,"column":27}},"36":{"start":{"line":67,"column":4},"end":{"line":67,"column":15}},"37":{"start":{"line":69,"column":4},"end":{"line":69,"column":21}},"38":{"start":{"line":70,"column":4},"end":{"line":70,"column":15}}},"fnMap":{"0":{"name":"_interopRequireDefault","decl":{"start":{"line":21,"column":9},"end":{"line":21,"column":31}},"loc":{"start":{"line":21,"column":37},"end":{"line":21,"column":95}},"line":21},"1":{"name":"(anonymous_1)","decl":{"start":{"line":29,"column":19},"end":{"line":29,"column":20}},"loc":{"start":{"line":29,"column":31},"end":{"line":31,"column":1}},"line":29},"2":{"name":"(anonymous_2)","decl":{"start":{"line":43,"column":13},"end":{"line":43,"column":14}},"loc":{"start":{"line":43,"column":33},"end":{"line":47,"column":1}},"line":43},"3":{"name":"(anonymous_3)","decl":{"start":{"line":54,"column":37},"end":{"line":54,"column":38}},"loc":{"start":{"line":54,"column":49},"end":{"line":57,"column":1}},"line":54},"4":{"name":"createTables","decl":{"start":{"line":62,"column":28},"end":{"line":62,"column":40}},"loc":{"start":{"line":62,"column":43},"end":{"line":72,"column":1}},"line":62},"5":{"name":"(anonymous_5)","decl":{"start":{"line":64,"column":29},"end":{"line":64,"column":30}},"loc":{"start":{"line":64,"column":44},"end":{"line":68,"column":3}},"line":64},"6":{"name":"(anonymous_6)","decl":{"start":{"line":68,"column":11},"end":{"line":68,"column":12}},"loc":{"start":{"line":68,"column":26},"end":{"line":71,"column":3}},"line":68}},"branchMap":{"0":{"loc":{"start":{"line":21,"column":46},"end":{"line":21,"column":92}},"type":"cond-expr","locations":[{"start":{"line":21,"column":70},"end":{"line":21,"column":73}},{"start":{"line":21,"column":76},"end":{"line":21,"column":92}}],"line":21},"1":{"loc":{"start":{"line":21,"column":46},"end":{"line":21,"column":67}},"type":"binary-expr","locations":[{"start":{"line":21,"column":46},"end":{"line":21,"column":49}},{"start":{"line":21,"column":53},"end":{"line":21,"column":67}}],"line":21},"2":{"loc":{"start":{"line":54,"column":11},"end":{"line":54,"column":35}},"type":"binary-expr","locations":[{"start":{"line":54,"column":11},"end":{"line":54,"column":27}},{"start":{"line":54,"column":31},"end":{"line":54,"column":35}}],"line":54}},"s":{"0":1,"1":1,"2":1,"3":1,"4":1,"5":1,"6":1,"7":1,"8":1,"9":7,"10":1,"11":1,"12":1,"13":1,"14":1,"15":1,"16":1,"17":1,"18":1,"19":1,"20":1,"21":1,"22":0,"23":1,"24":1,"25":1,"26":1,"27":1,"28":1,"29":1,"30":1,"31":1,"32":1,"33":1,"34":1,"35":1,"36":1,"37":0,"38":0},"f":{"0":7,"1":1,"2":0,"3":1,"4":1,"5":1,"6":0},"b":{"0":[4,3],"1":[7,7],"2":[1,1]},"_coverageSchema":"43e27e138ebf9cfc5966b082cf9a028302ed4184","hash":"93355b627c08f22c9b0e752c2ceb45ebea1c4d44","contentHash":"174a9490200e5404d676f69f720a8c4a8d99cb0feb46bfc6c2ed857322ea0665"},"C:\\Users\\propser\\Desktop\\TESTS\\p1003903\\EPICmail\\src\\usingDB\\controllers\\Controller.js":{"path":"C:\\Users\\propser\\Desktop\\TESTS\\p1003903\\EPICmail\\src\\usingDB\\controllers\\Controller.js","statementMap":{"0":{"start":{"line":3,"column":0},"end":{"line":5,"column":3}},"1":{"start":{"line":6,"column":0},"end":{"line":6,"column":25}},"2":{"start":{"line":8,"column":13},"end":{"line":8,"column":59}},"3":{"start":{"line":10,"column":14},"end":{"line":10,"column":57}},"4":{"start":{"line":12,"column":14},"end":{"line":12,"column":55}},"5":{"start":{"line":14,"column":20},"end":{"line":14,"column":67}},"6":{"start":{"line":16,"column":39},"end":{"line":16,"column":93}},"7":{"start":{"line":18,"column":77},"end":{"line":18,"column":175}},"8":{"start":{"line":18,"column":94},"end":{"line":18,"column":107}},"9":{"start":{"line":18,"column":121},"end":{"line":18,"column":131}},"10":{"start":{"line":18,"column":151},"end":{"line":18,"column":165}},"11":{"start":{"line":18,"column":166},"end":{"line":18,"column":173}},"12":{"start":{"line":18,"column":176},"end":{"line":18,"column":263}},"13":{"start":{"line":18,"column":193},"end":{"line":18,"column":208}},"14":{"start":{"line":18,"column":218},"end":{"line":18,"column":261}},"15":{"start":{"line":20,"column":33},"end":{"line":20,"column":387}},"16":{"start":{"line":20,"column":65},"end":{"line":20,"column":69}},"17":{"start":{"line":20,"column":78},"end":{"line":20,"column":87}},"18":{"start":{"line":20,"column":89},"end":{"line":20,"column":384}},"19":{"start":{"line":20,"column":147},"end":{"line":20,"column":167}},"20":{"start":{"line":20,"column":193},"end":{"line":20,"column":264}},"21":{"start":{"line":20,"column":290},"end":{"line":20,"column":360}},"22":{"start":{"line":20,"column":363},"end":{"line":20,"column":380}},"23":{"start":{"line":22,"column":12},"end":{"line":356,"column":1}},"24":{"start":{"line":24,"column":18},"end":{"line":88,"column":7}},"25":{"start":{"line":28,"column":6},"end":{"line":87,"column":18}},"26":{"start":{"line":29,"column":8},"end":{"line":86,"column":9}},"27":{"start":{"line":30,"column":10},"end":{"line":85,"column":11}},"28":{"start":{"line":32,"column":14},"end":{"line":32,"column":43}},"29":{"start":{"line":34,"column":14},"end":{"line":37,"column":15}},"30":{"start":{"line":35,"column":16},"end":{"line":35,"column":34}},"31":{"start":{"line":36,"column":16},"end":{"line":36,"column":22}},"32":{"start":{"line":39,"column":14},"end":{"line":41,"column":18}},"33":{"start":{"line":44,"column":14},"end":{"line":47,"column":15}},"34":{"start":{"line":45,"column":16},"end":{"line":45,"column":34}},"35":{"start":{"line":46,"column":16},"end":{"line":46,"column":22}},"36":{"start":{"line":49,"column":14},"end":{"line":51,"column":18}},"37":{"start":{"line":54,"column":14},"end":{"line":57,"column":15}},"38":{"start":{"line":55,"column":16},"end":{"line":55,"column":35}},"39":{"start":{"line":56,"column":16},"end":{"line":56,"column":22}},"40":{"start":{"line":59,"column":14},"end":{"line":61,"column":18}},"41":{"start":{"line":64,"column":14},"end":{"line":64,"column":68}},"42":{"start":{"line":65,"column":14},"end":{"line":65,"column":98}},"43":{"start":{"line":66,"column":14},"end":{"line":66,"column":54}},"44":{"start":{"line":68,"column":14},"end":{"line":80,"column":17}},"45":{"start":{"line":69,"column":16},"end":{"line":79,"column":17}},"46":{"start":{"line":70,"column":18},"end":{"line":73,"column":21}},"47":{"start":{"line":75,"column":18},"end":{"line":78,"column":21}},"48":{"start":{"line":84,"column":14},"end":{"line":84,"column":37}},"49":{"start":{"line":91,"column":6},"end":{"line":91,"column":44}},"50":{"start":{"line":94,"column":4},"end":{"line":94,"column":18}},"51":{"start":{"line":97,"column":23},"end":{"line":141,"column":7}},"52":{"start":{"line":101,"column":6},"end":{"line":140,"column":19}},"53":{"start":{"line":102,"column":8},"end":{"line":139,"column":9}},"54":{"start":{"line":103,"column":10},"end":{"line":138,"column":11}},"55":{"start":{"line":105,"column":14},"end":{"line":108,"column":15}},"56":{"start":{"line":106,"column":16},"end":{"line":106,"column":35}},"57":{"start":{"line":107,"column":16},"end":{"line":107,"column":22}},"58":{"start":{"line":110,"column":14},"end":{"line":112,"column":18}},"59":{"start":{"line":115,"column":14},"end":{"line":115,"column":116}},"60":{"start":{"line":116,"column":14},"end":{"line":116,"column":81}},"61":{"start":{"line":118,"column":14},"end":{"line":130,"column":17}},"62":{"start":{"line":119,"column":16},"end":{"line":129,"column":17}},"63":{"start":{"line":120,"column":18},"end":{"line":123,"column":21}},"64":{"start":{"line":125,"column":18},"end":{"line":128,"column":21}},"65":{"start":{"line":137,"column":14},"end":{"line":137,"column":38}},"66":{"start":{"line":144,"column":6},"end":{"line":144,"column":49}},"67":{"start":{"line":147,"column":4},"end":{"line":147,"column":23}},"68":{"start":{"line":150,"column":18},"end":{"line":184,"column":7}},"69":{"start":{"line":155,"column":6},"end":{"line":183,"column":19}},"70":{"start":{"line":156,"column":8},"end":{"line":182,"column":9}},"71":{"start":{"line":157,"column":10},"end":{"line":181,"column":11}},"72":{"start":{"line":159,"column":14},"end":{"line":159,"column":51}},"73":{"start":{"line":160,"column":14},"end":{"line":160,"column":33}},"74":{"start":{"line":161,"column":14},"end":{"line":161,"column":56}},"75":{"start":{"line":164,"column":14},"end":{"line":164,"column":36}},"76":{"start":{"line":165,"column":14},"end":{"line":165,"column":31}},"77":{"start":{"line":167,"column":14},"end":{"line":176,"column":17}},"78":{"start":{"line":168,"column":16},"end":{"line":175,"column":17}},"79":{"start":{"line":169,"column":18},"end":{"line":169,"column":38}},"80":{"start":{"line":171,"column":18},"end":{"line":174,"column":21}},"81":{"start":{"line":180,"column":14},"end":{"line":180,"column":38}},"82":{"start":{"line":187,"column":6},"end":{"line":187,"column":44}},"83":{"start":{"line":190,"column":4},"end":{"line":190,"column":18}},"84":{"start":{"line":193,"column":23},"end":{"line":225,"column":7}},"85":{"start":{"line":198,"column":6},"end":{"line":224,"column":19}},"86":{"start":{"line":199,"column":8},"end":{"line":223,"column":9}},"87":{"start":{"line":200,"column":10},"end":{"line":222,"column":11}},"88":{"start":{"line":202,"column":14},"end":{"line":202,"column":73}},"89":{"start":{"line":203,"column":14},"end":{"line":203,"column":108}},"90":{"start":{"line":205,"column":14},"end":{"line":208,"column":15}},"91":{"start":{"line":206,"column":16},"end":{"line":206,"column":35}},"92":{"start":{"line":207,"column":16},"end":{"line":207,"column":22}},"93":{"start":{"line":210,"column":14},"end":{"line":212,"column":18}},"94":{"start":{"line":215,"column":14},"end":{"line":217,"column":18}},"95":{"start":{"line":221,"column":14},"end":{"line":221,"column":38}},"96":{"start":{"line":228,"column":6},"end":{"line":228,"column":49}},"97":{"start":{"line":231,"column":4},"end":{"line":231,"column":23}},"98":{"start":{"line":234,"column":18},"end":{"line":314,"column":7}},"99":{"start":{"line":239,"column":6},"end":{"line":313,"column":19}},"100":{"start":{"line":240,"column":8},"end":{"line":312,"column":9}},"101":{"start":{"line":241,"column":10},"end":{"line":311,"column":11}},"102":{"start":{"line":243,"column":14},"end":{"line":246,"column":15}},"103":{"start":{"line":244,"column":16},"end":{"line":244,"column":35}},"104":{"start":{"line":245,"column":16},"end":{"line":245,"column":22}},"105":{"start":{"line":248,"column":14},"end":{"line":250,"column":18}},"106":{"start":{"line":253,"column":14},"end":{"line":256,"column":15}},"107":{"start":{"line":254,"column":16},"end":{"line":254,"column":35}},"108":{"start":{"line":255,"column":16},"end":{"line":255,"column":22}},"109":{"start":{"line":258,"column":14},"end":{"line":260,"column":18}},"110":{"start":{"line":263,"column":14},"end":{"line":263,"column":62}},"111":{"start":{"line":264,"column":14},"end":{"line":264,"column":91}},"112":{"start":{"line":265,"column":14},"end":{"line":265,"column":41}},"113":{"start":{"line":266,"column":14},"end":{"line":266,"column":34}},"114":{"start":{"line":267,"column":14},"end":{"line":267,"column":68}},"115":{"start":{"line":270,"column":14},"end":{"line":270,"column":37}},"116":{"start":{"line":271,"column":14},"end":{"line":271,"column":32}},"117":{"start":{"line":273,"column":14},"end":{"line":276,"column":15}},"118":{"start":{"line":274,"column":16},"end":{"line":274,"column":36}},"119":{"start":{"line":275,"column":16},"end":{"line":275,"column":22}},"120":{"start":{"line":278,"column":14},"end":{"line":280,"column":18}},"121":{"start":{"line":283,"column":14},"end":{"line":283,"column":35}},"122":{"start":{"line":284,"column":14},"end":{"line":284,"column":77}},"123":{"start":{"line":286,"column":14},"end":{"line":289,"column":15}},"124":{"start":{"line":287,"column":16},"end":{"line":287,"column":36}},"125":{"start":{"line":288,"column":16},"end":{"line":288,"column":22}},"126":{"start":{"line":291,"column":14},"end":{"line":293,"column":18}},"127":{"start":{"line":296,"column":14},"end":{"line":302,"column":17}},"128":{"start":{"line":297,"column":16},"end":{"line":301,"column":19}},"129":{"start":{"line":310,"column":14},"end":{"line":310,"column":38}},"130":{"start":{"line":317,"column":6},"end":{"line":317,"column":44}},"131":{"start":{"line":320,"column":4},"end":{"line":320,"column":18}},"132":{"start":{"line":323,"column":23},"end":{"line":348,"column":7}},"133":{"start":{"line":327,"column":6},"end":{"line":347,"column":19}},"134":{"start":{"line":328,"column":8},"end":{"line":346,"column":9}},"135":{"start":{"line":329,"column":10},"end":{"line":345,"column":11}},"136":{"start":{"line":331,"column":14},"end":{"line":331,"column":58}},"137":{"start":{"line":333,"column":14},"end":{"line":340,"column":15}},"138":{"start":{"line":334,"column":16},"end":{"line":334,"column":49}},"139":{"start":{"line":335,"column":16},"end":{"line":335,"column":40}},"140":{"start":{"line":336,"column":16},"end":{"line":336,"column":40}},"141":{"start":{"line":337,"column":16},"end":{"line":337,"column":23}},"142":{"start":{"line":339,"column":16},"end":{"line":339,"column":36}},"143":{"start":{"line":344,"column":14},"end":{"line":344,"column":38}},"144":{"start":{"line":351,"column":6},"end":{"line":351,"column":49}},"145":{"start":{"line":354,"column":4},"end":{"line":354,"column":23}},"146":{"start":{"line":357,"column":15},"end":{"line":357,"column":20}},"147":{"start":{"line":358,"column":0},"end":{"line":358,"column":27}}},"fnMap":{"0":{"name":"_interopRequireDefault","decl":{"start":{"line":16,"column":9},"end":{"line":16,"column":31}},"loc":{"start":{"line":16,"column":37},"end":{"line":16,"column":95}},"line":16},"1":{"name":"asyncGeneratorStep","decl":{"start":{"line":18,"column":9},"end":{"line":18,"column":27}},"loc":{"start":{"line":18,"column":75},"end":{"line":18,"column":265}},"line":18},"2":{"name":"_asyncToGenerator","decl":{"start":{"line":20,"column":9},"end":{"line":20,"column":26}},"loc":{"start":{"line":20,"column":31},"end":{"line":20,"column":389}},"line":20},"3":{"name":"(anonymous_3)","decl":{"start":{"line":20,"column":40},"end":{"line":20,"column":41}},"loc":{"start":{"line":20,"column":52},"end":{"line":20,"column":386}},"line":20},"4":{"name":"(anonymous_4)","decl":{"start":{"line":20,"column":108},"end":{"line":20,"column":109}},"loc":{"start":{"line":20,"column":135},"end":{"line":20,"column":382}},"line":20},"5":{"name":"_next","decl":{"start":{"line":20,"column":178},"end":{"line":20,"column":183}},"loc":{"start":{"line":20,"column":191},"end":{"line":20,"column":266}},"line":20},"6":{"name":"_throw","decl":{"start":{"line":20,"column":276},"end":{"line":20,"column":282}},"loc":{"start":{"line":20,"column":288},"end":{"line":20,"column":362}},"line":20},"7":{"name":"(anonymous_7)","decl":{"start":{"line":23,"column":10},"end":{"line":23,"column":11}},"loc":{"start":{"line":23,"column":22},"end":{"line":95,"column":3}},"line":23},"8":{"name":"_callee","decl":{"start":{"line":26,"column":37},"end":{"line":26,"column":44}},"loc":{"start":{"line":26,"column":55},"end":{"line":88,"column":5}},"line":26},"9":{"name":"_callee$","decl":{"start":{"line":28,"column":46},"end":{"line":28,"column":54}},"loc":{"start":{"line":28,"column":65},"end":{"line":87,"column":7}},"line":28},"10":{"name":"(anonymous_10)","decl":{"start":{"line":68,"column":56},"end":{"line":68,"column":57}},"loc":{"start":{"line":68,"column":79},"end":{"line":80,"column":15}},"line":68},"11":{"name":"signup","decl":{"start":{"line":90,"column":13},"end":{"line":90,"column":19}},"loc":{"start":{"line":90,"column":29},"end":{"line":92,"column":5}},"line":90},"12":{"name":"(anonymous_12)","decl":{"start":{"line":96,"column":15},"end":{"line":96,"column":16}},"loc":{"start":{"line":96,"column":27},"end":{"line":148,"column":3}},"line":96},"13":{"name":"_callee2","decl":{"start":{"line":99,"column":37},"end":{"line":99,"column":45}},"loc":{"start":{"line":99,"column":56},"end":{"line":141,"column":5}},"line":99},"14":{"name":"_callee2$","decl":{"start":{"line":101,"column":46},"end":{"line":101,"column":55}},"loc":{"start":{"line":101,"column":67},"end":{"line":140,"column":7}},"line":101},"15":{"name":"(anonymous_15)","decl":{"start":{"line":118,"column":56},"end":{"line":118,"column":57}},"loc":{"start":{"line":118,"column":79},"end":{"line":130,"column":15}},"line":118},"16":{"name":"creategroup","decl":{"start":{"line":143,"column":13},"end":{"line":143,"column":24}},"loc":{"start":{"line":143,"column":35},"end":{"line":145,"column":5}},"line":143},"17":{"name":"(anonymous_17)","decl":{"start":{"line":149,"column":10},"end":{"line":149,"column":11}},"loc":{"start":{"line":149,"column":22},"end":{"line":191,"column":3}},"line":149},"18":{"name":"_callee3","decl":{"start":{"line":152,"column":37},"end":{"line":152,"column":45}},"loc":{"start":{"line":152,"column":56},"end":{"line":184,"column":5}},"line":152},"19":{"name":"_callee3$","decl":{"start":{"line":155,"column":46},"end":{"line":155,"column":55}},"loc":{"start":{"line":155,"column":67},"end":{"line":183,"column":7}},"line":155},"20":{"name":"(anonymous_20)","decl":{"start":{"line":167,"column":64},"end":{"line":167,"column":65}},"loc":{"start":{"line":167,"column":89},"end":{"line":176,"column":15}},"line":167},"21":{"name":"getAll","decl":{"start":{"line":186,"column":13},"end":{"line":186,"column":19}},"loc":{"start":{"line":186,"column":30},"end":{"line":188,"column":5}},"line":186},"22":{"name":"(anonymous_22)","decl":{"start":{"line":192,"column":15},"end":{"line":192,"column":16}},"loc":{"start":{"line":192,"column":27},"end":{"line":232,"column":3}},"line":192},"23":{"name":"_callee4","decl":{"start":{"line":195,"column":37},"end":{"line":195,"column":45}},"loc":{"start":{"line":195,"column":56},"end":{"line":225,"column":5}},"line":195},"24":{"name":"_callee4$","decl":{"start":{"line":198,"column":46},"end":{"line":198,"column":55}},"loc":{"start":{"line":198,"column":67},"end":{"line":224,"column":7}},"line":198},"25":{"name":"deletegroup","decl":{"start":{"line":227,"column":13},"end":{"line":227,"column":24}},"loc":{"start":{"line":227,"column":35},"end":{"line":229,"column":5}},"line":227},"26":{"name":"(anonymous_26)","decl":{"start":{"line":233,"column":10},"end":{"line":233,"column":11}},"loc":{"start":{"line":233,"column":22},"end":{"line":321,"column":3}},"line":233},"27":{"name":"_callee5","decl":{"start":{"line":236,"column":37},"end":{"line":236,"column":45}},"loc":{"start":{"line":236,"column":56},"end":{"line":314,"column":5}},"line":236},"28":{"name":"_callee5$","decl":{"start":{"line":239,"column":46},"end":{"line":239,"column":55}},"loc":{"start":{"line":239,"column":67},"end":{"line":313,"column":7}},"line":239},"29":{"name":"(anonymous_29)","decl":{"start":{"line":296,"column":60},"end":{"line":296,"column":61}},"loc":{"start":{"line":296,"column":82},"end":{"line":302,"column":15}},"line":296},"30":{"name":"signin","decl":{"start":{"line":316,"column":13},"end":{"line":316,"column":19}},"loc":{"start":{"line":316,"column":31},"end":{"line":318,"column":5}},"line":316},"31":{"name":"(anonymous_31)","decl":{"start":{"line":322,"column":15},"end":{"line":322,"column":16}},"loc":{"start":{"line":322,"column":27},"end":{"line":355,"column":3}},"line":322},"32":{"name":"_callee6","decl":{"start":{"line":325,"column":37},"end":{"line":325,"column":45}},"loc":{"start":{"line":325,"column":62},"end":{"line":348,"column":5}},"line":325},"33":{"name":"_callee6$","decl":{"start":{"line":327,"column":46},"end":{"line":327,"column":55}},"loc":{"start":{"line":327,"column":67},"end":{"line":347,"column":7}},"line":327},"34":{"name":"verifyToken","decl":{"start":{"line":350,"column":13},"end":{"line":350,"column":24}},"loc":{"start":{"line":350,"column":43},"end":{"line":352,"column":5}},"line":350}},"branchMap":{"0":{"loc":{"start":{"line":16,"column":46},"end":{"line":16,"column":92}},"type":"cond-expr","locations":[{"start":{"line":16,"column":70},"end":{"line":16,"column":73}},{"start":{"line":16,"column":76},"end":{"line":16,"column":92}}],"line":16},"1":{"loc":{"start":{"line":16,"column":46},"end":{"line":16,"column":67}},"type":"binary-expr","locations":[{"start":{"line":16,"column":46},"end":{"line":16,"column":49}},{"start":{"line":16,"column":53},"end":{"line":16,"column":67}}],"line":16},"2":{"loc":{"start":{"line":18,"column":176},"end":{"line":18,"column":263}},"type":"if","locations":[{"start":{"line":18,"column":176},"end":{"line":18,"column":263}},{"start":{"line":18,"column":176},"end":{"line":18,"column":263}}],"line":18},"3":{"loc":{"start":{"line":30,"column":10},"end":{"line":85,"column":11}},"type":"switch","locations":[{"start":{"line":31,"column":12},"end":{"line":41,"column":18}},{"start":{"line":43,"column":12},"end":{"line":51,"column":18}},{"start":{"line":53,"column":12},"end":{"line":61,"column":18}},{"start":{"line":63,"column":12},"end":{"line":80,"column":17}},{"start":{"line":82,"column":12},"end":{"line":82,"column":20}},{"start":{"line":83,"column":12},"end":{"line":84,"column":37}}],"line":30},"4":{"loc":{"start":{"line":34,"column":14},"end":{"line":37,"column":15}},"type":"if","locations":[{"start":{"line":34,"column":14},"end":{"line":37,"column":15}},{"start":{"line":34,"column":14},"end":{"line":37,"column":15}}],"line":34},"5":{"loc":{"start":{"line":34,"column":20},"end":{"line":34,"column":48}},"type":"binary-expr","locations":[{"start":{"line":34,"column":20},"end":{"line":34,"column":35}},{"start":{"line":34,"column":39},"end":{"line":34,"column":48}}],"line":34},"6":{"loc":{"start":{"line":44,"column":14},"end":{"line":47,"column":15}},"type":"if","locations":[{"start":{"line":44,"column":14},"end":{"line":47,"column":15}},{"start":{"line":44,"column":14},"end":{"line":47,"column":15}}],"line":44},"7":{"loc":{"start":{"line":54,"column":14},"end":{"line":57,"column":15}},"type":"if","locations":[{"start":{"line":54,"column":14},"end":{"line":57,"column":15}},{"start":{"line":54,"column":14},"end":{"line":57,"column":15}}],"line":54},"8":{"loc":{"start":{"line":54,"column":20},"end":{"line":54,"column":63}},"type":"binary-expr","locations":[{"start":{"line":54,"column":20},"end":{"line":54,"column":39}},{"start":{"line":54,"column":43},"end":{"line":54,"column":63}}],"line":54},"9":{"loc":{"start":{"line":69,"column":16},"end":{"line":79,"column":17}},"type":"if","locations":[{"start":{"line":69,"column":16},"end":{"line":79,"column":17}},{"start":{"line":69,"column":16},"end":{"line":79,"column":17}}],"line":69},"10":{"loc":{"start":{"line":103,"column":10},"end":{"line":138,"column":11}},"type":"switch","locations":[{"start":{"line":104,"column":12},"end":{"line":112,"column":18}},{"start":{"line":114,"column":12},"end":{"line":130,"column":17}},{"start":{"line":132,"column":12},"end":{"line":133,"column":15}},{"start":{"line":135,"column":12},"end":{"line":135,"column":19}},{"start":{"line":136,"column":12},"end":{"line":137,"column":38}}],"line":103},"11":{"loc":{"start":{"line":105,"column":14},"end":{"line":108,"column":15}},"type":"if","locations":[{"start":{"line":105,"column":14},"end":{"line":108,"column":15}},{"start":{"line":105,"column":14},"end":{"line":108,"column":15}}],"line":105},"12":{"loc":{"start":{"line":105,"column":20},"end":{"line":105,"column":82}},"type":"binary-expr","locations":[{"start":{"line":105,"column":20},"end":{"line":105,"column":34}},{"start":{"line":105,"column":38},"end":{"line":105,"column":63}},{"start":{"line":105,"column":67},"end":{"line":105,"column":82}}],"line":105},"13":{"loc":{"start":{"line":119,"column":16},"end":{"line":129,"column":17}},"type":"if","locations":[{"start":{"line":119,"column":16},"end":{"line":129,"column":17}},{"start":{"line":119,"column":16},"end":{"line":129,"column":17}}],"line":119},"14":{"loc":{"start":{"line":157,"column":10},"end":{"line":181,"column":11}},"type":"switch","locations":[{"start":{"line":158,"column":12},"end":{"line":161,"column":56}},{"start":{"line":163,"column":12},"end":{"line":176,"column":17}},{"start":{"line":178,"column":12},"end":{"line":178,"column":19}},{"start":{"line":179,"column":12},"end":{"line":180,"column":38}}],"line":157},"15":{"loc":{"start":{"line":168,"column":16},"end":{"line":175,"column":17}},"type":"if","locations":[{"start":{"line":168,"column":16},"end":{"line":175,"column":17}},{"start":{"line":168,"column":16},"end":{"line":175,"column":17}}],"line":168},"16":{"loc":{"start":{"line":200,"column":10},"end":{"line":222,"column":11}},"type":"switch","locations":[{"start":{"line":201,"column":12},"end":{"line":212,"column":18}},{"start":{"line":214,"column":12},"end":{"line":217,"column":18}},{"start":{"line":219,"column":12},"end":{"line":219,"column":19}},{"start":{"line":220,"column":12},"end":{"line":221,"column":38}}],"line":200},"17":{"loc":{"start":{"line":205,"column":14},"end":{"line":208,"column":15}},"type":"if","locations":[{"start":{"line":205,"column":14},"end":{"line":208,"column":15}},{"start":{"line":205,"column":14},"end":{"line":208,"column":15}}],"line":205},"18":{"loc":{"start":{"line":241,"column":10},"end":{"line":311,"column":11}},"type":"switch","locations":[{"start":{"line":242,"column":12},"end":{"line":250,"column":18}},{"start":{"line":252,"column":12},"end":{"line":260,"column":18}},{"start":{"line":262,"column":12},"end":{"line":267,"column":68}},{"start":{"line":269,"column":12},"end":{"line":280,"column":18}},{"start":{"line":282,"column":12},"end":{"line":293,"column":18}},{"start":{"line":295,"column":12},"end":{"line":302,"column":17}},{"start":{"line":308,"column":12},"end":{"line":308,"column":20}},{"start":{"line":309,"column":12},"end":{"line":310,"column":38}}],"line":241},"19":{"loc":{"start":{"line":243,"column":14},"end":{"line":246,"column":15}},"type":"if","locations":[{"start":{"line":243,"column":14},"end":{"line":246,"column":15}},{"start":{"line":243,"column":14},"end":{"line":246,"column":15}}],"line":243},"20":{"loc":{"start":{"line":243,"column":20},"end":{"line":243,"column":57}},"type":"binary-expr","locations":[{"start":{"line":243,"column":20},"end":{"line":243,"column":35}},{"start":{"line":243,"column":39},"end":{"line":243,"column":57}}],"line":243},"21":{"loc":{"start":{"line":253,"column":14},"end":{"line":256,"column":15}},"type":"if","locations":[{"start":{"line":253,"column":14},"end":{"line":256,"column":15}},{"start":{"line":253,"column":14},"end":{"line":256,"column":15}}],"line":253},"22":{"loc":{"start":{"line":273,"column":14},"end":{"line":276,"column":15}},"type":"if","locations":[{"start":{"line":273,"column":14},"end":{"line":276,"column":15}},{"start":{"line":273,"column":14},"end":{"line":276,"column":15}}],"line":273},"23":{"loc":{"start":{"line":286,"column":14},"end":{"line":289,"column":15}},"type":"if","locations":[{"start":{"line":286,"column":14},"end":{"line":289,"column":15}},{"start":{"line":286,"column":14},"end":{"line":289,"column":15}}],"line":286},"24":{"loc":{"start":{"line":329,"column":10},"end":{"line":345,"column":11}},"type":"switch","locations":[{"start":{"line":330,"column":12},"end":{"line":340,"column":15}},{"start":{"line":342,"column":12},"end":{"line":342,"column":19}},{"start":{"line":343,"column":12},"end":{"line":344,"column":38}}],"line":329},"25":{"loc":{"start":{"line":333,"column":14},"end":{"line":340,"column":15}},"type":"if","locations":[{"start":{"line":333,"column":14},"end":{"line":340,"column":15}},{"start":{"line":333,"column":14},"end":{"line":340,"column":15}}],"line":333}},"s":{"0":1,"1":1,"2":1,"3":1,"4":1,"5":1,"6":4,"7":0,"8":0,"9":0,"10":0,"11":0,"12":0,"13":0,"14":0,"15":6,"16":0,"17":0,"18":0,"19":0,"20":0,"21":0,"22":0,"23":1,"24":1,"25":0,"26":0,"27":0,"28":0,"29":0,"30":0,"31":0,"32":0,"33":0,"34":0,"35":0,"36":0,"37":0,"38":0,"39":0,"40":0,"41":0,"42":0,"43":0,"44":0,"45":0,"46":0,"47":0,"48":0,"49":0,"50":1,"51":1,"52":0,"53":0,"54":0,"55":0,"56":0,"57":0,"58":0,"59":0,"60":0,"61":0,"62":0,"63":0,"64":0,"65":0,"66":0,"67":1,"68":1,"69":0,"70":0,"71":0,"72":0,"73":0,"74":0,"75":0,"76":0,"77":0,"78":0,"79":0,"80":0,"81":0,"82":0,"83":1,"84":1,"85":0,"86":0,"87":0,"88":0,"89":0,"90":0,"91":0,"92":0,"93":0,"94":0,"95":0,"96":0,"97":1,"98":1,"99":0,"100":0,"101":0,"102":0,"103":0,"104":0,"105":0,"106":0,"107":0,"108":0,"109":0,"110":0,"111":0,"112":0,"113":0,"114":0,"115":0,"116":0,"117":0,"118":0,"119":0,"120":0,"121":0,"122":0,"123":0,"124":0,"125":0,"126":0,"127":0,"128":0,"129":0,"130":0,"131":1,"132":1,"133":0,"134":0,"135":0,"136":0,"137":0,"138":0,"139":0,"140":0,"141":0,"142":0,"143":0,"144":0,"145":1,"146":1,"147":1},"f":{"0":4,"1":0,"2":6,"3":0,"4":0,"5":0,"6":0,"7":1,"8":0,"9":0,"10":0,"11":0,"12":1,"13":0,"14":0,"15":0,"16":0,"17":1,"18":0,"19":0,"20":0,"21":0,"22":1,"23":0,"24":0,"25":0,"26":1,"27":0,"28":0,"29":0,"30":0,"31":1,"32":0,"33":0,"34":0},"b":{"0":[2,2],"1":[4,4],"2":[0,0],"3":[0,0,0,0,0,0],"4":[0,0],"5":[0,0],"6":[0,0],"7":[0,0],"8":[0,0],"9":[0,0],"10":[0,0,0,0,0],"11":[0,0],"12":[0,0,0],"13":[0,0],"14":[0,0,0,0],"15":[0,0],"16":[0,0,0,0],"17":[0,0],"18":[0,0,0,0,0,0,0,0],"19":[0,0],"20":[0,0],"21":[0,0],"22":[0,0],"23":[0,0],"24":[0,0,0],"25":[0,0]},"_coverageSchema":"43e27e138ebf9cfc5966b082cf9a028302ed4184","hash":"8785c0a6138704048acbb424f72b71d9982bca74","contentHash":"97f4cf6adb69931cedf3ac10201e9c0d045a61e33ef707210824dd331c061291"},"C:\\Users\\propser\\Desktop\\TESTS\\p1003903\\EPICmail\\src\\usingDB\\db\\index.js":{"path":"C:\\Users\\propser\\Desktop\\TESTS\\p1003903\\EPICmail\\src\\usingDB\\db\\index.js","statementMap":{"0":{"start":{"line":3,"column":0},"end":{"line":5,"column":3}},"1":{"start":{"line":6,"column":0},"end":{"line":6,"column":25}},"2":{"start":{"line":8,"column":10},"end":{"line":8,"column":23}},"3":{"start":{"line":10,"column":14},"end":{"line":10,"column":55}},"4":{"start":{"line":12,"column":39},"end":{"line":12,"column":93}},"5":{"start":{"line":15,"column":0},"end":{"line":15,"column":25}},"6":{"start":{"line":17,"column":11},"end":{"line":19,"column":2}},"7":{"start":{"line":20,"column":0},"end":{"line":22,"column":3}},"8":{"start":{"line":21,"column":2},"end":{"line":21,"column":46}},"9":{"start":{"line":23,"column":15},"end":{"line":27,"column":1}},"10":{"start":{"line":25,"column":4},"end":{"line":25,"column":46}},"11":{"start":{"line":28,"column":0},"end":{"line":28,"column":27}}},"fnMap":{"0":{"name":"_interopRequireDefault","decl":{"start":{"line":12,"column":9},"end":{"line":12,"column":31}},"loc":{"start":{"line":12,"column":37},"end":{"line":12,"column":95}},"line":12},"1":{"name":"(anonymous_1)","decl":{"start":{"line":20,"column":19},"end":{"line":20,"column":20}},"loc":{"start":{"line":20,"column":31},"end":{"line":22,"column":1}},"line":20},"2":{"name":"query","decl":{"start":{"line":24,"column":18},"end":{"line":24,"column":23}},"loc":{"start":{"line":24,"column":48},"end":{"line":26,"column":3}},"line":24}},"branchMap":{"0":{"loc":{"start":{"line":12,"column":46},"end":{"line":12,"column":92}},"type":"cond-expr","locations":[{"start":{"line":12,"column":70},"end":{"line":12,"column":73}},{"start":{"line":12,"column":76},"end":{"line":12,"column":92}}],"line":12},"1":{"loc":{"start":{"line":12,"column":46},"end":{"line":12,"column":67}},"type":"binary-expr","locations":[{"start":{"line":12,"column":46},"end":{"line":12,"column":49}},{"start":{"line":12,"column":53},"end":{"line":12,"column":67}}],"line":12}},"s":{"0":1,"1":1,"2":1,"3":1,"4":1,"5":1,"6":1,"7":1,"8":0,"9":1,"10":0,"11":1},"f":{"0":1,"1":0,"2":0},"b":{"0":[0,1],"1":[1,1]},"_coverageSchema":"43e27e138ebf9cfc5966b082cf9a028302ed4184","hash":"e260e05ade0cb6662da1afca5b0752bfb4dc23e7","contentHash":"1590e84a19a0aa18c4eb8e573d2ba3582fdd5d25508a994061c00fd876d3782a"},"C:\\Users\\propser\\Desktop\\TESTS\\p1003903\\EPICmail\\src\\usingDB\\controllers\\Helper.js":{"path":"C:\\Users\\propser\\Desktop\\TESTS\\p1003903\\EPICmail\\src\\usingDB\\controllers\\Helper.js","statementMap":{"0":{"start":{"line":3,"column":0},"end":{"line":5,"column":3}},"1":{"start":{"line":6,"column":0},"end":{"line":6,"column":25}},"2":{"start":{"line":8,"column":14},"end":{"line":8,"column":55}},"3":{"start":{"line":10,"column":20},"end":{"line":10,"column":67}},"4":{"start":{"line":12,"column":39},"end":{"line":12,"column":93}},"5":{"start":{"line":15,"column":13},"end":{"line":58,"column":1}},"6":{"start":{"line":22,"column":4},"end":{"line":22,"column":78}},"7":{"start":{"line":32,"column":4},"end":{"line":32,"column":63}},"8":{"start":{"line":41,"column":4},"end":{"line":41,"column":38}},"9":{"start":{"line":50,"column":16},"end":{"line":54,"column":6}},"10":{"start":{"line":56,"column":4},"end":{"line":56,"column":17}},"11":{"start":{"line":59,"column":15},"end":{"line":59,"column":21}},"12":{"start":{"line":60,"column":0},"end":{"line":60,"column":27}}},"fnMap":{"0":{"name":"_interopRequireDefault","decl":{"start":{"line":12,"column":9},"end":{"line":12,"column":31}},"loc":{"start":{"line":12,"column":37},"end":{"line":12,"column":95}},"line":12},"1":{"name":"hashPassword","decl":{"start":{"line":21,"column":25},"end":{"line":21,"column":37}},"loc":{"start":{"line":21,"column":48},"end":{"line":23,"column":3}},"line":21},"2":{"name":"comparePassword","decl":{"start":{"line":31,"column":28},"end":{"line":31,"column":43}},"loc":{"start":{"line":31,"column":68},"end":{"line":33,"column":3}},"line":31},"3":{"name":"isValidEmail","decl":{"start":{"line":40,"column":25},"end":{"line":40,"column":37}},"loc":{"start":{"line":40,"column":45},"end":{"line":42,"column":3}},"line":40},"4":{"name":"generateToken","decl":{"start":{"line":49,"column":26},"end":{"line":49,"column":39}},"loc":{"start":{"line":49,"column":44},"end":{"line":57,"column":3}},"line":49}},"branchMap":{"0":{"loc":{"start":{"line":12,"column":46},"end":{"line":12,"column":92}},"type":"cond-expr","locations":[{"start":{"line":12,"column":70},"end":{"line":12,"column":73}},{"start":{"line":12,"column":76},"end":{"line":12,"column":92}}],"line":12},"1":{"loc":{"start":{"line":12,"column":46},"end":{"line":12,"column":67}},"type":"binary-expr","locations":[{"start":{"line":12,"column":46},"end":{"line":12,"column":49}},{"start":{"line":12,"column":53},"end":{"line":12,"column":67}}],"line":12}},"s":{"0":1,"1":1,"2":1,"3":1,"4":2,"5":1,"6":0,"7":0,"8":0,"9":0,"10":0,"11":1,"12":1},"f":{"0":2,"1":0,"2":0,"3":0,"4":0},"b":{"0":[0,2],"1":[2,2]},"_coverageSchema":"43e27e138ebf9cfc5966b082cf9a028302ed4184","hash":"b2c44032181e89f5bdbbd28643a1d598cc8737d1","contentHash":"63eadb9f0c486b70c1b8642ea95fba7ec34e12ff0f98be8d80e68db8e2376ded"},"C:\\Users\\propser\\Desktop\\TESTS\\p1003903\\EPICmail\\server\\routes\\user\\routes.js":{"path":"C:\\Users\\propser\\Desktop\\TESTS\\p1003903\\EPICmail\\server\\routes\\user\\routes.js","statementMap":{"0":{"start":{"line":3,"column":0},"end":{"line":5,"column":3}},"1":{"start":{"line":6,"column":0},"end":{"line":6,"column":25}},"2":{"start":{"line":8,"column":15},"end":{"line":8,"column":57}},"3":{"start":{"line":10,"column":12},"end":{"line":10,"column":69}},"4":{"start":{"line":12,"column":9},"end":{"line":12,"column":64}},"5":{"start":{"line":14,"column":39},"end":{"line":14,"column":93}},"6":{"start":{"line":16,"column":77},"end":{"line":16,"column":175}},"7":{"start":{"line":16,"column":94},"end":{"line":16,"column":107}},"8":{"start":{"line":16,"column":121},"end":{"line":16,"column":131}},"9":{"start":{"line":16,"column":151},"end":{"line":16,"column":165}},"10":{"start":{"line":16,"column":166},"end":{"line":16,"column":173}},"11":{"start":{"line":16,"column":176},"end":{"line":16,"column":263}},"12":{"start":{"line":16,"column":193},"end":{"line":16,"column":208}},"13":{"start":{"line":16,"column":218},"end":{"line":16,"column":261}},"14":{"start":{"line":18,"column":33},"end":{"line":18,"column":387}},"15":{"start":{"line":18,"column":65},"end":{"line":18,"column":69}},"16":{"start":{"line":18,"column":78},"end":{"line":18,"column":87}},"17":{"start":{"line":18,"column":89},"end":{"line":18,"column":384}},"18":{"start":{"line":18,"column":147},"end":{"line":18,"column":167}},"19":{"start":{"line":18,"column":193},"end":{"line":18,"column":264}},"20":{"start":{"line":18,"column":290},"end":{"line":18,"column":360}},"21":{"start":{"line":18,"column":363},"end":{"line":18,"column":380}},"22":{"start":{"line":20,"column":13},"end":{"line":20,"column":38}},"23":{"start":{"line":24,"column":0},"end":{"line":60,"column":5}},"24":{"start":{"line":27,"column":13},"end":{"line":55,"column":5}},"25":{"start":{"line":30,"column":4},"end":{"line":54,"column":16}},"26":{"start":{"line":31,"column":6},"end":{"line":53,"column":7}},"27":{"start":{"line":32,"column":8},"end":{"line":52,"column":9}},"28":{"start":{"line":34,"column":12},"end":{"line":34,"column":30}},"29":{"start":{"line":35,"column":12},"end":{"line":47,"column":15}},"30":{"start":{"line":36,"column":14},"end":{"line":36,"column":37}},"31":{"start":{"line":38,"column":14},"end":{"line":46,"column":15}},"32":{"start":{"line":39,"column":16},"end":{"line":41,"column":19}},"33":{"start":{"line":43,"column":16},"end":{"line":45,"column":19}},"34":{"start":{"line":51,"column":12},"end":{"line":51,"column":35}},"35":{"start":{"line":57,"column":2},"end":{"line":59,"column":4}},"36":{"start":{"line":58,"column":4},"end":{"line":58,"column":39}},"37":{"start":{"line":63,"column":0},"end":{"line":102,"column":5}},"38":{"start":{"line":66,"column":14},"end":{"line":97,"column":5}},"39":{"start":{"line":70,"column":4},"end":{"line":96,"column":17}},"40":{"start":{"line":71,"column":6},"end":{"line":95,"column":7}},"41":{"start":{"line":72,"column":8},"end":{"line":94,"column":9}},"42":{"start":{"line":74,"column":12},"end":{"line":74,"column":31}},"43":{"start":{"line":75,"column":12},"end":{"line":75,"column":43}},"44":{"start":{"line":76,"column":12},"end":{"line":76,"column":31}},"45":{"start":{"line":77,"column":12},"end":{"line":89,"column":15}},"46":{"start":{"line":78,"column":14},"end":{"line":78,"column":36}},"47":{"start":{"line":80,"column":14},"end":{"line":88,"column":15}},"48":{"start":{"line":81,"column":16},"end":{"line":83,"column":19}},"49":{"start":{"line":85,"column":16},"end":{"line":87,"column":19}},"50":{"start":{"line":93,"column":12},"end":{"line":93,"column":36}},"51":{"start":{"line":99,"column":2},"end":{"line":101,"column":4}},"52":{"start":{"line":100,"column":4},"end":{"line":100,"column":40}},"53":{"start":{"line":105,"column":0},"end":{"line":138,"column":5}},"54":{"start":{"line":108,"column":14},"end":{"line":133,"column":5}},"55":{"start":{"line":111,"column":4},"end":{"line":132,"column":17}},"56":{"start":{"line":112,"column":6},"end":{"line":131,"column":7}},"57":{"start":{"line":113,"column":8},"end":{"line":130,"column":9}},"58":{"start":{"line":115,"column":12},"end":{"line":115,"column":31}},"59":{"start":{"line":116,"column":12},"end":{"line":125,"column":15}},"60":{"start":{"line":117,"column":14},"end":{"line":120,"column":17}},"61":{"start":{"line":122,"column":14},"end":{"line":124,"column":17}},"62":{"start":{"line":129,"column":12},"end":{"line":129,"column":36}},"63":{"start":{"line":135,"column":2},"end":{"line":137,"column":4}},"64":{"start":{"line":136,"column":4},"end":{"line":136,"column":40}},"65":{"start":{"line":141,"column":0},"end":{"line":183,"column":5}},"66":{"start":{"line":144,"column":14},"end":{"line":178,"column":5}},"67":{"start":{"line":148,"column":4},"end":{"line":177,"column":17}},"68":{"start":{"line":149,"column":6},"end":{"line":176,"column":7}},"69":{"start":{"line":150,"column":8},"end":{"line":175,"column":9}},"70":{"start":{"line":152,"column":12},"end":{"line":152,"column":31}},"71":{"start":{"line":153,"column":12},"end":{"line":153,"column":43}},"72":{"start":{"line":154,"column":12},"end":{"line":154,"column":31}},"73":{"start":{"line":155,"column":12},"end":{"line":170,"column":15}},"74":{"start":{"line":156,"column":14},"end":{"line":159,"column":17}},"75":{"start":{"line":161,"column":14},"end":{"line":165,"column":15}},"76":{"start":{"line":162,"column":16},"end":{"line":164,"column":19}},"77":{"start":{"line":167,"column":14},"end":{"line":169,"column":17}},"78":{"start":{"line":174,"column":12},"end":{"line":174,"column":36}},"79":{"start":{"line":180,"column":2},"end":{"line":182,"column":4}},"80":{"start":{"line":181,"column":4},"end":{"line":181,"column":40}},"81":{"start":{"line":186,"column":0},"end":{"line":227,"column":5}},"82":{"start":{"line":189,"column":14},"end":{"line":222,"column":5}},"83":{"start":{"line":193,"column":4},"end":{"line":221,"column":17}},"84":{"start":{"line":194,"column":6},"end":{"line":220,"column":7}},"85":{"start":{"line":195,"column":8},"end":{"line":219,"column":9}},"86":{"start":{"line":197,"column":12},"end":{"line":197,"column":31}},"87":{"start":{"line":198,"column":12},"end":{"line":198,"column":43}},"88":{"start":{"line":199,"column":12},"end":{"line":199,"column":31}},"89":{"start":{"line":200,"column":12},"end":{"line":214,"column":15}},"90":{"start":{"line":201,"column":14},"end":{"line":203,"column":17}},"91":{"start":{"line":205,"column":14},"end":{"line":209,"column":15}},"92":{"start":{"line":206,"column":16},"end":{"line":208,"column":19}},"93":{"start":{"line":211,"column":14},"end":{"line":213,"column":17}},"94":{"start":{"line":218,"column":12},"end":{"line":218,"column":36}},"95":{"start":{"line":224,"column":2},"end":{"line":226,"column":4}},"96":{"start":{"line":225,"column":4},"end":{"line":225,"column":40}},"97":{"start":{"line":228,"column":15},"end":{"line":228,"column":21}},"98":{"start":{"line":229,"column":0},"end":{"line":229,"column":27}}},"fnMap":{"0":{"name":"_interopRequireDefault","decl":{"start":{"line":14,"column":9},"end":{"line":14,"column":31}},"loc":{"start":{"line":14,"column":37},"end":{"line":14,"column":95}},"line":14},"1":{"name":"asyncGeneratorStep","decl":{"start":{"line":16,"column":9},"end":{"line":16,"column":27}},"loc":{"start":{"line":16,"column":75},"end":{"line":16,"column":265}},"line":16},"2":{"name":"_asyncToGenerator","decl":{"start":{"line":18,"column":9},"end":{"line":18,"column":26}},"loc":{"start":{"line":18,"column":31},"end":{"line":18,"column":389}},"line":18},"3":{"name":"(anonymous_3)","decl":{"start":{"line":18,"column":40},"end":{"line":18,"column":41}},"loc":{"start":{"line":18,"column":52},"end":{"line":18,"column":386}},"line":18},"4":{"name":"(anonymous_4)","decl":{"start":{"line":18,"column":108},"end":{"line":18,"column":109}},"loc":{"start":{"line":18,"column":135},"end":{"line":18,"column":382}},"line":18},"5":{"name":"_next","decl":{"start":{"line":18,"column":178},"end":{"line":18,"column":183}},"loc":{"start":{"line":18,"column":191},"end":{"line":18,"column":266}},"line":18},"6":{"name":"_throw","decl":{"start":{"line":18,"column":276},"end":{"line":18,"column":282}},"loc":{"start":{"line":18,"column":288},"end":{"line":18,"column":362}},"line":18},"7":{"name":"(anonymous_7)","decl":{"start":{"line":26,"column":0},"end":{"line":26,"column":1}},"loc":{"start":{"line":26,"column":12},"end":{"line":60,"column":1}},"line":26},"8":{"name":"_callee","decl":{"start":{"line":29,"column":35},"end":{"line":29,"column":42}},"loc":{"start":{"line":29,"column":53},"end":{"line":55,"column":3}},"line":29},"9":{"name":"_callee$","decl":{"start":{"line":30,"column":44},"end":{"line":30,"column":52}},"loc":{"start":{"line":30,"column":63},"end":{"line":54,"column":5}},"line":30},"10":{"name":"(anonymous_10)","decl":{"start":{"line":35,"column":49},"end":{"line":35,"column":50}},"loc":{"start":{"line":35,"column":66},"end":{"line":37,"column":13}},"line":35},"11":{"name":"(anonymous_11)","decl":{"start":{"line":37,"column":21},"end":{"line":37,"column":22}},"loc":{"start":{"line":37,"column":36},"end":{"line":47,"column":13}},"line":37},"12":{"name":"(anonymous_12)","decl":{"start":{"line":57,"column":9},"end":{"line":57,"column":10}},"loc":{"start":{"line":57,"column":28},"end":{"line":59,"column":3}},"line":57},"13":{"name":"(anonymous_13)","decl":{"start":{"line":65,"column":0},"end":{"line":65,"column":1}},"loc":{"start":{"line":65,"column":12},"end":{"line":102,"column":1}},"line":65},"14":{"name":"_callee2","decl":{"start":{"line":68,"column":35},"end":{"line":68,"column":43}},"loc":{"start":{"line":68,"column":54},"end":{"line":97,"column":3}},"line":68},"15":{"name":"_callee2$","decl":{"start":{"line":70,"column":44},"end":{"line":70,"column":53}},"loc":{"start":{"line":70,"column":65},"end":{"line":96,"column":5}},"line":70},"16":{"name":"(anonymous_16)","decl":{"start":{"line":77,"column":60},"end":{"line":77,"column":61}},"loc":{"start":{"line":77,"column":76},"end":{"line":79,"column":13}},"line":77},"17":{"name":"(anonymous_17)","decl":{"start":{"line":79,"column":21},"end":{"line":79,"column":22}},"loc":{"start":{"line":79,"column":36},"end":{"line":89,"column":13}},"line":79},"18":{"name":"(anonymous_18)","decl":{"start":{"line":99,"column":9},"end":{"line":99,"column":10}},"loc":{"start":{"line":99,"column":29},"end":{"line":101,"column":3}},"line":99},"19":{"name":"(anonymous_19)","decl":{"start":{"line":107,"column":0},"end":{"line":107,"column":1}},"loc":{"start":{"line":107,"column":12},"end":{"line":138,"column":1}},"line":107},"20":{"name":"_callee3","decl":{"start":{"line":110,"column":35},"end":{"line":110,"column":43}},"loc":{"start":{"line":110,"column":54},"end":{"line":133,"column":3}},"line":110},"21":{"name":"_callee3$","decl":{"start":{"line":111,"column":44},"end":{"line":111,"column":53}},"loc":{"start":{"line":111,"column":65},"end":{"line":132,"column":5}},"line":111},"22":{"name":"(anonymous_22)","decl":{"start":{"line":116,"column":59},"end":{"line":116,"column":60}},"loc":{"start":{"line":116,"column":75},"end":{"line":121,"column":13}},"line":116},"23":{"name":"(anonymous_23)","decl":{"start":{"line":121,"column":21},"end":{"line":121,"column":22}},"loc":{"start":{"line":121,"column":36},"end":{"line":125,"column":13}},"line":121},"24":{"name":"(anonymous_24)","decl":{"start":{"line":135,"column":9},"end":{"line":135,"column":10}},"loc":{"start":{"line":135,"column":29},"end":{"line":137,"column":3}},"line":135},"25":{"name":"(anonymous_25)","decl":{"start":{"line":143,"column":0},"end":{"line":143,"column":1}},"loc":{"start":{"line":143,"column":12},"end":{"line":183,"column":1}},"line":143},"26":{"name":"_callee4","decl":{"start":{"line":146,"column":35},"end":{"line":146,"column":43}},"loc":{"start":{"line":146,"column":54},"end":{"line":178,"column":3}},"line":146},"27":{"name":"_callee4$","decl":{"start":{"line":148,"column":44},"end":{"line":148,"column":53}},"loc":{"start":{"line":148,"column":65},"end":{"line":177,"column":5}},"line":148},"28":{"name":"(anonymous_28)","decl":{"start":{"line":155,"column":73},"end":{"line":155,"column":74}},"loc":{"start":{"line":155,"column":89},"end":{"line":160,"column":13}},"line":155},"29":{"name":"(anonymous_29)","decl":{"start":{"line":160,"column":21},"end":{"line":160,"column":22}},"loc":{"start":{"line":160,"column":36},"end":{"line":170,"column":13}},"line":160},"30":{"name":"(anonymous_30)","decl":{"start":{"line":180,"column":9},"end":{"line":180,"column":10}},"loc":{"start":{"line":180,"column":29},"end":{"line":182,"column":3}},"line":180},"31":{"name":"(anonymous_31)","decl":{"start":{"line":188,"column":0},"end":{"line":188,"column":1}},"loc":{"start":{"line":188,"column":12},"end":{"line":227,"column":1}},"line":188},"32":{"name":"_callee5","decl":{"start":{"line":191,"column":35},"end":{"line":191,"column":43}},"loc":{"start":{"line":191,"column":54},"end":{"line":222,"column":3}},"line":191},"33":{"name":"_callee5$","decl":{"start":{"line":193,"column":44},"end":{"line":193,"column":53}},"loc":{"start":{"line":193,"column":65},"end":{"line":221,"column":5}},"line":193},"34":{"name":"(anonymous_34)","decl":{"start":{"line":200,"column":63},"end":{"line":200,"column":64}},"loc":{"start":{"line":200,"column":79},"end":{"line":204,"column":13}},"line":200},"35":{"name":"(anonymous_35)","decl":{"start":{"line":204,"column":21},"end":{"line":204,"column":22}},"loc":{"start":{"line":204,"column":36},"end":{"line":214,"column":13}},"line":204},"36":{"name":"(anonymous_36)","decl":{"start":{"line":224,"column":9},"end":{"line":224,"column":10}},"loc":{"start":{"line":224,"column":30},"end":{"line":226,"column":3}},"line":224}},"branchMap":{"0":{"loc":{"start":{"line":14,"column":46},"end":{"line":14,"column":92}},"type":"cond-expr","locations":[{"start":{"line":14,"column":70},"end":{"line":14,"column":73}},{"start":{"line":14,"column":76},"end":{"line":14,"column":92}}],"line":14},"1":{"loc":{"start":{"line":14,"column":46},"end":{"line":14,"column":67}},"type":"binary-expr","locations":[{"start":{"line":14,"column":46},"end":{"line":14,"column":49}},{"start":{"line":14,"column":53},"end":{"line":14,"column":67}}],"line":14},"2":{"loc":{"start":{"line":16,"column":176},"end":{"line":16,"column":263}},"type":"if","locations":[{"start":{"line":16,"column":176},"end":{"line":16,"column":263}},{"start":{"line":16,"column":176},"end":{"line":16,"column":263}}],"line":16},"3":{"loc":{"start":{"line":32,"column":8},"end":{"line":52,"column":9}},"type":"switch","locations":[{"start":{"line":33,"column":10},"end":{"line":47,"column":15}},{"start":{"line":49,"column":10},"end":{"line":49,"column":17}},{"start":{"line":50,"column":10},"end":{"line":51,"column":35}}],"line":32},"4":{"loc":{"start":{"line":38,"column":14},"end":{"line":46,"column":15}},"type":"if","locations":[{"start":{"line":38,"column":14},"end":{"line":46,"column":15}},{"start":{"line":38,"column":14},"end":{"line":46,"column":15}}],"line":38},"5":{"loc":{"start":{"line":72,"column":8},"end":{"line":94,"column":9}},"type":"switch","locations":[{"start":{"line":73,"column":10},"end":{"line":89,"column":15}},{"start":{"line":91,"column":10},"end":{"line":91,"column":17}},{"start":{"line":92,"column":10},"end":{"line":93,"column":36}}],"line":72},"6":{"loc":{"start":{"line":80,"column":14},"end":{"line":88,"column":15}},"type":"if","locations":[{"start":{"line":80,"column":14},"end":{"line":88,"column":15}},{"start":{"line":80,"column":14},"end":{"line":88,"column":15}}],"line":80},"7":{"loc":{"start":{"line":113,"column":8},"end":{"line":130,"column":9}},"type":"switch","locations":[{"start":{"line":114,"column":10},"end":{"line":125,"column":15}},{"start":{"line":127,"column":10},"end":{"line":127,"column":17}},{"start":{"line":128,"column":10},"end":{"line":129,"column":36}}],"line":113},"8":{"loc":{"start":{"line":150,"column":8},"end":{"line":175,"column":9}},"type":"switch","locations":[{"start":{"line":151,"column":10},"end":{"line":170,"column":15}},{"start":{"line":172,"column":10},"end":{"line":172,"column":17}},{"start":{"line":173,"column":10},"end":{"line":174,"column":36}}],"line":150},"9":{"loc":{"start":{"line":161,"column":14},"end":{"line":165,"column":15}},"type":"if","locations":[{"start":{"line":161,"column":14},"end":{"line":165,"column":15}},{"start":{"line":161,"column":14},"end":{"line":165,"column":15}}],"line":161},"10":{"loc":{"start":{"line":195,"column":8},"end":{"line":219,"column":9}},"type":"switch","locations":[{"start":{"line":196,"column":10},"end":{"line":214,"column":15}},{"start":{"line":216,"column":10},"end":{"line":216,"column":17}},{"start":{"line":217,"column":10},"end":{"line":218,"column":36}}],"line":195},"11":{"loc":{"start":{"line":205,"column":14},"end":{"line":209,"column":15}},"type":"if","locations":[{"start":{"line":205,"column":14},"end":{"line":209,"column":15}},{"start":{"line":205,"column":14},"end":{"line":209,"column":15}}],"line":205}},"s":{"0":1,"1":1,"2":1,"3":1,"4":1,"5":3,"6":0,"7":0,"8":0,"9":0,"10":0,"11":0,"12":0,"13":0,"14":5,"15":0,"16":0,"17":0,"18":0,"19":0,"20":0,"21":0,"22":1,"23":1,"24":1,"25":0,"26":0,"27":0,"28":0,"29":0,"30":0,"31":0,"32":0,"33":0,"34":0,"35":1,"36":0,"37":1,"38":1,"39":0,"40":0,"41":0,"42":0,"43":0,"44":0,"45":0,"46":0,"47":0,"48":0,"49":0,"50":0,"51":1,"52":0,"53":1,"54":1,"55":0,"56":0,"57":0,"58":0,"59":0,"60":0,"61":0,"62":0,"63":1,"64":0,"65":1,"66":1,"67":0,"68":0,"69":0,"70":0,"71":0,"72":0,"73":0,"74":0,"75":0,"76":0,"77":0,"78":0,"79":1,"80":0,"81":1,"82":1,"83":0,"84":0,"85":0,"86":0,"87":0,"88":0,"89":0,"90":0,"91":0,"92":0,"93":0,"94":0,"95":1,"96":0,"97":1,"98":1},"f":{"0":3,"1":0,"2":5,"3":0,"4":0,"5":0,"6":0,"7":1,"8":0,"9":0,"10":0,"11":0,"12":0,"13":1,"14":0,"15":0,"16":0,"17":0,"18":0,"19":1,"20":0,"21":0,"22":0,"23":0,"24":0,"25":1,"26":0,"27":0,"28":0,"29":0,"30":0,"31":1,"32":0,"33":0,"34":0,"35":0,"36":0},"b":{"0":[0,3],"1":[3,3],"2":[0,0],"3":[0,0,0],"4":[0,0],"5":[0,0,0],"6":[0,0],"7":[0,0,0],"8":[0,0,0],"9":[0,0],"10":[0,0,0],"11":[0,0]},"_coverageSchema":"43e27e138ebf9cfc5966b082cf9a028302ed4184","hash":"c851b159a1eab2a35442003db3c737c4467c6cad","contentHash":"1ef8e728e4b1756c439f3de765e3be8b8bfff99df2e88a44fae4caefccb1fa72"},"C:\\Users\\propser\\Desktop\\TESTS\\p1003903\\EPICmail\\server\\models\\user\\post.js":{"path":"C:\\Users\\propser\\Desktop\\TESTS\\p1003903\\EPICmail\\server\\models\\user\\post.js","statementMap":{"0":{"start":{"line":3,"column":33},"end":{"line":3,"column":464}},"1":{"start":{"line":3,"column":46},"end":{"line":3,"column":47}},"2":{"start":{"line":3,"column":91},"end":{"line":3,"column":131}},"3":{"start":{"line":3,"column":147},"end":{"line":3,"column":166}},"4":{"start":{"line":3,"column":168},"end":{"line":3,"column":382}},"5":{"start":{"line":3,"column":226},"end":{"line":3,"column":380}},"6":{"start":{"line":3,"column":312},"end":{"line":3,"column":375}},"7":{"start":{"line":3,"column":383},"end":{"line":3,"column":462}},"8":{"start":{"line":3,"column":416},"end":{"line":3,"column":458}},"9":{"start":{"line":3,"column":465},"end":{"line":3,"column":479}},"10":{"start":{"line":5,"column":44},"end":{"line":5,"column":195}},"11":{"start":{"line":5,"column":62},"end":{"line":5,"column":166}},"12":{"start":{"line":5,"column":176},"end":{"line":5,"column":193}},"13":{"start":{"line":5,"column":196},"end":{"line":5,"column":207}},"14":{"start":{"line":7,"column":12},"end":{"line":7,"column":49}},"15":{"start":{"line":9,"column":15},"end":{"line":9,"column":46}},"16":{"start":{"line":11,"column":13},"end":{"line":11,"column":52}},"17":{"start":{"line":15,"column":2},"end":{"line":24,"column":5}},"18":{"start":{"line":16,"column":4},"end":{"line":21,"column":5}},"19":{"start":{"line":17,"column":6},"end":{"line":20,"column":9}},"20":{"start":{"line":23,"column":4},"end":{"line":23,"column":19}},"21":{"start":{"line":29,"column":2},"end":{"line":35,"column":5}},"22":{"start":{"line":30,"column":4},"end":{"line":34,"column":7}},"23":{"start":{"line":31,"column":6},"end":{"line":31,"column":27}},"24":{"start":{"line":33,"column":6},"end":{"line":33,"column":25}},"25":{"start":{"line":40,"column":2},"end":{"line":52,"column":5}},"26":{"start":{"line":41,"column":13},"end":{"line":43,"column":5}},"27":{"start":{"line":44,"column":15},"end":{"line":47,"column":5}},"28":{"start":{"line":48,"column":4},"end":{"line":48,"column":51}},"29":{"start":{"line":49,"column":4},"end":{"line":49,"column":24}},"30":{"start":{"line":50,"column":4},"end":{"line":50,"column":42}},"31":{"start":{"line":51,"column":4},"end":{"line":51,"column":21}},"32":{"start":{"line":57,"column":2},"end":{"line":75,"column":5}},"33":{"start":{"line":58,"column":4},"end":{"line":74,"column":7}},"34":{"start":{"line":59,"column":18},"end":{"line":61,"column":8}},"35":{"start":{"line":60,"column":8},"end":{"line":60,"column":31}},"36":{"start":{"line":62,"column":6},"end":{"line":64,"column":8}},"37":{"start":{"line":65,"column":17},"end":{"line":68,"column":7}},"38":{"start":{"line":69,"column":6},"end":{"line":69,"column":58}},"39":{"start":{"line":70,"column":6},"end":{"line":70,"column":44}},"40":{"start":{"line":71,"column":6},"end":{"line":71,"column":28}},"41":{"start":{"line":73,"column":6},"end":{"line":73,"column":25}},"42":{"start":{"line":80,"column":2},"end":{"line":90,"column":5}},"43":{"start":{"line":81,"column":4},"end":{"line":89,"column":7}},"44":{"start":{"line":82,"column":6},"end":{"line":84,"column":9}},"45":{"start":{"line":83,"column":8},"end":{"line":83,"column":26}},"46":{"start":{"line":85,"column":6},"end":{"line":85,"column":44}},"47":{"start":{"line":86,"column":6},"end":{"line":86,"column":16}},"48":{"start":{"line":88,"column":6},"end":{"line":88,"column":25}},"49":{"start":{"line":94,"column":0},"end":{"line":100,"column":2}}},"fnMap":{"0":{"name":"_objectSpread","decl":{"start":{"line":3,"column":9},"end":{"line":3,"column":22}},"loc":{"start":{"line":3,"column":31},"end":{"line":3,"column":481}},"line":3},"1":{"name":"(anonymous_1)","decl":{"start":{"line":3,"column":295},"end":{"line":3,"column":296}},"loc":{"start":{"line":3,"column":310},"end":{"line":3,"column":377}},"line":3},"2":{"name":"(anonymous_2)","decl":{"start":{"line":3,"column":399},"end":{"line":3,"column":400}},"loc":{"start":{"line":3,"column":414},"end":{"line":3,"column":460}},"line":3},"3":{"name":"_defineProperty","decl":{"start":{"line":5,"column":9},"end":{"line":5,"column":24}},"loc":{"start":{"line":5,"column":42},"end":{"line":5,"column":209}},"line":5},"4":{"name":"getPosts","decl":{"start":{"line":14,"column":9},"end":{"line":14,"column":17}},"loc":{"start":{"line":14,"column":20},"end":{"line":25,"column":1}},"line":14},"5":{"name":"(anonymous_5)","decl":{"start":{"line":15,"column":21},"end":{"line":15,"column":22}},"loc":{"start":{"line":15,"column":48},"end":{"line":24,"column":3}},"line":15},"6":{"name":"getPost","decl":{"start":{"line":28,"column":9},"end":{"line":28,"column":16}},"loc":{"start":{"line":28,"column":31},"end":{"line":36,"column":1}},"line":28},"7":{"name":"(anonymous_7)","decl":{"start":{"line":29,"column":21},"end":{"line":29,"column":22}},"loc":{"start":{"line":29,"column":48},"end":{"line":35,"column":3}},"line":29},"8":{"name":"(anonymous_8)","decl":{"start":{"line":30,"column":51},"end":{"line":30,"column":52}},"loc":{"start":{"line":30,"column":67},"end":{"line":32,"column":5}},"line":30},"9":{"name":"(anonymous_9)","decl":{"start":{"line":32,"column":13},"end":{"line":32,"column":14}},"loc":{"start":{"line":32,"column":28},"end":{"line":34,"column":5}},"line":32},"10":{"name":"insertPost","decl":{"start":{"line":39,"column":9},"end":{"line":39,"column":19}},"loc":{"start":{"line":39,"column":29},"end":{"line":53,"column":1}},"line":39},"11":{"name":"(anonymous_11)","decl":{"start":{"line":40,"column":21},"end":{"line":40,"column":22}},"loc":{"start":{"line":40,"column":48},"end":{"line":52,"column":3}},"line":40},"12":{"name":"updatePost","decl":{"start":{"line":56,"column":9},"end":{"line":56,"column":19}},"loc":{"start":{"line":56,"column":43},"end":{"line":76,"column":1}},"line":56},"13":{"name":"(anonymous_13)","decl":{"start":{"line":57,"column":21},"end":{"line":57,"column":22}},"loc":{"start":{"line":57,"column":48},"end":{"line":75,"column":3}},"line":57},"14":{"name":"(anonymous_14)","decl":{"start":{"line":58,"column":51},"end":{"line":58,"column":52}},"loc":{"start":{"line":58,"column":67},"end":{"line":72,"column":5}},"line":58},"15":{"name":"(anonymous_15)","decl":{"start":{"line":59,"column":34},"end":{"line":59,"column":35}},"loc":{"start":{"line":59,"column":47},"end":{"line":61,"column":7}},"line":59},"16":{"name":"(anonymous_16)","decl":{"start":{"line":72,"column":13},"end":{"line":72,"column":14}},"loc":{"start":{"line":72,"column":28},"end":{"line":74,"column":5}},"line":72},"17":{"name":"deletePost","decl":{"start":{"line":79,"column":9},"end":{"line":79,"column":19}},"loc":{"start":{"line":79,"column":34},"end":{"line":91,"column":1}},"line":79},"18":{"name":"(anonymous_18)","decl":{"start":{"line":80,"column":21},"end":{"line":80,"column":22}},"loc":{"start":{"line":80,"column":48},"end":{"line":90,"column":3}},"line":80},"19":{"name":"(anonymous_19)","decl":{"start":{"line":81,"column":51},"end":{"line":81,"column":52}},"loc":{"start":{"line":81,"column":63},"end":{"line":87,"column":5}},"line":81},"20":{"name":"(anonymous_20)","decl":{"start":{"line":82,"column":27},"end":{"line":82,"column":28}},"loc":{"start":{"line":82,"column":40},"end":{"line":84,"column":7}},"line":82},"21":{"name":"(anonymous_21)","decl":{"start":{"line":87,"column":13},"end":{"line":87,"column":14}},"loc":{"start":{"line":87,"column":28},"end":{"line":89,"column":5}},"line":87}},"branchMap":{"0":{"loc":{"start":{"line":3,"column":91},"end":{"line":3,"column":131}},"type":"cond-expr","locations":[{"start":{"line":3,"column":114},"end":{"line":3,"column":126}},{"start":{"line":3,"column":129},"end":{"line":3,"column":131}}],"line":3},"1":{"loc":{"start":{"line":3,"column":168},"end":{"line":3,"column":382}},"type":"if","locations":[{"start":{"line":3,"column":168},"end":{"line":3,"column":382}},{"start":{"line":3,"column":168},"end":{"line":3,"column":382}}],"line":3},"2":{"loc":{"start":{"line":5,"column":44},"end":{"line":5,"column":195}},"type":"if","locations":[{"start":{"line":5,"column":44},"end":{"line":5,"column":195}},{"start":{"line":5,"column":44},"end":{"line":5,"column":195}}],"line":5},"3":{"loc":{"start":{"line":16,"column":4},"end":{"line":21,"column":5}},"type":"if","locations":[{"start":{"line":16,"column":4},"end":{"line":21,"column":5}},{"start":{"line":16,"column":4},"end":{"line":21,"column":5}}],"line":16}},"s":{"0":0,"1":0,"2":0,"3":0,"4":0,"5":0,"6":0,"7":0,"8":0,"9":0,"10":0,"11":0,"12":0,"13":0,"14":1,"15":1,"16":1,"17":0,"18":0,"19":0,"20":0,"21":0,"22":0,"23":0,"24":0,"25":0,"26":0,"27":0,"28":0,"29":0,"30":0,"31":0,"32":0,"33":0,"34":0,"35":0,"36":0,"37":0,"38":0,"39":0,"40":0,"41":0,"42":0,"43":0,"44":0,"45":0,"46":0,"47":0,"48":0,"49":1},"f":{"0":0,"1":0,"2":0,"3":0,"4":0,"5":0,"6":0,"7":0,"8":0,"9":0,"10":0,"11":0,"12":0,"13":0,"14":0,"15":0,"16":0,"17":0,"18":0,"19":0,"20":0,"21":0},"b":{"0":[0,0],"1":[0,0],"2":[0,0],"3":[0,0]},"_coverageSchema":"43e27e138ebf9cfc5966b082cf9a028302ed4184","hash":"aae8cfadef091056e48bd271922ba5e5098adff2","contentHash":"0aecab1bd4d25ec9ab8620d8f4ed81deb6d6406f16ddfa5849779f55773ec6da"},"C:\\Users\\propser\\Desktop\\TESTS\\p1003903\\EPICmail\\server\\helpers\\user\\helper.js":{"path":"C:\\Users\\propser\\Desktop\\TESTS\\p1003903\\EPICmail\\server\\helpers\\user\\helper.js","statementMap":{"0":{"start":{"line":3,"column":9},"end":{"line":3,"column":22}},"1":{"start":{"line":5,"column":15},"end":{"line":11,"column":1}},"2":{"start":{"line":6,"column":2},"end":{"line":10,"column":3}},"3":{"start":{"line":7,"column":4},"end":{"line":7,"column":42}},"4":{"start":{"line":9,"column":4},"end":{"line":9,"column":13}},"5":{"start":{"line":13,"column":14},"end":{"line":15,"column":1}},"6":{"start":{"line":14,"column":2},"end":{"line":14,"column":31}},"7":{"start":{"line":18,"column":2},"end":{"line":31,"column":5}},"8":{"start":{"line":19,"column":14},"end":{"line":21,"column":6}},"9":{"start":{"line":20,"column":6},"end":{"line":20,"column":63}},"10":{"start":{"line":23,"column":4},"end":{"line":28,"column":5}},"11":{"start":{"line":24,"column":6},"end":{"line":27,"column":9}},"12":{"start":{"line":30,"column":4},"end":{"line":30,"column":17}},"13":{"start":{"line":35,"column":2},"end":{"line":39,"column":5}},"14":{"start":{"line":36,"column":4},"end":{"line":38,"column":5}},"15":{"start":{"line":37,"column":6},"end":{"line":37,"column":23}},"16":{"start":{"line":42,"column":0},"end":{"line":47,"column":2}}},"fnMap":{"0":{"name":"getNewId","decl":{"start":{"line":5,"column":24},"end":{"line":5,"column":32}},"loc":{"start":{"line":5,"column":40},"end":{"line":11,"column":1}},"line":5},"1":{"name":"newDate","decl":{"start":{"line":13,"column":23},"end":{"line":13,"column":30}},"loc":{"start":{"line":13,"column":33},"end":{"line":15,"column":1}},"line":13},"2":{"name":"mustBeInArray","decl":{"start":{"line":17,"column":9},"end":{"line":17,"column":22}},"loc":{"start":{"line":17,"column":44},"end":{"line":32,"column":1}},"line":17},"3":{"name":"(anonymous_3)","decl":{"start":{"line":18,"column":21},"end":{"line":18,"column":22}},"loc":{"start":{"line":18,"column":48},"end":{"line":31,"column":3}},"line":18},"4":{"name":"(anonymous_4)","decl":{"start":{"line":19,"column":25},"end":{"line":19,"column":26}},"loc":{"start":{"line":19,"column":38},"end":{"line":21,"column":5}},"line":19},"5":{"name":"writeJSONFile","decl":{"start":{"line":34,"column":9},"end":{"line":34,"column":22}},"loc":{"start":{"line":34,"column":42},"end":{"line":40,"column":1}},"line":34},"6":{"name":"(anonymous_6)","decl":{"start":{"line":35,"column":71},"end":{"line":35,"column":72}},"loc":{"start":{"line":35,"column":86},"end":{"line":39,"column":3}},"line":35}},"branchMap":{"0":{"loc":{"start":{"line":6,"column":2},"end":{"line":10,"column":3}},"type":"if","locations":[{"start":{"line":6,"column":2},"end":{"line":10,"column":3}},{"start":{"line":6,"column":2},"end":{"line":10,"column":3}}],"line":6},"1":{"loc":{"start":{"line":20,"column":13},"end":{"line":20,"column":62}},"type":"binary-expr","locations":[{"start":{"line":20,"column":13},"end":{"line":20,"column":23}},{"start":{"line":20,"column":27},"end":{"line":20,"column":62}}],"line":20},"2":{"loc":{"start":{"line":23,"column":4},"end":{"line":28,"column":5}},"type":"if","locations":[{"start":{"line":23,"column":4},"end":{"line":28,"column":5}},{"start":{"line":23,"column":4},"end":{"line":28,"column":5}}],"line":23},"3":{"loc":{"start":{"line":36,"column":4},"end":{"line":38,"column":5}},"type":"if","locations":[{"start":{"line":36,"column":4},"end":{"line":38,"column":5}},{"start":{"line":36,"column":4},"end":{"line":38,"column":5}}],"line":36}},"s":{"0":1,"1":1,"2":0,"3":0,"4":0,"5":1,"6":0,"7":0,"8":0,"9":0,"10":0,"11":0,"12":0,"13":0,"14":0,"15":0,"16":1},"f":{"0":0,"1":0,"2":0,"3":0,"4":0,"5":0,"6":0},"b":{"0":[0,0],"1":[0,0],"2":[0,0],"3":[0,0]},"_coverageSchema":"43e27e138ebf9cfc5966b082cf9a028302ed4184","hash":"2361a9d6f7b025e43c7fb0a853477546d49e7222","contentHash":"26df321643efc490d9b7a27a1ad0b5750cc783a8fe9949ddad05684d34ba689f"},"C:\\Users\\propser\\Desktop\\TESTS\\p1003903\\EPICmail\\server\\helpers\\user\\m.js":{"path":"C:\\Users\\propser\\Desktop\\TESTS\\p1003903\\EPICmail\\server\\helpers\\user\\m.js","statementMap":{"0":{"start":{"line":4,"column":11},"end":{"line":4,"column":24}},"1":{"start":{"line":6,"column":2},"end":{"line":12,"column":3}},"2":{"start":{"line":7,"column":4},"end":{"line":9,"column":7}},"3":{"start":{"line":11,"column":4},"end":{"line":11,"column":11}},"4":{"start":{"line":16,"column":18},"end":{"line":16,"column":26}},"5":{"start":{"line":17,"column":16},"end":{"line":17,"column":33}},"6":{"start":{"line":18,"column":21},"end":{"line":18,"column":43}},"7":{"start":{"line":20,"column":2},"end":{"line":26,"column":3}},"8":{"start":{"line":21,"column":4},"end":{"line":21,"column":11}},"9":{"start":{"line":23,"column":4},"end":{"line":25,"column":7}},"10":{"start":{"line":29,"column":0},"end":{"line":32,"column":2}}},"fnMap":{"0":{"name":"mustBeInteger","decl":{"start":{"line":3,"column":9},"end":{"line":3,"column":22}},"loc":{"start":{"line":3,"column":39},"end":{"line":13,"column":1}},"line":3},"1":{"name":"checkFieldsPost","decl":{"start":{"line":15,"column":9},"end":{"line":15,"column":24}},"loc":{"start":{"line":15,"column":41},"end":{"line":27,"column":1}},"line":15}},"branchMap":{"0":{"loc":{"start":{"line":6,"column":2},"end":{"line":12,"column":3}},"type":"if","locations":[{"start":{"line":6,"column":2},"end":{"line":12,"column":3}},{"start":{"line":6,"column":2},"end":{"line":12,"column":3}}],"line":6},"1":{"loc":{"start":{"line":20,"column":2},"end":{"line":26,"column":3}},"type":"if","locations":[{"start":{"line":20,"column":2},"end":{"line":26,"column":3}},{"start":{"line":20,"column":2},"end":{"line":26,"column":3}}],"line":20},"2":{"loc":{"start":{"line":20,"column":6},"end":{"line":20,"column":29}},"type":"binary-expr","locations":[{"start":{"line":20,"column":6},"end":{"line":20,"column":13}},{"start":{"line":20,"column":17},"end":{"line":20,"column":29}}],"line":20}},"s":{"0":0,"1":0,"2":0,"3":0,"4":0,"5":0,"6":0,"7":0,"8":0,"9":0,"10":1},"f":{"0":0,"1":0},"b":{"0":[0,0],"1":[0,0],"2":[0,0]},"_coverageSchema":"43e27e138ebf9cfc5966b082cf9a028302ed4184","hash":"4d7ca8db0f4dd836843ad9bbc5f0681bb63f746e","contentHash":"28f567d45cca2d2bc571ba37d64a608758ece82e2af6d89a6888a57e15dc8e30"},"C:\\Users\\propser\\Desktop\\TESTS\\p1003903\\EPICmail\\server\\routes\\sent\\routes.js":{"path":"C:\\Users\\propser\\Desktop\\TESTS\\p1003903\\EPICmail\\server\\routes\\sent\\routes.js","statementMap":{"0":{"start":{"line":3,"column":0},"end":{"line":5,"column":3}},"1":{"start":{"line":6,"column":0},"end":{"line":6,"column":25}},"2":{"start":{"line":8,"column":15},"end":{"line":8,"column":57}},"3":{"start":{"line":10,"column":12},"end":{"line":10,"column":69}},"4":{"start":{"line":12,"column":9},"end":{"line":12,"column":64}},"5":{"start":{"line":14,"column":39},"end":{"line":14,"column":93}},"6":{"start":{"line":16,"column":77},"end":{"line":16,"column":175}},"7":{"start":{"line":16,"column":94},"end":{"line":16,"column":107}},"8":{"start":{"line":16,"column":121},"end":{"line":16,"column":131}},"9":{"start":{"line":16,"column":151},"end":{"line":16,"column":165}},"10":{"start":{"line":16,"column":166},"end":{"line":16,"column":173}},"11":{"start":{"line":16,"column":176},"end":{"line":16,"column":263}},"12":{"start":{"line":16,"column":193},"end":{"line":16,"column":208}},"13":{"start":{"line":16,"column":218},"end":{"line":16,"column":261}},"14":{"start":{"line":18,"column":33},"end":{"line":18,"column":387}},"15":{"start":{"line":18,"column":65},"end":{"line":18,"column":69}},"16":{"start":{"line":18,"column":78},"end":{"line":18,"column":87}},"17":{"start":{"line":18,"column":89},"end":{"line":18,"column":384}},"18":{"start":{"line":18,"column":147},"end":{"line":18,"column":167}},"19":{"start":{"line":18,"column":193},"end":{"line":18,"column":264}},"20":{"start":{"line":18,"column":290},"end":{"line":18,"column":360}},"21":{"start":{"line":18,"column":363},"end":{"line":18,"column":380}},"22":{"start":{"line":20,"column":13},"end":{"line":20,"column":38}},"23":{"start":{"line":24,"column":0},"end":{"line":60,"column":5}},"24":{"start":{"line":27,"column":13},"end":{"line":55,"column":5}},"25":{"start":{"line":30,"column":4},"end":{"line":54,"column":16}},"26":{"start":{"line":31,"column":6},"end":{"line":53,"column":7}},"27":{"start":{"line":32,"column":8},"end":{"line":52,"column":9}},"28":{"start":{"line":34,"column":12},"end":{"line":34,"column":30}},"29":{"start":{"line":35,"column":12},"end":{"line":47,"column":15}},"30":{"start":{"line":36,"column":14},"end":{"line":36,"column":37}},"31":{"start":{"line":38,"column":14},"end":{"line":46,"column":15}},"32":{"start":{"line":39,"column":16},"end":{"line":41,"column":19}},"33":{"start":{"line":43,"column":16},"end":{"line":45,"column":19}},"34":{"start":{"line":51,"column":12},"end":{"line":51,"column":35}},"35":{"start":{"line":57,"column":2},"end":{"line":59,"column":4}},"36":{"start":{"line":58,"column":4},"end":{"line":58,"column":39}},"37":{"start":{"line":63,"column":0},"end":{"line":102,"column":5}},"38":{"start":{"line":66,"column":14},"end":{"line":97,"column":5}},"39":{"start":{"line":70,"column":4},"end":{"line":96,"column":17}},"40":{"start":{"line":71,"column":6},"end":{"line":95,"column":7}},"41":{"start":{"line":72,"column":8},"end":{"line":94,"column":9}},"42":{"start":{"line":74,"column":12},"end":{"line":74,"column":31}},"43":{"start":{"line":75,"column":12},"end":{"line":75,"column":43}},"44":{"start":{"line":76,"column":12},"end":{"line":76,"column":31}},"45":{"start":{"line":77,"column":12},"end":{"line":89,"column":15}},"46":{"start":{"line":78,"column":14},"end":{"line":78,"column":36}},"47":{"start":{"line":80,"column":14},"end":{"line":88,"column":15}},"48":{"start":{"line":81,"column":16},"end":{"line":83,"column":19}},"49":{"start":{"line":85,"column":16},"end":{"line":87,"column":19}},"50":{"start":{"line":93,"column":12},"end":{"line":93,"column":36}},"51":{"start":{"line":99,"column":2},"end":{"line":101,"column":4}},"52":{"start":{"line":100,"column":4},"end":{"line":100,"column":40}},"53":{"start":{"line":105,"column":0},"end":{"line":138,"column":5}},"54":{"start":{"line":108,"column":14},"end":{"line":133,"column":5}},"55":{"start":{"line":111,"column":4},"end":{"line":132,"column":17}},"56":{"start":{"line":112,"column":6},"end":{"line":131,"column":7}},"57":{"start":{"line":113,"column":8},"end":{"line":130,"column":9}},"58":{"start":{"line":115,"column":12},"end":{"line":115,"column":31}},"59":{"start":{"line":116,"column":12},"end":{"line":125,"column":15}},"60":{"start":{"line":117,"column":14},"end":{"line":120,"column":17}},"61":{"start":{"line":122,"column":14},"end":{"line":124,"column":17}},"62":{"start":{"line":129,"column":12},"end":{"line":129,"column":36}},"63":{"start":{"line":135,"column":2},"end":{"line":137,"column":4}},"64":{"start":{"line":136,"column":4},"end":{"line":136,"column":40}},"65":{"start":{"line":141,"column":0},"end":{"line":182,"column":5}},"66":{"start":{"line":144,"column":14},"end":{"line":177,"column":5}},"67":{"start":{"line":148,"column":4},"end":{"line":176,"column":17}},"68":{"start":{"line":149,"column":6},"end":{"line":175,"column":7}},"69":{"start":{"line":150,"column":8},"end":{"line":174,"column":9}},"70":{"start":{"line":152,"column":12},"end":{"line":152,"column":31}},"71":{"start":{"line":153,"column":12},"end":{"line":153,"column":43}},"72":{"start":{"line":154,"column":12},"end":{"line":154,"column":31}},"73":{"start":{"line":155,"column":12},"end":{"line":169,"column":15}},"74":{"start":{"line":156,"column":14},"end":{"line":158,"column":17}},"75":{"start":{"line":160,"column":14},"end":{"line":164,"column":15}},"76":{"start":{"line":161,"column":16},"end":{"line":163,"column":19}},"77":{"start":{"line":166,"column":14},"end":{"line":168,"column":17}},"78":{"start":{"line":173,"column":12},"end":{"line":173,"column":36}},"79":{"start":{"line":179,"column":2},"end":{"line":181,"column":4}},"80":{"start":{"line":180,"column":4},"end":{"line":180,"column":40}},"81":{"start":{"line":183,"column":15},"end":{"line":183,"column":21}},"82":{"start":{"line":184,"column":0},"end":{"line":184,"column":27}}},"fnMap":{"0":{"name":"_interopRequireDefault","decl":{"start":{"line":14,"column":9},"end":{"line":14,"column":31}},"loc":{"start":{"line":14,"column":37},"end":{"line":14,"column":95}},"line":14},"1":{"name":"asyncGeneratorStep","decl":{"start":{"line":16,"column":9},"end":{"line":16,"column":27}},"loc":{"start":{"line":16,"column":75},"end":{"line":16,"column":265}},"line":16},"2":{"name":"_asyncToGenerator","decl":{"start":{"line":18,"column":9},"end":{"line":18,"column":26}},"loc":{"start":{"line":18,"column":31},"end":{"line":18,"column":389}},"line":18},"3":{"name":"(anonymous_3)","decl
[...]
9},"end":{"line":79,"column":19}},"loc":{"start":{"line":79,"column":34},"end":{"line":91,"column":1}},"line":79},"18":{"name":"(anonymous_18)","decl":{"start":{"line":80,"column":21},"end":{"line":80,"column":22}},"loc":{"start":{"line":80,"column":48},"end":{"line":90,"column":3}},"line":80},"19":{"name":"(anonymous_19)","decl":{"start":{"line":81,"column":51},"end":{"line":81,"column":52}},"loc":{"start":{"line":81,"column":63},"end":{"line":87,"column":5}},"line":81},"20":{"name":"(anonymous_20)","decl":{"start":{"line":82,"column":27},"end":{"line":82,"column":28}},"loc":{"start":{"line":82,"column":40},"end":{"line":84,"column":7}},"line":82},"21":{"name":"(anonymous_21)","decl":{"start":{"line":87,"column":13},"end":{"line":87,"column":14}},"loc":{"start":{"line":87,"column":28},"end":{"line":89,"column":5}},"line":87}},"branchMap":{"0":{"loc":{"start":{"line":3,"column":91},"end":{"line":3,"column":131}},"type":"cond-expr","locations":[{"start":{"line":3,"column":114},"end":{"line":3,"column":126}},{"start":{"line":3,"column":129},"end":{"line":3,"column":131}}],"line":3},"1":{"loc":{"start":{"line":3,"column":168},"end":{"line":3,"column":382}},"type":"if","locations":[{"start":{"line":3,"column":168},"end":{"line":3,"column":382}},{"start":{"line":3,"column":168},"end":{"line":3,"column":382}}],"line":3},"2":{"loc":{"start":{"line":5,"column":44},"end":{"line":5,"column":195}},"type":"if","locations":[{"start":{"line":5,"column":44},"end":{"line":5,"column":195}},{"start":{"line":5,"column":44},"end":{"line":5,"column":195}}],"line":5},"3":{"loc":{"start":{"line":16,"column":4},"end":{"line":21,"column":5}},"type":"if","locations":[{"start":{"line":16,"column":4},"end":{"line":21,"column":5}},{"start":{"line":16,"column":4},"end":{"line":21,"column":5}}],"line":16}},"s":{"0":0,"1":0,"2":0,"3":0,"4":0,"5":0,"6":0,"7":0,"8":0,"9":0,"10":0,"11":0,"12":0,"13":0,"14":1,"15":1,"16":1,"17":0,"18":0,"19":0,"20":0,"21":0,"22":0,"23":0,"24":0,"25":0,"26":0,"27":0,"28":0,"29":0,"30":0,"31":0,"32":0,"33":0,"34":0,"35":0,"36":0,"37":0,"38":0,"39":0,"40":0,"41":0,"42":0,"43":0,"44":0,"45":0,"46":0,"47":0,"48":0,"49":1},"f":{"0":0,"1":0,"2":0,"3":0,"4":0,"5":0,"6":0,"7":0,"8":0,"9":0,"10":0,"11":0,"12":0,"13":0,"14":0,"15":0,"16":0,"17":0,"18":0,"19":0,"20":0,"21":0},"b":{"0":[0,0],"1":[0,0],"2":[0,0],"3":[0,0]},"_coverageSchema":"43e27e138ebf9cfc5966b082cf9a028302ed4184","hash":"8a990a32cce2aacfc6030783b11295b2e828b110","contentHash":"a426605d8289a66db4ddc2b959bcd63658d3e1d9724e92742b2cc6876337fe25"},"C:\\Users\\propser\\Desktop\\TESTS\\p1003903\\EPICmail\\server\\helpers\\inbox\\helper.js":{"path":"C:\\Users\\propser\\Desktop\\TESTS\\p1003903\\EPICmail\\server\\helpers\\inbox\\helper.js","statementMap":{"0":{"start":{"line":3,"column":9},"end":{"line":3,"column":22}},"1":{"start":{"line":5,"column":15},"end":{"line":11,"column":1}},"2":{"start":{"line":6,"column":2},"end":{"line":10,"column":3}},"3":{"start":{"line":7,"column":4},"end":{"line":7,"column":42}},"4":{"start":{"line":9,"column":4},"end":{"line":9,"column":13}},"5":{"start":{"line":13,"column":14},"end":{"line":15,"column":1}},"6":{"start":{"line":14,"column":2},"end":{"line":14,"column":31}},"7":{"start":{"line":18,"column":2},"end":{"line":39,"column":5}},"8":{"start":{"line":19,"column":4},"end":{"line":29,"column":5}},"9":{"start":{"line":20,"column":6},"end":{"line":22,"column":10}},"10":{"start":{"line":21,"column":8},"end":{"line":21,"column":63}},"11":{"start":{"line":24,"column":6},"end":{"line":28,"column":7}},"12":{"start":{"line":24,"column":19},"end":{"line":24,"column":20}},"13":{"start":{"line":25,"column":8},"end":{"line":27,"column":12}},"14":{"start":{"line":26,"column":10},"end":{"line":26,"column":83}},"15":{"start":{"line":31,"column":4},"end":{"line":38,"column":5}},"16":{"start":{"line":32,"column":6},"end":{"line":32,"column":79}},"17":{"start":{"line":34,"column":6},"end":{"line":37,"column":9}},"18":{"start":{"line":43,"column":2},"end":{"line":47,"column":5}},"19":{"start":{"line":44,"column":4},"end":{"line":46,"column":5}},"20":{"start":{"line":45,"column":6},"end":{"line":45,"column":23}},"21":{"start":{"line":50,"column":0},"end":{"line":55,"column":2}}},"fnMap":{"0":{"name":"getNewId","decl":{"start":{"line":5,"column":24},"end":{"line":5,"column":32}},"loc":{"start":{"line":5,"column":40},"end":{"line":11,"column":1}},"line":5},"1":{"name":"newDate","decl":{"start":{"line":13,"column":23},"end":{"line":13,"column":30}},"loc":{"start":{"line":13,"column":33},"end":{"line":15,"column":1}},"line":13},"2":{"name":"mustBeInArray","decl":{"start":{"line":17,"column":9},"end":{"line":17,"column":22}},"loc":{"start":{"line":17,"column":44},"end":{"line":40,"column":1}},"line":17},"3":{"name":"(anonymous_3)","decl":{"start":{"line":18,"column":21},"end":{"line":18,"column":22}},"loc":{"start":{"line":18,"column":48},"end":{"line":39,"column":3}},"line":18},"4":{"name":"(anonymous_4)","decl":{"start":{"line":20,"column":27},"end":{"line":20,"column":28}},"loc":{"start":{"line":20,"column":40},"end":{"line":22,"column":7}},"line":20},"5":{"name":"(anonymous_5)","decl":{"start":{"line":25,"column":29},"end":{"line":25,"column":30}},"loc":{"start":{"line":25,"column":42},"end":{"line":27,"column":9}},"line":25},"6":{"name":"(anonymous_6)","decl":{"start":{"line":31,"column":22},"end":{"line":31,"column":23}},"loc":{"start":{"line":31,"column":35},"end":{"line":33,"column":5}},"line":31},"7":{"name":"writeJSONFile","decl":{"start":{"line":42,"column":9},"end":{"line":42,"column":22}},"loc":{"start":{"line":42,"column":42},"end":{"line":48,"column":1}},"line":42},"8":{"name":"(anonymous_8)","decl":{"start":{"line":43,"column":71},"end":{"line":43,"column":72}},"loc":{"start":{"line":43,"column":86},"end":{"line":47,"column":3}},"line":43}},"branchMap":{"0":{"loc":{"start":{"line":6,"column":2},"end":{"line":10,"column":3}},"type":"if","locations":[{"start":{"line":6,"column":2},"end":{"line":10,"column":3}},{"start":{"line":6,"column":2},"end":{"line":10,"column":3}}],"line":6},"1":{"loc":{"start":{"line":19,"column":4},"end":{"line":29,"column":5}},"type":"if","locations":[{"start":{"line":19,"column":4},"end":{"line":29,"column":5}},{"start":{"line":19,"column":4},"end":{"line":29,"column":5}}],"line":19},"2":{"loc":{"start":{"line":21,"column":15},"end":{"line":21,"column":62}},"type":"binary-expr","locations":[{"start":{"line":21,"column":15},"end":{"line":21,"column":38}},{"start":{"line":21,"column":42},"end":{"line":21,"column":62}}],"line":21},"3":{"loc":{"start":{"line":26,"column":17},"end":{"line":26,"column":82}},"type":"binary-expr","locations":[{"start":{"line":26,"column":17},"end":{"line":26,"column":40}},{"start":{"line":26,"column":44},"end":{"line":26,"column":82}}],"line":26},"4":{"loc":{"start":{"line":31,"column":4},"end":{"line":38,"column":5}},"type":"if","locations":[{"start":{"line":31,"column":4},"end":{"line":38,"column":5}},{"start":{"line":31,"column":4},"end":{"line":38,"column":5}}],"line":31},"5":{"loc":{"start":{"line":32,"column":13},"end":{"line":32,"column":78}},"type":"binary-expr","locations":[{"start":{"line":32,"column":13},"end":{"line":32,"column":36}},{"start":{"line":32,"column":40},"end":{"line":32,"column":78}}],"line":32},"6":{"loc":{"start":{"line":44,"column":4},"end":{"line":46,"column":5}},"type":"if","locations":[{"start":{"line":44,"column":4},"end":{"line":46,"column":5}},{"start":{"line":44,"column":4},"end":{"line":46,"column":5}}],"line":44}},"s":{"0":1,"1":1,"2":0,"3":0,"4":0,"5":1,"6":0,"7":0,"8":0,"9":0,"10":0,"11":0,"12":0,"13":0,"14":0,"15":0,"16":0,"17":0,"18":0,"19":0,"20":0,"21":1},"f":{"0":0,"1":0,"2":0,"3":0,"4":0,"5":0,"6":0,"7":0,"8":0},"b":{"0":[0,0],"1":[0,0],"2":[0,0],"3":[0,0],"4":[0,0],"5":[0,0],"6":[0,0]},"_coverageSchema":"43e27e138ebf9cfc5966b082cf9a028302ed4184","hash":"08fb8557b279142ab38dc167d193c228ecd92e52","contentHash":"4365dba68682f406fbc3b75c7816e3b301a774e49d51abcd934949d2b44cd81f"},"C:\\Users\\propser\\Desktop\\TESTS\\p1003903\\EPICmail\\server\\helpers\\inbox\\m.js":{"path":"C:\\Users\\propser\\Desktop\\TESTS\\p1003903\\EPICmail\\server\\helpers\\inbox\\m.js","statementMap":{"0":{"start":{"line":4,"column":11},"end":{"line":4,"column":24}},"1":{"start":{"line":6,"column":2},"end":{"line":12,"column":3}},"2":{"start":{"line":7,"column":4},"end":{"line":9,"column":7}},"3":{"start":{"line":11,"column":4},"end":{"line":11,"column":11}},"4":{"start":{"line":16,"column":18},"end":{"line":16,"column":26}},"5":{"start":{"line":17,"column":16},"end":{"line":17,"column":33}},"6":{"start":{"line":18,"column":16},"end":{"line":18,"column":33}},"7":{"start":{"line":20,"column":2},"end":{"line":26,"column":3}},"8":{"start":{"line":21,"column":4},"end":{"line":21,"column":11}},"9":{"start":{"line":23,"column":4},"end":{"line":25,"column":7}},"10":{"start":{"line":29,"column":0},"end":{"line":32,"column":2}}},"fnMap":{"0":{"name":"mustBeInteger","decl":{"start":{"line":3,"column":9},"end":{"line":3,"column":22}},"loc":{"start":{"line":3,"column":39},"end":{"line":13,"column":1}},"line":3},"1":{"name":"checkFieldsPost","decl":{"start":{"line":15,"column":9},"end":{"line":15,"column":24}},"loc":{"start":{"line":15,"column":41},"end":{"line":27,"column":1}},"line":15}},"branchMap":{"0":{"loc":{"start":{"line":6,"column":2},"end":{"line":12,"column":3}},"type":"if","locations":[{"start":{"line":6,"column":2},"end":{"line":12,"column":3}},{"start":{"line":6,"column":2},"end":{"line":12,"column":3}}],"line":6},"1":{"loc":{"start":{"line":20,"column":2},"end":{"line":26,"column":3}},"type":"if","locations":[{"start":{"line":20,"column":2},"end":{"line":26,"column":3}},{"start":{"line":20,"column":2},"end":{"line":26,"column":3}}],"line":20},"2":{"loc":{"start":{"line":20,"column":6},"end":{"line":20,"column":24}},"type":"binary-expr","locations":[{"start":{"line":20,"column":6},"end":{"line":20,"column":13}},{"start":{"line":20,"column":17},"end":{"line":20,"column":24}}],"line":20}},"s":{"0":0,"1":0,"2":0,"3":0,"4":0,"5":0,"6":0,"7":0,"8":0,"9":0,"10":1},"f":{"0":0,"1":0},"b":{"0":[0,0],"1":[0,0],"2":[0,0]},"_coverageSchema":"43e27e138ebf9cfc5966b082cf9a028302ed4184","hash":"075ba046c87e044618ad632c68fd5fa533f77f6a","contentHash":"9e1f01814f4576c97d958fa4e5eb5f63fb5ee84fad7df15a25f659be99d64524"},"C:\\Users\\propser\\Desktop\\TESTS\\p1003903\\EPICmail\\server\\tests\\inboxtests.js":{"path":"C:\\Users\\propser\\Desktop\\TESTS\\p1003903\\EPICmail\\server\\tests\\inboxtests.js","statementMap":{"0":{"start":{"line":3,"column":12},"end":{"line":3,"column":51}},"1":{"start":{"line":5,"column":16},"end":{"line":5,"column":60}},"2":{"start":{"line":7,"column":14},"end":{"line":7,"column":58}},"3":{"start":{"line":9,"column":39},"end":{"line":9,"column":93}},"4":{"start":{"line":12,"column":0},"end":{"line":12,"column":30}},"5":{"start":{"line":14,"column":13},"end":{"line":14,"column":33}},"6":{"start":{"line":16,"column":0},"end":{"line":16,"column":37}},"7":{"start":{"line":22,"column":0},"end":{"line":35,"column":3}},"8":{"start":{"line":23,"column":2},"end":{"line":28,"column":5}},"9":{"start":{"line":24,"column":4},"end":{"line":27,"column":7}},"10":{"start":{"line":25,"column":6},"end":{"line":25,"column":28}},"11":{"start":{"line":26,"column":6},"end":{"line":26,"column":45}},"12":{"start":{"line":29,"column":2},"end":{"line":34,"column":5}},"13":{"start":{"line":30,"column":4},"end":{"line":33,"column":7}},"14":{"start":{"line":31,"column":6},"end":{"line":31,"column":28}},"15":{"start":{"line":32,"column":6},"end":{"line":32,"column":45}}},"fnMap":{"0":{"name":"_interopRequireDefault","decl":{"start":{"line":9,"column":9},"end":{"line":9,"column":31}},"loc":{"start":{"line":9,"column":37},"end":{"line":9,"column":95}},"line":9},"1":{"name":"(anonymous_1)","decl":{"start":{"line":22,"column":23},"end":{"line":22,"column":24}},"loc":{"start":{"line":22,"column":35},"end":{"line":35,"column":1}},"line":22},"2":{"name":"(anonymous_2)","decl":{"start":{"line":23,"column":70},"end":{"line":23,"column":71}},"loc":{"start":{"line":23,"column":82},"end":{"line":28,"column":3}},"line":23},"3":{"name":"(anonymous_3)","decl":{"start":{"line":24,"column":72},"end":{"line":24,"column":73}},"loc":{"start":{"line":24,"column":92},"end":{"line":27,"column":5}},"line":24},"4":{"name":"(anonymous_4)","decl":{"start":{"line":29,"column":60},"end":{"line":29,"column":61}},"loc":{"start":{"line":29,"column":72},"end":{"line":34,"column":3}},"line":29},"5":{"name":"(anonymous_5)","decl":{"start":{"line":30,"column":77},"end":{"line":30,"column":78}},"loc":{"start":{"line":30,"column":97},"end":{"line":33,"column":5}},"line":30}},"branchMap":{"0":{"loc":{"start":{"line":9,"column":46},"end":{"line":9,"column":92}},"type":"cond-expr","locations":[{"start":{"line":9,"column":70},"end":{"line":9,"column":73}},{"start":{"line":9,"column":76},"end":{"line":9,"column":92}}],"line":9},"1":{"loc":{"start":{"line":9,"column":46},"end":{"line":9,"column":67}},"type":"binary-expr","locations":[{"start":{"line":9,"column":46},"end":{"line":9,"column":49}},{"start":{"line":9,"column":53},"end":{"line":9,"column":67}}],"line":9}},"s":{"0":1,"1":1,"2":1,"3":3,"4":1,"5":1,"6":1,"7":1,"8":1,"9":1,"10":0,"11":0,"12":1,"13":1,"14":0,"15":0},"f":{"0":3,"1":1,"2":1,"3":0,"4":1,"5":0},"b":{"0":[0,3],"1":[3,3]},"_coverageSchema":"43e27e138ebf9cfc5966b082cf9a028302ed4184","hash":"3a452598cc551e23ad0fcb316e6628ac2bf8a2ae","contentHash":"a0087bd2aa081bb11c90f668c5dda141e83a551d59f289b1a966af21630b2943"},"C:\\Users\\propser\\Desktop\\TESTS\\p1003903\\EPICmail\\server\\tests\\senttests.js":{"path":"C:\\Users\\propser\\Desktop\\TESTS\\p1003903\\EPICmail\\server\\tests\\senttests.js","statementMap":{"0":{"start":{"line":3,"column":12},"end":{"line":3,"column":51}},"1":{"start":{"line":5,"column":16},"end":{"line":5,"column":60}},"2":{"start":{"line":7,"column":14},"end":{"line":7,"column":58}},"3":{"start":{"line":9,"column":39},"end":{"line":9,"column":93}},"4":{"start":{"line":12,"column":0},"end":{"line":12,"column":30}},"5":{"start":{"line":14,"column":13},"end":{"line":14,"column":33}},"6":{"start":{"line":16,"column":0},"end":{"line":16,"column":37}},"7":{"start":{"line":22,"column":0},"end":{"line":41,"column":3}},"8":{"start":{"line":23,"column":2},"end":{"line":28,"column":5}},"9":{"start":{"line":24,"column":4},"end":{"line":27,"column":7}},"10":{"start":{"line":25,"column":6},"end":{"line":25,"column":28}},"11":{"start":{"line":26,"column":6},"end":{"line":26,"column":45}},"12":{"start":{"line":29,"column":2},"end":{"line":34,"column":5}},"13":{"start":{"line":30,"column":4},"end":{"line":33,"column":7}},"14":{"start":{"line":31,"column":6},"end":{"line":31,"column":28}},"15":{"start":{"line":32,"column":6},"end":{"line":32,"column":45}},"16":{"start":{"line":35,"column":2},"end":{"line":40,"column":5}},"17":{"start":{"line":36,"column":4},"end":{"line":39,"column":7}},"18":{"start":{"line":37,"column":6},"end":{"line":37,"column":28}},"19":{"start":{"line":38,"column":6},"end":{"line":38,"column":45}}},"fnMap":{"0":{"name":"_interopRequireDefault","decl":{"start":{"line":9,"column":9},"end":{"line":9,"column":31}},"loc":{"start":{"line":9,"column":37},"end":{"line":9,"column":95}},"line":9},"1":{"name":"(anonymous_1)","decl":{"start":{"line":22,"column":23},"end":{"line":22,"column":24}},"loc":{"start":{"line":22,"column":35},"end":{"line":41,"column":1}},"line":22},"2":{"name":"(anonymous_2)","decl":{"start":{"line":23,"column":35},"end":{"line":23,"column":36}},"loc":{"start":{"line":23,"column":47},"end":{"line":28,"column":3}},"line":23},"3":{"name":"(anonymous_3)","decl":{"start":{"line":24,"column":76},"end":{"line":24,"column":77}},"loc":{"start":{"line":24,"column":96},"end":{"line":27,"column":5}},"line":24},"4":{"name":"(anonymous_4)","decl":{"start":{"line":29,"column":51},"end":{"line":29,"column":52}},"loc":{"start":{"line":29,"column":63},"end":{"line":34,"column":3}},"line":29},"5":{"name":"(anonymous_5)","decl":{"start":{"line":30,"column":71},"end":{"line":30,"column":72}},"loc":{"start":{"line":30,"column":91},"end":{"line":33,"column":5}},"line":30},"6":{"name":"(anonymous_6)","decl":{"start":{"line":35,"column":60},"end":{"line":35,"column":61}},"loc":{"start":{"line":35,"column":72},"end":{"line":40,"column":3}},"line":35},"7":{"name":"(anonymous_7)","decl":{"start":{"line":36,"column":77},"end":{"line":36,"column":78}},"loc":{"start":{"line":36,"column":97},"end":{"line":39,"column":5}},"line":36}},"branchMap":{"0":{"loc":{"start":{"line":9,"column":46},"end":{"line":9,"column":92}},"type":"cond-expr","locations":[{"start":{"line":9,"column":70},"end":{"line":9,"column":73}},{"start":{"line":9,"column":76},"end":{"line":9,"column":92}}],"line":9},"1":{"loc":{"start":{"line":9,"column":46},"end":{"line":9,"column":67}},"type":"binary-expr","locations":[{"start":{"line":9,"column":46},"end":{"line":9,"column":49}},{"start":{"line":9,"column":53},"end":{"line":9,"column":67}}],"line":9}},"s":{"0":1,"1":1,"2":1,"3":3,"4":1,"5":1,"6":1,"7":1,"8":1,"9":1,"10":0,"11":0,"12":1,"13":1,"14":0,"15":0,"16":1,"17":1,"18":0,"19":0},"f":{"0":3,"1":1,"2":1,"3":0,"4":1,"5":0,"6":1,"7":0},"b":{"0":[0,3],"1":[3,3]},"_coverageSchema":"43e27e138ebf9cfc5966b082cf9a028302ed4184","hash":"9ed104e93ea3ebb16ea5f733b201a7ddde2b1697","contentHash":"4924813463376d4fcbd842d3a3fea1013f9b3c80e7d63901e15daa158d85b1fe"},"C:\\Users\\propser\\Desktop\\TESTS\\p1003903\\EPICmail\\server\\tests\\usertests.js":{"path":"C:\\Users\\propser\\Desktop\\TESTS\\p1003903\\EPICmail\\server\\tests\\usertests.js","statementMap":{"0":{"start":{"line":3,"column":12},"end":{"line":3,"column":51}},"1":{"start":{"line":5,"column":16},"end":{"line":5,"column":60}},"2":{"start":{"line":7,"column":14},"end":{"line":7,"column":58}},"3":{"start":{"line":9,"column":39},"end":{"line":9,"column":93}},"4":{"start":{"line":12,"column":0},"end":{"line":12,"column":30}},"5":{"start":{"line":14,"column":13},"end":{"line":14,"column":33}},"6":{"start":{"line":16,"column":0},"end":{"line":16,"column":37}},"7":{"start":{"line":22,"column":0},"end":{"line":29,"column":3}},"8":{"start":{"line":23,"column":2},"end":{"line":28,"column":5}},"9":{"start":{"line":24,"column":4},"end":{"line":27,"column":7}},"10":{"start":{"line":25,"column":6},"end":{"line":25,"column":28}},"11":{"start":{"line":26,"column":6},"end":{"line":26,"column":45}}},"fnMap":{"0":{"name":"_interopRequireDefault","decl":{"start":{"line":9,"column":9},"end":{"line":9,"column":31}},"loc":{"start":{"line":9,"column":37},"end":{"line":9,"column":95}},"line":9},"1":{"name":"(anonymous_1)","decl":{"start":{"line":22,"column":23},"end":{"line":22,"column":24}},"loc":{"start":{"line":22,"column":35},"end":{"line":29,"column":1}},"line":22},"2":{"name":"(anonymous_2)","decl":{"start":{"line":23,"column":36},"end":{"line":23,"column":37}},"loc":{"start":{"line":23,"column":48},"end":{"line":28,"column":3}},"line":23},"3":{"name":"(anonymous_3)","decl":{"start":{"line":24,"column":76},"end":{"line":24,"column":77}},"loc":{"start":{"line":24,"column":96},"end":{"line":27,"column":5}},"line":24}},"branchMap":{"0":{"loc":{"start":{"line":9,"column":46},"end":{"line":9,"column":92}},"type":"cond-expr","locations":[{"start":{"line":9,"column":70},"end":{"line":9,"column":73}},{"start":{"line":9,"column":76},"end":{"line":9,"column":92}}],"line":9},"1":{"loc":{"start":{"line":9,"column":46},"end":{"line":9,"column":67}},"type":"binary-expr","locations":[{"start":{"line":9,"column":46},"end":{"line":9,"column":49}},{"start":{"line":9,"column":53},"end":{"line":9,"column":67}}],"line":9}},"s":{"0":1,"1":1,"2":1,"3":3,"4":1,"5":1,"6":1,"7":1,"8":1,"9":1,"10":0,"11":0},"f":{"0":3,"1":1,"2":1,"3":0},"b":{"0":[0,3],"1":[3,3]},"_coverageSchema":"43e27e138ebf9cfc5966b082cf9a028302ed4184","hash":"6d12037b264c2ea55ebb1c633e86459e3ae37388","contentHash":"8627fc8628d835c3c6863b5a1652c41beba63d47cea8c2a2e62c5bce9a2c1316"}}